CRITICAL - 2020-09-26 09:08:43 --> Invalid file: welcome_message.php
#0 C:\xampp\htdocs\blog\vendor\codeigniter4\framework\system\View\View.php(228): CodeIgniter\Exceptions\FrameworkException::forInvalidFile('welcome_message...')
#1 C:\xampp\htdocs\blog\vendor\codeigniter4\framework\system\Common.php(1119): CodeIgniter\View\View->render('welcome_message', Array, true)
#2 C:\xampp\htdocs\blog\app\Controllers\Home.php(7): view('welcome_message')
#3 C:\xampp\htdocs\blog\vendor\codeigniter4\framework\system\CodeIgniter.php(918): App\Controllers\Home->index()
#4 C:\xampp\htdocs\blog\vendor\codeigniter4\framework\system\CodeIgniter.php(404): CodeIgniter\CodeIgniter->runController(Object(App\Controllers\Home))
#5 C:\xampp\htdocs\blog\vendor\codeigniter4\framework\system\CodeIgniter.php(312): CodeIgniter\CodeIgniter->handleRequest(NULL, Object(Config\Cache), false)
#6 C:\xampp\htdocs\blog\public\index.php(45): CodeIgniter\CodeIgniter->run()
#7 {main}
CRITICAL - 2020-09-26 09:10:02 --> Invalid file: index.php
#0 C:\xampp\htdocs\blog\vendor\codeigniter4\framework\system\View\View.php(228): CodeIgniter\Exceptions\FrameworkException::forInvalidFile('index.php')
#1 C:\xampp\htdocs\blog\vendor\codeigniter4\framework\system\Common.php(1119): CodeIgniter\View\View->render('index', Array, true)
#2 C:\xampp\htdocs\blog\app\Controllers\Posts.php(7): view('index')
#3 C:\xampp\htdocs\blog\vendor\codeigniter4\framework\system\CodeIgniter.php(918): App\Controllers\Posts->index()
#4 C:\xampp\htdocs\blog\vendor\codeigniter4\framework\system\CodeIgniter.php(404): CodeIgniter\CodeIgniter->runController(Object(App\Controllers\Posts))
#5 C:\xampp\htdocs\blog\vendor\codeigniter4\framework\system\CodeIgniter.php(312): CodeIgniter\CodeIgniter->handleRequest(NULL, Object(Config\Cache), false)
#6 C:\xampp\htdocs\blog\public\index.php(45): CodeIgniter\CodeIgniter->run()
#7 {main}
CRITICAL - 2020-09-26 09:49:15 --> Invalid file: site/partials/head.php
#0 C:\xampp\htdocs\blog\vendor\codeigniter4\framework\system\View\View.php(228): CodeIgniter\Exceptions\FrameworkException::forInvalidFile('site/partials/h...')
#1 C:\xampp\htdocs\blog\vendor\codeigniter4\framework\system\Common.php(1119): CodeIgniter\View\View->render('site/partials/h...', Array, true)
#2 C:\xampp\htdocs\blog\app\Views\site\index.php(4): view('site/partials/h...')
#3 C:\xampp\htdocs\blog\vendor\codeigniter4\framework\system\View\View.php(246): include('C:\\xampp\\htdocs...')
#4 C:\xampp\htdocs\blog\vendor\codeigniter4\framework\system\Common.php(1119): CodeIgniter\View\View->render('site/index', Array, true)
#5 C:\xampp\htdocs\blog\app\Controllers\Posts.php(7): view('site/index')
#6 C:\xampp\htdocs\blog\vendor\codeigniter4\framework\system\CodeIgniter.php(918): App\Controllers\Posts->index()
#7 C:\xampp\htdocs\blog\vendor\codeigniter4\framework\system\CodeIgniter.php(404): CodeIgniter\CodeIgniter->runController(Object(App\Controllers\Posts))
#8 C:\xampp\htdocs\blog\vendor\codeigniter4\framework\system\CodeIgniter.php(312): CodeIgniter\CodeIgniter->handleRequest(NULL, Object(Config\Cache), false)
#9 C:\xampp\htdocs\blog\public\index.php(45): CodeIgniter\CodeIgniter->run()
#10 {main}
CRITICAL - 2020-09-26 09:49:34 --> Invalid file: /site/partials/head.php
#0 C:\xampp\htdocs\blog\vendor\codeigniter4\framework\system\View\View.php(228): CodeIgniter\Exceptions\FrameworkException::forInvalidFile('/site/partials/...')
#1 C:\xampp\htdocs\blog\vendor\codeigniter4\framework\system\Common.php(1119): CodeIgniter\View\View->render('/site/partials/...', Array, true)
#2 C:\xampp\htdocs\blog\app\Views\site\index.php(4): view('/site/partials/...')
#3 C:\xampp\htdocs\blog\vendor\codeigniter4\framework\system\View\View.php(246): include('C:\\xampp\\htdocs...')
#4 C:\xampp\htdocs\blog\vendor\codeigniter4\framework\system\Common.php(1119): CodeIgniter\View\View->render('site/index', Array, true)
#5 C:\xampp\htdocs\blog\app\Controllers\Posts.php(7): view('site/index')
#6 C:\xampp\htdocs\blog\vendor\codeigniter4\framework\system\CodeIgniter.php(918): App\Controllers\Posts->index()
#7 C:\xampp\htdocs\blog\vendor\codeigniter4\framework\system\CodeIgniter.php(404): CodeIgniter\CodeIgniter->runController(Object(App\Controllers\Posts))
#8 C:\xampp\htdocs\blog\vendor\codeigniter4\framework\system\CodeIgniter.php(312): CodeIgniter\CodeIgniter->handleRequest(NULL, Object(Config\Cache), false)
#9 C:\xampp\htdocs\blog\public\index.php(45): CodeIgniter\CodeIgniter->run()
#10 {main}
CRITICAL - 2020-09-26 10:02:48 --> Invalid file: includes/alert.php
#0 C:\xampp\htdocs\blog\vendor\codeigniter4\framework\system\View\View.php(228): CodeIgniter\Exceptions\FrameworkException::forInvalidFile('includes/alert....')
#1 C:\xampp\htdocs\blog\vendor\codeigniter4\framework\system\View\View.php(525): CodeIgniter\View\View->render('includes/alert', NULL, true)
#2 C:\xampp\htdocs\blog\app\Views\admin\includes\scripts.php(11): CodeIgniter\View\View->include('includes/alert')
#3 C:\xampp\htdocs\blog\vendor\codeigniter4\framework\system\View\View.php(246): include('C:\\xampp\\htdocs...')
#4 C:\xampp\htdocs\blog\vendor\codeigniter4\framework\system\View\View.php(525): CodeIgniter\View\View->render('admin/includes/...', NULL, true)
#5 C:\xampp\htdocs\blog\app\Views\admin\index.php(55): CodeIgniter\View\View->include('admin/includes/...')
#6 C:\xampp\htdocs\blog\vendor\codeigniter4\framework\system\View\View.php(246): include('C:\\xampp\\htdocs...')
#7 C:\xampp\htdocs\blog\vendor\codeigniter4\framework\system\View\View.php(257): CodeIgniter\View\View->render('admin/index', Array, true)
#8 C:\xampp\htdocs\blog\vendor\codeigniter4\framework\system\Common.php(1119): CodeIgniter\View\View->render('admin/pages/pos...', Array, true)
#9 C:\xampp\htdocs\blog\app\Controllers\Admin\Posts.php(20): view('admin/pages/pos...', Array)
#10 C:\xampp\htdocs\blog\vendor\codeigniter4\framework\system\CodeIgniter.php(918): App\Controllers\Admin\Posts->index()
#11 C:\xampp\htdocs\blog\vendor\codeigniter4\framework\system\CodeIgniter.php(404): CodeIgniter\CodeIgniter->runController(Object(App\Controllers\Admin\Posts))
#12 C:\xampp\htdocs\blog\vendor\codeigniter4\framework\system\CodeIgniter.php(312): CodeIgniter\CodeIgniter->handleRequest(NULL, Object(Config\Cache), false)
#13 C:\xampp\htdocs\blog\public\index.php(45): CodeIgniter\CodeIgniter->run()
#14 {main}
CRITICAL - 2020-09-26 10:03:48 --> Invalid file: includes/alert.php
#0 C:\xampp\htdocs\blog\vendor\codeigniter4\framework\system\View\View.php(228): CodeIgniter\Exceptions\FrameworkException::forInvalidFile('includes/alert....')
#1 C:\xampp\htdocs\blog\vendor\codeigniter4\framework\system\View\View.php(525): CodeIgniter\View\View->render('includes/alert', NULL, true)
#2 C:\xampp\htdocs\blog\app\Views\site\includes\scripts.php(11): CodeIgniter\View\View->include('includes/alert')
#3 C:\xampp\htdocs\blog\vendor\codeigniter4\framework\system\View\View.php(246): include('C:\\xampp\\htdocs...')
#4 C:\xampp\htdocs\blog\vendor\codeigniter4\framework\system\View\View.php(525): CodeIgniter\View\View->render('site/includes/s...', NULL, true)
#5 C:\xampp\htdocs\blog\app\Views\site\index.php(12): CodeIgniter\View\View->include('site/includes/s...')
#6 C:\xampp\htdocs\blog\vendor\codeigniter4\framework\system\View\View.php(246): include('C:\\xampp\\htdocs...')
#7 C:\xampp\htdocs\blog\vendor\codeigniter4\framework\system\Common.php(1119): CodeIgniter\View\View->render('site/index', Array, true)
#8 C:\xampp\htdocs\blog\app\Controllers\Posts.php(7): view('site/index')
#9 C:\xampp\htdocs\blog\vendor\codeigniter4\framework\system\CodeIgniter.php(918): App\Controllers\Posts->index()
#10 C:\xampp\htdocs\blog\vendor\codeigniter4\framework\system\CodeIgniter.php(404): CodeIgniter\CodeIgniter->runController(Object(App\Controllers\Posts))
#11 C:\xampp\htdocs\blog\vendor\codeigniter4\framework\system\CodeIgniter.php(312): CodeIgniter\CodeIgniter->handleRequest(NULL, Object(Config\Cache), false)
#12 C:\xampp\htdocs\blog\public\index.php(45): CodeIgniter\CodeIgniter->run()
#13 {main}
CRITICAL - 2020-09-26 10:03:56 --> Invalid file: includes/styles.php
#0 C:\xampp\htdocs\blog\vendor\codeigniter4\framework\system\View\View.php(228): CodeIgniter\Exceptions\FrameworkException::forInvalidFile('includes/styles...')
#1 C:\xampp\htdocs\blog\vendor\codeigniter4\framework\system\View\View.php(525): CodeIgniter\View\View->render('includes/styles', NULL, true)
#2 C:\xampp\htdocs\blog\app\Views\admin\login\login.php(10): CodeIgniter\View\View->include('includes/styles')
#3 C:\xampp\htdocs\blog\vendor\codeigniter4\framework\system\View\View.php(246): include('C:\\xampp\\htdocs...')
#4 C:\xampp\htdocs\blog\vendor\codeigniter4\framework\system\Common.php(1119): CodeIgniter\View\View->render('admin/login/log...', Array, true)
#5 C:\xampp\htdocs\blog\app\Controllers\Admin\Userop.php(16): view('admin/login/log...', Array)
#6 C:\xampp\htdocs\blog\vendor\codeigniter4\framework\system\CodeIgniter.php(918): App\Controllers\Admin\Userop->index()
#7 C:\xampp\htdocs\blog\vendor\codeigniter4\framework\system\CodeIgniter.php(404): CodeIgniter\CodeIgniter->runController(Object(App\Controllers\Admin\Userop))
#8 C:\xampp\htdocs\blog\vendor\codeigniter4\framework\system\CodeIgniter.php(312): CodeIgniter\CodeIgniter->handleRequest(NULL, Object(Config\Cache), false)
#9 C:\xampp\htdocs\blog\public\index.php(45): CodeIgniter\CodeIgniter->run()
#10 {main}
CRITICAL - 2020-09-26 10:04:00 --> Invalid file: includes/styles.php
#0 C:\xampp\htdocs\blog\vendor\codeigniter4\framework\system\View\View.php(228): CodeIgniter\Exceptions\FrameworkException::forInvalidFile('includes/styles...')
#1 C:\xampp\htdocs\blog\vendor\codeigniter4\framework\system\View\View.php(525): CodeIgniter\View\View->render('includes/styles', NULL, true)
#2 C:\xampp\htdocs\blog\app\Views\admin\login\login.php(10): CodeIgniter\View\View->include('includes/styles')
#3 C:\xampp\htdocs\blog\vendor\codeigniter4\framework\system\View\View.php(246): include('C:\\xampp\\htdocs...')
#4 C:\xampp\htdocs\blog\vendor\codeigniter4\framework\system\Common.php(1119): CodeIgniter\View\View->render('admin/login/log...', Array, true)
#5 C:\xampp\htdocs\blog\app\Controllers\Admin\Userop.php(16): view('admin/login/log...', Array)
#6 C:\xampp\htdocs\blog\vendor\codeigniter4\framework\system\CodeIgniter.php(918): App\Controllers\Admin\Userop->index()
#7 C:\xampp\htdocs\blog\vendor\codeigniter4\framework\system\CodeIgniter.php(404): CodeIgniter\CodeIgniter->runController(Object(App\Controllers\Admin\Userop))
#8 C:\xampp\htdocs\blog\vendor\codeigniter4\framework\system\CodeIgniter.php(312): CodeIgniter\CodeIgniter->handleRequest(NULL, Object(Config\Cache), false)
#9 C:\xampp\htdocs\blog\public\index.php(45): CodeIgniter\CodeIgniter->run()
#10 {main}
CRITICAL - 2020-09-26 10:13:13 --> Invalid file: includes/alert.php
#0 C:\xampp\htdocs\blog\vendor\codeigniter4\framework\system\View\View.php(228): CodeIgniter\Exceptions\FrameworkException::forInvalidFile('includes/alert....')
#1 C:\xampp\htdocs\blog\vendor\codeigniter4\framework\system\View\View.php(525): CodeIgniter\View\View->render('includes/alert', NULL, true)
#2 C:\xampp\htdocs\blog\app\Views\site\includes\scripts.php(11): CodeIgniter\View\View->include('includes/alert')
#3 C:\xampp\htdocs\blog\vendor\codeigniter4\framework\system\View\View.php(246): include('C:\\xampp\\htdocs...')
#4 C:\xampp\htdocs\blog\vendor\codeigniter4\framework\system\View\View.php(525): CodeIgniter\View\View->render('site/includes/s...', NULL, true)
#5 C:\xampp\htdocs\blog\app\Views\site\index.php(12): CodeIgniter\View\View->include('site/includes/s...')
#6 C:\xampp\htdocs\blog\vendor\codeigniter4\framework\system\View\View.php(246): include('C:\\xampp\\htdocs...')
#7 C:\xampp\htdocs\blog\vendor\codeigniter4\framework\system\Common.php(1119): CodeIgniter\View\View->render('site/index', Array, true)
#8 C:\xampp\htdocs\blog\app\Controllers\Posts.php(7): view('site/index')
#9 C:\xampp\htdocs\blog\vendor\codeigniter4\framework\system\CodeIgniter.php(918): App\Controllers\Posts->index()
#10 C:\xampp\htdocs\blog\vendor\codeigniter4\framework\system\CodeIgniter.php(404): CodeIgniter\CodeIgniter->runController(Object(App\Controllers\Posts))
#11 C:\xampp\htdocs\blog\vendor\codeigniter4\framework\system\CodeIgniter.php(312): CodeIgniter\CodeIgniter->handleRequest(NULL, Object(Config\Cache), false)
#12 C:\xampp\htdocs\blog\public\index.php(45): CodeIgniter\CodeIgniter->run()
#13 {main}
CRITICAL - 2020-09-26 10:14:39 --> Invalid file: includes/alert.php
#0 C:\xampp\htdocs\blog\vendor\codeigniter4\framework\system\View\View.php(228): CodeIgniter\Exceptions\FrameworkException::forInvalidFile('includes/alert....')
#1 C:\xampp\htdocs\blog\vendor\codeigniter4\framework\system\View\View.php(525): CodeIgniter\View\View->render('includes/alert', NULL, true)
#2 C:\xampp\htdocs\blog\app\Views\site\includes\scripts.php(10): CodeIgniter\View\View->include('includes/alert')
#3 C:\xampp\htdocs\blog\vendor\codeigniter4\framework\system\View\View.php(246): include('C:\\xampp\\htdocs...')
#4 C:\xampp\htdocs\blog\vendor\codeigniter4\framework\system\View\View.php(525): CodeIgniter\View\View->render('site/includes/s...', NULL, true)
#5 C:\xampp\htdocs\blog\app\Views\site\index.php(12): CodeIgniter\View\View->include('site/includes/s...')
#6 C:\xampp\htdocs\blog\vendor\codeigniter4\framework\system\View\View.php(246): include('C:\\xampp\\htdocs...')
#7 C:\xampp\htdocs\blog\vendor\codeigniter4\framework\system\Common.php(1119): CodeIgniter\View\View->render('site/index', Array, true)
#8 C:\xampp\htdocs\blog\app\Controllers\Posts.php(7): view('site/index')
#9 C:\xampp\htdocs\blog\vendor\codeigniter4\framework\system\CodeIgniter.php(918): App\Controllers\Posts->index()
#10 C:\xampp\htdocs\blog\vendor\codeigniter4\framework\system\CodeIgniter.php(404): CodeIgniter\CodeIgniter->runController(Object(App\Controllers\Posts))
#11 C:\xampp\htdocs\blog\vendor\codeigniter4\framework\system\CodeIgniter.php(312): CodeIgniter\CodeIgniter->handleRequest(NULL, Object(Config\Cache), false)
#12 C:\xampp\htdocs\blog\public\index.php(45): CodeIgniter\CodeIgniter->run()
#13 {main}
CRITICAL - 2020-09-26 12:35:15 --> include(site/includes/styles): failed to open stream: No such file or directory
#0 C:\xampp\htdocs\blog\app\Views\site\partials\head.php(10): CodeIgniter\Debug\Exceptions->errorHandler(2, 'include(site/in...', 'C:\\xampp\\htdocs...', 10, Array)
#1 C:\xampp\htdocs\blog\app\Views\site\partials\head.php(10): include()
#2 C:\xampp\htdocs\blog\vendor\codeigniter4\framework\system\View\View.php(246): include('C:\\xampp\\htdocs...')
#3 C:\xampp\htdocs\blog\vendor\codeigniter4\framework\system\Common.php(1119): CodeIgniter\View\View->render('site/partials/h...', Array, true)
#4 C:\xampp\htdocs\blog\app\Views\site\index.php(4): view('site/partials/h...')
#5 C:\xampp\htdocs\blog\vendor\codeigniter4\framework\system\View\View.php(246): include('C:\\xampp\\htdocs...')
#6 C:\xampp\htdocs\blog\vendor\codeigniter4\framework\system\Common.php(1119): CodeIgniter\View\View->render('site/index', Array, true)
#7 C:\xampp\htdocs\blog\app\Controllers\Posts.php(7): view('site/index')
#8 C:\xampp\htdocs\blog\vendor\codeigniter4\framework\system\CodeIgniter.php(918): App\Controllers\Posts->index()
#9 C:\xampp\htdocs\blog\vendor\codeigniter4\framework\system\CodeIgniter.php(404): CodeIgniter\CodeIgniter->runController(Object(App\Controllers\Posts))
#10 C:\xampp\htdocs\blog\vendor\codeigniter4\framework\system\CodeIgniter.php(312): CodeIgniter\CodeIgniter->handleRequest(NULL, Object(Config\Cache), false)
#11 C:\xampp\htdocs\blog\public\index.php(45): CodeIgniter\CodeIgniter->run()
#12 {main}
CRITICAL - 2020-09-26 12:35:34 --> include(/site/includes/styles): failed to open stream: No such file or directory
#0 C:\xampp\htdocs\blog\app\Views\site\partials\head.php(10): CodeIgniter\Debug\Exceptions->errorHandler(2, 'include(/site/i...', 'C:\\xampp\\htdocs...', 10, Array)
#1 C:\xampp\htdocs\blog\app\Views\site\partials\head.php(10): include()
#2 C:\xampp\htdocs\blog\vendor\codeigniter4\framework\system\View\View.php(246): include('C:\\xampp\\htdocs...')
#3 C:\xampp\htdocs\blog\vendor\codeigniter4\framework\system\Common.php(1119): CodeIgniter\View\View->render('site/partials/h...', Array, true)
#4 C:\xampp\htdocs\blog\app\Views\site\index.php(4): view('site/partials/h...')
#5 C:\xampp\htdocs\blog\vendor\codeigniter4\framework\system\View\View.php(246): include('C:\\xampp\\htdocs...')
#6 C:\xampp\htdocs\blog\vendor\codeigniter4\framework\system\Common.php(1119): CodeIgniter\View\View->render('site/index', Array, true)
#7 C:\xampp\htdocs\blog\app\Controllers\Posts.php(7): view('site/index')
#8 C:\xampp\htdocs\blog\vendor\codeigniter4\framework\system\CodeIgniter.php(918): App\Controllers\Posts->index()
#9 C:\xampp\htdocs\blog\vendor\codeigniter4\framework\system\CodeIgniter.php(404): CodeIgniter\CodeIgniter->runController(Object(App\Controllers\Posts))
#10 C:\xampp\htdocs\blog\vendor\codeigniter4\framework\system\CodeIgniter.php(312): CodeIgniter\CodeIgniter->handleRequest(NULL, Object(Config\Cache), false)
#11 C:\xampp\htdocs\blog\public\index.php(45): CodeIgniter\CodeIgniter->run()
#12 {main}
CRITICAL - 2020-09-26 12:36:00 --> include(includes/styles): failed to open stream: No such file or directory
#0 C:\xampp\htdocs\blog\app\Views\site\partials\head.php(10): CodeIgniter\Debug\Exceptions->errorHandler(2, 'include(include...', 'C:\\xampp\\htdocs...', 10, Array)
#1 C:\xampp\htdocs\blog\app\Views\site\partials\head.php(10): include()
#2 C:\xampp\htdocs\blog\vendor\codeigniter4\framework\system\View\View.php(246): include('C:\\xampp\\htdocs...')
#3 C:\xampp\htdocs\blog\vendor\codeigniter4\framework\system\Common.php(1119): CodeIgniter\View\View->render('site/partials/h...', Array, true)
#4 C:\xampp\htdocs\blog\app\Views\site\index.php(4): view('site/partials/h...')
#5 C:\xampp\htdocs\blog\vendor\codeigniter4\framework\system\View\View.php(246): include('C:\\xampp\\htdocs...')
#6 C:\xampp\htdocs\blog\vendor\codeigniter4\framework\system\Common.php(1119): CodeIgniter\View\View->render('site/index', Array, true)
#7 C:\xampp\htdocs\blog\app\Controllers\Posts.php(7): view('site/index')
#8 C:\xampp\htdocs\blog\vendor\codeigniter4\framework\system\CodeIgniter.php(918): App\Controllers\Posts->index()
#9 C:\xampp\htdocs\blog\vendor\codeigniter4\framework\system\CodeIgniter.php(404): CodeIgniter\CodeIgniter->runController(Object(App\Controllers\Posts))
#10 C:\xampp\htdocs\blog\vendor\codeigniter4\framework\system\CodeIgniter.php(312): CodeIgniter\CodeIgniter->handleRequest(NULL, Object(Config\Cache), false)
#11 C:\xampp\htdocs\blog\public\index.php(45): CodeIgniter\CodeIgniter->run()
#12 {main}
CRITICAL - 2020-09-26 12:36:04 --> include(/includes/styles): failed to open stream: No such file or directory
#0 C:\xampp\htdocs\blog\app\Views\site\partials\head.php(10): CodeIgniter\Debug\Exceptions->errorHandler(2, 'include(/includ...', 'C:\\xampp\\htdocs...', 10, Array)
#1 C:\xampp\htdocs\blog\app\Views\site\partials\head.php(10): include()
#2 C:\xampp\htdocs\blog\vendor\codeigniter4\framework\system\View\View.php(246): include('C:\\xampp\\htdocs...')
#3 C:\xampp\htdocs\blog\vendor\codeigniter4\framework\system\Common.php(1119): CodeIgniter\View\View->render('site/partials/h...', Array, true)
#4 C:\xampp\htdocs\blog\app\Views\site\index.php(4): view('site/partials/h...')
#5 C:\xampp\htdocs\blog\vendor\codeigniter4\framework\system\View\View.php(246): include('C:\\xampp\\htdocs...')
#6 C:\xampp\htdocs\blog\vendor\codeigniter4\framework\system\Common.php(1119): CodeIgniter\View\View->render('site/index', Array, true)
#7 C:\xampp\htdocs\blog\app\Controllers\Posts.php(7): view('site/index')
#8 C:\xampp\htdocs\blog\vendor\codeigniter4\framework\system\CodeIgniter.php(918): App\Controllers\Posts->index()
#9 C:\xampp\htdocs\blog\vendor\codeigniter4\framework\system\CodeIgniter.php(404): CodeIgniter\CodeIgniter->runController(Object(App\Controllers\Posts))
#10 C:\xampp\htdocs\blog\vendor\codeigniter4\framework\system\CodeIgniter.php(312): CodeIgniter\CodeIgniter->handleRequest(NULL, Object(Config\Cache), false)
#11 C:\xampp\htdocs\blog\public\index.php(45): CodeIgniter\CodeIgniter->run()
#12 {main}
CRITICAL - 2020-09-26 12:36:10 --> include(site/includes/styles): failed to open stream: No such file or directory
#0 C:\xampp\htdocs\blog\app\Views\site\partials\head.php(10): CodeIgniter\Debug\Exceptions->errorHandler(2, 'include(site/in...', 'C:\\xampp\\htdocs...', 10, Array)
#1 C:\xampp\htdocs\blog\app\Views\site\partials\head.php(10): include()
#2 C:\xampp\htdocs\blog\vendor\codeigniter4\framework\system\View\View.php(246): include('C:\\xampp\\htdocs...')
#3 C:\xampp\htdocs\blog\vendor\codeigniter4\framework\system\Common.php(1119): CodeIgniter\View\View->render('site/partials/h...', Array, true)
#4 C:\xampp\htdocs\blog\app\Views\site\index.php(4): view('site/partials/h...')
#5 C:\xampp\htdocs\blog\vendor\codeigniter4\framework\system\View\View.php(246): include('C:\\xampp\\htdocs...')
#6 C:\xampp\htdocs\blog\vendor\codeigniter4\framework\system\Common.php(1119): CodeIgniter\View\View->render('site/index', Array, true)
#7 C:\xampp\htdocs\blog\app\Controllers\Posts.php(7): view('site/index')
#8 C:\xampp\htdocs\blog\vendor\codeigniter4\framework\system\CodeIgniter.php(918): App\Controllers\Posts->index()
#9 C:\xampp\htdocs\blog\vendor\codeigniter4\framework\system\CodeIgniter.php(404): CodeIgniter\CodeIgniter->runController(Object(App\Controllers\Posts))
#10 C:\xampp\htdocs\blog\vendor\codeigniter4\framework\system\CodeIgniter.php(312): CodeIgniter\CodeIgniter->handleRequest(NULL, Object(Config\Cache), false)
#11 C:\xampp\htdocs\blog\public\index.php(45): CodeIgniter\CodeIgniter->run()
#12 {main}
CRITICAL - 2020-09-26 16:06:03 --> Invalid file: site/widgets/pageHeader.php
#0 C:\xampp\htdocs\blog\vendor\codeigniter4\framework\system\View\View.php(228): CodeIgniter\Exceptions\FrameworkException::forInvalidFile('site/widgets/pa...')
#1 C:\xampp\htdocs\blog\vendor\codeigniter4\framework\system\Common.php(1119): CodeIgniter\View\View->render('site/widgets/pa...', Array, true)
#2 C:\xampp\htdocs\blog\app\Views\site\index.php(8): view('site/widgets/pa...')
#3 C:\xampp\htdocs\blog\vendor\codeigniter4\framework\system\View\View.php(246): include('C:\\xampp\\htdocs...')
#4 C:\xampp\htdocs\blog\vendor\codeigniter4\framework\system\View\View.php(257): CodeIgniter\View\View->render('site/index', Array, true)
#5 C:\xampp\htdocs\blog\vendor\codeigniter4\framework\system\Common.php(1119): CodeIgniter\View\View->render('site/pages/home', Array, true)
#6 C:\xampp\htdocs\blog\app\Controllers\Site\Home.php(13): view('site/pages/home', Array)
#7 C:\xampp\htdocs\blog\vendor\codeigniter4\framework\system\CodeIgniter.php(918): App\Controllers\Site\Home->index()
#8 C:\xampp\htdocs\blog\vendor\codeigniter4\framework\system\CodeIgniter.php(404): CodeIgniter\CodeIgniter->runController(Object(App\Controllers\Site\Home))
#9 C:\xampp\htdocs\blog\vendor\codeigniter4\framework\system\CodeIgniter.php(312): CodeIgniter\CodeIgniter->handleRequest(NULL, Object(Config\Cache), false)
#10 C:\xampp\htdocs\blog\public\index.php(45): CodeIgniter\CodeIgniter->run()
#11 {main}
CRITICAL - 2020-09-26 16:33:02 --> Undefined variable: post
#0 C:\xampp\htdocs\blog\app\Views\site\components\postSneak.php(4): CodeIgniter\Debug\Exceptions->errorHandler(8, 'Undefined varia...', 'C:\\xampp\\htdocs...', 4, Array)
#1 C:\xampp\htdocs\blog\vendor\codeigniter4\framework\system\View\View.php(246): include('C:\\xampp\\htdocs...')
#2 C:\xampp\htdocs\blog\vendor\codeigniter4\framework\system\Common.php(1119): CodeIgniter\View\View->render('site/components...', Array, true)
#3 C:\xampp\htdocs\blog\app\Views\site\pages\home.php(12): view('site/components...')
#4 C:\xampp\htdocs\blog\vendor\codeigniter4\framework\system\View\View.php(246): include('C:\\xampp\\htdocs...')
#5 C:\xampp\htdocs\blog\vendor\codeigniter4\framework\system\Common.php(1119): CodeIgniter\View\View->render('site/pages/home', Array, true)
#6 C:\xampp\htdocs\blog\app\Controllers\Site\Home.php(16): view('site/pages/home', Array)
#7 C:\xampp\htdocs\blog\vendor\codeigniter4\framework\system\CodeIgniter.php(918): App\Controllers\Site\Home->index()
#8 C:\xampp\htdocs\blog\vendor\codeigniter4\framework\system\CodeIgniter.php(404): CodeIgniter\CodeIgniter->runController(Object(App\Controllers\Site\Home))
#9 C:\xampp\htdocs\blog\vendor\codeigniter4\framework\system\CodeIgniter.php(312): CodeIgniter\CodeIgniter->handleRequest(NULL, Object(Config\Cache), false)
#10 C:\xampp\htdocs\blog\public\index.php(45): CodeIgniter\CodeIgniter->run()
#11 {main}
CRITICAL - 2020-09-26 16:33:23 --> Undefined variable: post
#0 C:\xampp\htdocs\blog\app\Views\site\components\postSneak.php(4): CodeIgniter\Debug\Exceptions->errorHandler(8, 'Undefined varia...', 'C:\\xampp\\htdocs...', 4, Array)
#1 C:\xampp\htdocs\blog\vendor\codeigniter4\framework\system\View\View.php(246): include('C:\\xampp\\htdocs...')
#2 C:\xampp\htdocs\blog\vendor\codeigniter4\framework\system\Common.php(1119): CodeIgniter\View\View->render('site/components...', Array, true)
#3 C:\xampp\htdocs\blog\app\Views\site\pages\home.php(12): view('site/components...')
#4 C:\xampp\htdocs\blog\vendor\codeigniter4\framework\system\View\View.php(246): include('C:\\xampp\\htdocs...')
#5 C:\xampp\htdocs\blog\vendor\codeigniter4\framework\system\Common.php(1119): CodeIgniter\View\View->render('site/pages/home', Array, true)
#6 C:\xampp\htdocs\blog\app\Controllers\Site\Home.php(16): view('site/pages/home', Array)
#7 C:\xampp\htdocs\blog\vendor\codeigniter4\framework\system\CodeIgniter.php(918): App\Controllers\Site\Home->index()
#8 C:\xampp\htdocs\blog\vendor\codeigniter4\framework\system\CodeIgniter.php(404): CodeIgniter\CodeIgniter->runController(Object(App\Controllers\Site\Home))
#9 C:\xampp\htdocs\blog\vendor\codeigniter4\framework\system\CodeIgniter.php(312): CodeIgniter\CodeIgniter->handleRequest(NULL, Object(Config\Cache), false)
#10 C:\xampp\htdocs\blog\public\index.php(45): CodeIgniter\CodeIgniter->run()
#11 {main}
CRITICAL - 2020-09-26 16:33:32 --> Call to undefined function character_limiter()
#0 C:\xampp\htdocs\blog\vendor\codeigniter4\framework\system\View\View.php(246): include()
#1 C:\xampp\htdocs\blog\vendor\codeigniter4\framework\system\Common.php(1119): CodeIgniter\View\View->render('site/components...', Array, true)
#2 C:\xampp\htdocs\blog\app\Views\site\pages\home.php(12): view('site/components...')
#3 C:\xampp\htdocs\blog\vendor\codeigniter4\framework\system\View\View.php(246): include('C:\\xampp\\htdocs...')
#4 C:\xampp\htdocs\blog\vendor\codeigniter4\framework\system\Common.php(1119): CodeIgniter\View\View->render('site/pages/home', Array, true)
#5 C:\xampp\htdocs\blog\app\Controllers\Site\Home.php(16): view('site/pages/home', Array)
#6 C:\xampp\htdocs\blog\vendor\codeigniter4\framework\system\CodeIgniter.php(918): App\Controllers\Site\Home->index()
#7 C:\xampp\htdocs\blog\vendor\codeigniter4\framework\system\CodeIgniter.php(404): CodeIgniter\CodeIgniter->runController(Object(App\Controllers\Site\Home))
#8 C:\xampp\htdocs\blog\vendor\codeigniter4\framework\system\CodeIgniter.php(312): CodeIgniter\CodeIgniter->handleRequest(NULL, Object(Config\Cache), false)
#9 C:\xampp\htdocs\blog\public\index.php(45): CodeIgniter\CodeIgniter->run()
#10 {main}
CRITICAL - 2020-09-26 16:33:49 --> Call to undefined function character_limiter()
#0 C:\xampp\htdocs\blog\vendor\codeigniter4\framework\system\View\View.php(246): include()
#1 C:\xampp\htdocs\blog\vendor\codeigniter4\framework\system\Common.php(1119): CodeIgniter\View\View->render('site/components...', Array, true)
#2 C:\xampp\htdocs\blog\app\Views\site\pages\home.php(12): view('site/components...', Array)
#3 C:\xampp\htdocs\blog\vendor\codeigniter4\framework\system\View\View.php(246): include('C:\\xampp\\htdocs...')
#4 C:\xampp\htdocs\blog\vendor\codeigniter4\framework\system\Common.php(1119): CodeIgniter\View\View->render('site/pages/home', Array, true)
#5 C:\xampp\htdocs\blog\app\Controllers\Site\Home.php(16): view('site/pages/home', Array)
#6 C:\xampp\htdocs\blog\vendor\codeigniter4\framework\system\CodeIgniter.php(918): App\Controllers\Site\Home->index()
#7 C:\xampp\htdocs\blog\vendor\codeigniter4\framework\system\CodeIgniter.php(404): CodeIgniter\CodeIgniter->runController(Object(App\Controllers\Site\Home))
#8 C:\xampp\htdocs\blog\vendor\codeigniter4\framework\system\CodeIgniter.php(312): CodeIgniter\CodeIgniter->handleRequest(NULL, Object(Config\Cache), false)
#9 C:\xampp\htdocs\blog\public\index.php(45): CodeIgniter\CodeIgniter->run()
#10 {main}
CRITICAL - 2020-09-26 16:35:43 --> Call to undefined function character_limiter()
#0 C:\xampp\htdocs\blog\vendor\codeigniter4\framework\system\View\View.php(246): include()
#1 C:\xampp\htdocs\blog\vendor\codeigniter4\framework\system\Common.php(1119): CodeIgniter\View\View->render('site/components...', Array, true)
#2 C:\xampp\htdocs\blog\app\Views\site\pages\home.php(12): view('site/components...', Array)
#3 C:\xampp\htdocs\blog\vendor\codeigniter4\framework\system\View\View.php(246): include('C:\\xampp\\htdocs...')
#4 C:\xampp\htdocs\blog\vendor\codeigniter4\framework\system\Common.php(1119): CodeIgniter\View\View->render('site/pages/home', Array, true)
#5 C:\xampp\htdocs\blog\app\Controllers\Site\Home.php(16): view('site/pages/home', Array)
#6 C:\xampp\htdocs\blog\vendor\codeigniter4\framework\system\CodeIgniter.php(918): App\Controllers\Site\Home->index()
#7 C:\xampp\htdocs\blog\vendor\codeigniter4\framework\system\CodeIgniter.php(404): CodeIgniter\CodeIgniter->runController(Object(App\Controllers\Site\Home))
#8 C:\xampp\htdocs\blog\vendor\codeigniter4\framework\system\CodeIgniter.php(312): CodeIgniter\CodeIgniter->handleRequest(NULL, Object(Config\Cache), false)
#9 C:\xampp\htdocs\blog\public\index.php(45): CodeIgniter\CodeIgniter->run()
#10 {main}
CRITICAL - 2020-09-26 16:38:45 --> Call to undefined function character_limiter()
#0 C:\xampp\htdocs\blog\vendor\codeigniter4\framework\system\View\View.php(246): include()
#1 C:\xampp\htdocs\blog\vendor\codeigniter4\framework\system\Common.php(1119): CodeIgniter\View\View->render('site/components...', Array, true)
#2 C:\xampp\htdocs\blog\app\Views\site\pages\home.php(12): view('site/components...', Array)
#3 C:\xampp\htdocs\blog\vendor\codeigniter4\framework\system\View\View.php(246): include('C:\\xampp\\htdocs...')
#4 C:\xampp\htdocs\blog\vendor\codeigniter4\framework\system\Common.php(1119): CodeIgniter\View\View->render('site/pages/home', Array, true)
#5 C:\xampp\htdocs\blog\app\Controllers\Site\Home.php(16): view('site/pages/home', Array)
#6 C:\xampp\htdocs\blog\vendor\codeigniter4\framework\system\CodeIgniter.php(918): App\Controllers\Site\Home->index()
#7 C:\xampp\htdocs\blog\vendor\codeigniter4\framework\system\CodeIgniter.php(404): CodeIgniter\CodeIgniter->runController(Object(App\Controllers\Site\Home))
#8 C:\xampp\htdocs\blog\vendor\codeigniter4\framework\system\CodeIgniter.php(312): CodeIgniter\CodeIgniter->handleRequest(NULL, Object(Config\Cache), false)
#9 C:\xampp\htdocs\blog\public\index.php(45): CodeIgniter\CodeIgniter->run()
#10 {main}
CRITICAL - 2020-09-26 21:27:29 --> Undefined variable: settings
#0 C:\xampp\htdocs\blog\app\Views\site\partials\pageHeader.php(8): CodeIgniter\Debug\Exceptions->errorHandler(8, 'Undefined varia...', 'C:\\xampp\\htdocs...', 8, Array)
#1 C:\xampp\htdocs\blog\vendor\codeigniter4\framework\system\View\View.php(246): include('C:\\xampp\\htdocs...')
#2 C:\xampp\htdocs\blog\vendor\codeigniter4\framework\system\Common.php(1119): CodeIgniter\View\View->render('site/partials/p...', Array, true)
#3 C:\xampp\htdocs\blog\app\Views\site\index.php(8): view('site/partials/p...')
#4 C:\xampp\htdocs\blog\vendor\codeigniter4\framework\system\View\View.php(246): include('C:\\xampp\\htdocs...')
#5 C:\xampp\htdocs\blog\vendor\codeigniter4\framework\system\View\View.php(257): CodeIgniter\View\View->render('site/index', Array, true)
#6 C:\xampp\htdocs\blog\vendor\codeigniter4\framework\system\Common.php(1119): CodeIgniter\View\View->render('site/pages/home', Array, true)
#7 C:\xampp\htdocs\blog\app\Controllers\Site\Home.php(19): view('site/pages/home', Array)
#8 C:\xampp\htdocs\blog\vendor\codeigniter4\framework\system\CodeIgniter.php(918): App\Controllers\Site\Home->index()
#9 C:\xampp\htdocs\blog\vendor\codeigniter4\framework\system\CodeIgniter.php(404): CodeIgniter\CodeIgniter->runController(Object(App\Controllers\Site\Home))
#10 C:\xampp\htdocs\blog\vendor\codeigniter4\framework\system\CodeIgniter.php(312): CodeIgniter\CodeIgniter->handleRequest(NULL, Object(Config\Cache), false)
#11 C:\xampp\htdocs\blog\public\index.php(45): CodeIgniter\CodeIgniter->run()
#12 {main}
CRITICAL - 2020-09-26 23:20:28 --> Trying to access array offset on value of type null
#0 C:\xampp\htdocs\blog\app\Controllers\Site\Home.php(33): CodeIgniter\Debug\Exceptions->errorHandler(8, 'Trying to acces...', 'C:\\xampp\\htdocs...', 33, Array)
#1 C:\xampp\htdocs\blog\vendor\codeigniter4\framework\system\CodeIgniter.php(918): App\Controllers\Site\Home->index()
#2 C:\xampp\htdocs\blog\vendor\codeigniter4\framework\system\CodeIgniter.php(404): CodeIgniter\CodeIgniter->runController(Object(App\Controllers\Site\Home))
#3 C:\xampp\htdocs\blog\vendor\codeigniter4\framework\system\CodeIgniter.php(312): CodeIgniter\CodeIgniter->handleRequest(NULL, Object(Config\Cache), false)
#4 C:\xampp\htdocs\blog\public\index.php(45): CodeIgniter\CodeIgniter->run()
#5 {main}
