CRITICAL - 2020-09-25 14:28:42 --> Call to undefined method CodeIgniter\Session\Session::ger()
#0 C:\xampp\htdocs\blog\vendor\codeigniter4\framework\system\Filters\Filters.php(173): App\Filters\Auth->before(Object(CodeIgniter\HTTP\IncomingRequest), NULL)
#1 C:\xampp\htdocs\blog\vendor\codeigniter4\framework\system\CodeIgniter.php(382): CodeIgniter\Filters\Filters->run('admin/post/list', 'before')
#2 C:\xampp\htdocs\blog\vendor\codeigniter4\framework\system\CodeIgniter.php(312): CodeIgniter\CodeIgniter->handleRequest(NULL, Object(Config\Cache), false)
#3 C:\xampp\htdocs\blog\public\index.php(45): CodeIgniter\CodeIgniter->run()
#4 {main}
CRITICAL - 2020-09-25 14:35:12 --> Undefined variable: userData
#0 C:\xampp\htdocs\blog\app\Filters\Auth.php(14): CodeIgniter\Debug\Exceptions->errorHandler(8, 'Undefined varia...', 'C:\\xampp\\htdocs...', 14, Array)
#1 C:\xampp\htdocs\blog\vendor\codeigniter4\framework\system\Filters\Filters.php(173): App\Filters\Auth->before(Object(CodeIgniter\HTTP\IncomingRequest), NULL)
#2 C:\xampp\htdocs\blog\vendor\codeigniter4\framework\system\CodeIgniter.php(382): CodeIgniter\Filters\Filters->run('admin/post/list', 'before')
#3 C:\xampp\htdocs\blog\vendor\codeigniter4\framework\system\CodeIgniter.php(312): CodeIgniter\CodeIgniter->handleRequest(NULL, Object(Config\Cache), false)
#4 C:\xampp\htdocs\blog\public\index.php(45): CodeIgniter\CodeIgniter->run()
#5 {main}
CRITICAL - 2020-09-25 15:27:11 --> Trying to access array offset on value of type null
#0 C:\xampp\htdocs\blog\app\Controllers\Admin\Categories.php(102): CodeIgniter\Debug\Exceptions->errorHandler(8, 'Trying to acces...', 'C:\\xampp\\htdocs...', 102, Array)
#1 C:\xampp\htdocs\blog\app\Controllers\Admin\Categories.php(21): App\Controllers\Admin\Categories->get_datas()
#2 C:\xampp\htdocs\blog\vendor\codeigniter4\framework\system\CodeIgniter.php(918): App\Controllers\Admin\Categories->add()
#3 C:\xampp\htdocs\blog\vendor\codeigniter4\framework\system\CodeIgniter.php(404): CodeIgniter\CodeIgniter->runController(Object(App\Controllers\Admin\Categories))
#4 C:\xampp\htdocs\blog\vendor\codeigniter4\framework\system\CodeIgniter.php(312): CodeIgniter\CodeIgniter->handleRequest(NULL, Object(Config\Cache), false)
#5 C:\xampp\htdocs\blog\public\index.php(45): CodeIgniter\CodeIgniter->run()
#6 {main}
CRITICAL - 2020-09-25 15:27:59 --> Trying to access array offset on value of type null
#0 C:\xampp\htdocs\blog\app\Controllers\Admin\Categories.php(102): CodeIgniter\Debug\Exceptions->errorHandler(8, 'Trying to acces...', 'C:\\xampp\\htdocs...', 102, Array)
#1 C:\xampp\htdocs\blog\app\Controllers\Admin\Categories.php(21): App\Controllers\Admin\Categories->get_datas()
#2 C:\xampp\htdocs\blog\vendor\codeigniter4\framework\system\CodeIgniter.php(918): App\Controllers\Admin\Categories->add()
#3 C:\xampp\htdocs\blog\vendor\codeigniter4\framework\system\CodeIgniter.php(404): CodeIgniter\CodeIgniter->runController(Object(App\Controllers\Admin\Categories))
#4 C:\xampp\htdocs\blog\vendor\codeigniter4\framework\system\CodeIgniter.php(312): CodeIgniter\CodeIgniter->handleRequest(NULL, Object(Config\Cache), false)
#5 C:\xampp\htdocs\blog\public\index.php(45): CodeIgniter\CodeIgniter->run()
#6 {main}
CRITICAL - 2020-09-25 15:31:43 --> Trying to access array offset on value of type null
#0 C:\xampp\htdocs\blog\app\Controllers\Admin\Categories.php(102): CodeIgniter\Debug\Exceptions->errorHandler(8, 'Trying to acces...', 'C:\\xampp\\htdocs...', 102, Array)
#1 C:\xampp\htdocs\blog\app\Controllers\Admin\Categories.php(21): App\Controllers\Admin\Categories->get_datas()
#2 C:\xampp\htdocs\blog\vendor\codeigniter4\framework\system\CodeIgniter.php(918): App\Controllers\Admin\Categories->add()
#3 C:\xampp\htdocs\blog\vendor\codeigniter4\framework\system\CodeIgniter.php(404): CodeIgniter\CodeIgniter->runController(Object(App\Controllers\Admin\Categories))
#4 C:\xampp\htdocs\blog\vendor\codeigniter4\framework\system\CodeIgniter.php(312): CodeIgniter\CodeIgniter->handleRequest(NULL, Object(Config\Cache), false)
#5 C:\xampp\htdocs\blog\public\index.php(45): CodeIgniter\CodeIgniter->run()
#6 {main}
CRITICAL - 2020-09-25 15:32:38 --> Trying to access array offset on value of type null
#0 C:\xampp\htdocs\blog\app\Controllers\Admin\Categories.php(102): CodeIgniter\Debug\Exceptions->errorHandler(8, 'Trying to acces...', 'C:\\xampp\\htdocs...', 102, Array)
#1 C:\xampp\htdocs\blog\app\Controllers\Admin\Categories.php(21): App\Controllers\Admin\Categories->get_datas()
#2 C:\xampp\htdocs\blog\vendor\codeigniter4\framework\system\CodeIgniter.php(918): App\Controllers\Admin\Categories->add()
#3 C:\xampp\htdocs\blog\vendor\codeigniter4\framework\system\CodeIgniter.php(404): CodeIgniter\CodeIgniter->runController(Object(App\Controllers\Admin\Categories))
#4 C:\xampp\htdocs\blog\vendor\codeigniter4\framework\system\CodeIgniter.php(312): CodeIgniter\CodeIgniter->handleRequest(NULL, Object(Config\Cache), false)
#5 C:\xampp\htdocs\blog\public\index.php(45): CodeIgniter\CodeIgniter->run()
#6 {main}
CRITICAL - 2020-09-25 15:45:33 --> Undefined variable: totalTime
#0 C:\xampp\htdocs\blog\vendor\codeigniter4\framework\system\Debug\Toolbar\Views\toolbar.tpl.php(56): CodeIgniter\Debug\Exceptions->errorHandler(8, 'Undefined varia...', 'C:\\xampp\\htdocs...', 56, Array)
#1 C:\xampp\htdocs\blog\vendor\codeigniter4\framework\system\Debug\Toolbar.php(498): include('C:\\xampp\\htdocs...')
#2 C:\xampp\htdocs\blog\vendor\codeigniter4\framework\system\Debug\Toolbar.php(455): CodeIgniter\Debug\Toolbar->format(Array, 'html')
#3 C:\xampp\htdocs\blog\app\Config\Events.php(50): CodeIgniter\Debug\Toolbar->respond()
#4 [internal function]: CodeIgniter\Events\Events::Config\{closure}()
#5 C:\xampp\htdocs\blog\vendor\codeigniter4\framework\system\Events\Events.php(188): call_user_func(Object(Closure))
#6 C:\xampp\htdocs\blog\vendor\codeigniter4\framework\system\CodeIgniter.php(293): CodeIgniter\Events\Events::trigger('pre_system')
#7 C:\xampp\htdocs\blog\public\index.php(45): CodeIgniter\CodeIgniter->run()
#8 {main}
CRITICAL - 2020-09-25 16:20:03 --> Trying to access array offset on value of type null
#0 C:\xampp\htdocs\blog\app\Controllers\Admin\Categories.php(103): CodeIgniter\Debug\Exceptions->errorHandler(8, 'Trying to acces...', 'C:\\xampp\\htdocs...', 103, Array)
#1 C:\xampp\htdocs\blog\app\Controllers\Admin\Categories.php(21): App\Controllers\Admin\Categories->get_datas()
#2 C:\xampp\htdocs\blog\vendor\codeigniter4\framework\system\CodeIgniter.php(918): App\Controllers\Admin\Categories->add()
#3 C:\xampp\htdocs\blog\vendor\codeigniter4\framework\system\CodeIgniter.php(404): CodeIgniter\CodeIgniter->runController(Object(App\Controllers\Admin\Categories))
#4 C:\xampp\htdocs\blog\vendor\codeigniter4\framework\system\CodeIgniter.php(312): CodeIgniter\CodeIgniter->handleRequest(NULL, Object(Config\Cache), false)
#5 C:\xampp\htdocs\blog\public\index.php(45): CodeIgniter\CodeIgniter->run()
#6 {main}
CRITICAL - 2020-09-25 16:21:36 --> Trying to access array offset on value of type null
#0 C:\xampp\htdocs\blog\app\Controllers\Admin\Categories.php(103): CodeIgniter\Debug\Exceptions->errorHandler(8, 'Trying to acces...', 'C:\\xampp\\htdocs...', 103, Array)
#1 C:\xampp\htdocs\blog\app\Controllers\Admin\Categories.php(21): App\Controllers\Admin\Categories->get_datas()
#2 C:\xampp\htdocs\blog\vendor\codeigniter4\framework\system\CodeIgniter.php(918): App\Controllers\Admin\Categories->add()
#3 C:\xampp\htdocs\blog\vendor\codeigniter4\framework\system\CodeIgniter.php(404): CodeIgniter\CodeIgniter->runController(Object(App\Controllers\Admin\Categories))
#4 C:\xampp\htdocs\blog\vendor\codeigniter4\framework\system\CodeIgniter.php(312): CodeIgniter\CodeIgniter->handleRequest(NULL, Object(Config\Cache), false)
#5 C:\xampp\htdocs\blog\public\index.php(45): CodeIgniter\CodeIgniter->run()
#6 {main}
CRITICAL - 2020-09-25 16:21:56 --> Trying to access array offset on value of type null
#0 C:\xampp\htdocs\blog\app\Controllers\Admin\Categories.php(103): CodeIgniter\Debug\Exceptions->errorHandler(8, 'Trying to acces...', 'C:\\xampp\\htdocs...', 103, Array)
#1 C:\xampp\htdocs\blog\app\Controllers\Admin\Categories.php(21): App\Controllers\Admin\Categories->get_datas()
#2 C:\xampp\htdocs\blog\vendor\codeigniter4\framework\system\CodeIgniter.php(918): App\Controllers\Admin\Categories->add()
#3 C:\xampp\htdocs\blog\vendor\codeigniter4\framework\system\CodeIgniter.php(404): CodeIgniter\CodeIgniter->runController(Object(App\Controllers\Admin\Categories))
#4 C:\xampp\htdocs\blog\vendor\codeigniter4\framework\system\CodeIgniter.php(312): CodeIgniter\CodeIgniter->handleRequest(NULL, Object(Config\Cache), false)
#5 C:\xampp\htdocs\blog\public\index.php(45): CodeIgniter\CodeIgniter->run()
#6 {main}
CRITICAL - 2020-09-25 16:22:23 --> Trying to access array offset on value of type null
#0 C:\xampp\htdocs\blog\app\Controllers\Admin\Categories.php(103): CodeIgniter\Debug\Exceptions->errorHandler(8, 'Trying to acces...', 'C:\\xampp\\htdocs...', 103, Array)
#1 C:\xampp\htdocs\blog\app\Controllers\Admin\Categories.php(21): App\Controllers\Admin\Categories->get_datas()
#2 C:\xampp\htdocs\blog\vendor\codeigniter4\framework\system\CodeIgniter.php(918): App\Controllers\Admin\Categories->add()
#3 C:\xampp\htdocs\blog\vendor\codeigniter4\framework\system\CodeIgniter.php(404): CodeIgniter\CodeIgniter->runController(Object(App\Controllers\Admin\Categories))
#4 C:\xampp\htdocs\blog\vendor\codeigniter4\framework\system\CodeIgniter.php(312): CodeIgniter\CodeIgniter->handleRequest(NULL, Object(Config\Cache), false)
#5 C:\xampp\htdocs\blog\public\index.php(45): CodeIgniter\CodeIgniter->run()
#6 {main}
CRITICAL - 2020-09-25 16:24:59 --> Undefined index: title
#0 C:\xampp\htdocs\blog\app\Controllers\Admin\Categories.php(104): CodeIgniter\Debug\Exceptions->errorHandler(8, 'Undefined index...', 'C:\\xampp\\htdocs...', 104, Array)
#1 C:\xampp\htdocs\blog\app\Controllers\Admin\Categories.php(74): App\Controllers\Admin\Categories->get_datas('data')
#2 C:\xampp\htdocs\blog\vendor\codeigniter4\framework\system\CodeIgniter.php(918): App\Controllers\Admin\Categories->update('3')
#3 C:\xampp\htdocs\blog\vendor\codeigniter4\framework\system\CodeIgniter.php(404): CodeIgniter\CodeIgniter->runController(Object(App\Controllers\Admin\Categories))
#4 C:\xampp\htdocs\blog\vendor\codeigniter4\framework\system\CodeIgniter.php(312): CodeIgniter\CodeIgniter->handleRequest(NULL, Object(Config\Cache), false)
#5 C:\xampp\htdocs\blog\public\index.php(45): CodeIgniter\CodeIgniter->run()
#6 {main}
CRITICAL - 2020-09-25 16:28:59 --> Trying to access array offset on value of type null
#0 C:\xampp\htdocs\blog\app\Controllers\Admin\Categories.php(104): CodeIgniter\Debug\Exceptions->errorHandler(8, 'Trying to acces...', 'C:\\xampp\\htdocs...', 104, Array)
#1 C:\xampp\htdocs\blog\app\Controllers\Admin\Categories.php(21): App\Controllers\Admin\Categories->get_datas()
#2 C:\xampp\htdocs\blog\vendor\codeigniter4\framework\system\CodeIgniter.php(918): App\Controllers\Admin\Categories->add()
#3 C:\xampp\htdocs\blog\vendor\codeigniter4\framework\system\CodeIgniter.php(404): CodeIgniter\CodeIgniter->runController(Object(App\Controllers\Admin\Categories))
#4 C:\xampp\htdocs\blog\vendor\codeigniter4\framework\system\CodeIgniter.php(312): CodeIgniter\CodeIgniter->handleRequest(NULL, Object(Config\Cache), false)
#5 C:\xampp\htdocs\blog\public\index.php(45): CodeIgniter\CodeIgniter->run()
#6 {main}
CRITICAL - 2020-09-25 16:31:09 --> Trying to access array offset on value of type null
#0 C:\xampp\htdocs\blog\app\Controllers\Admin\Categories.php(104): CodeIgniter\Debug\Exceptions->errorHandler(8, 'Trying to acces...', 'C:\\xampp\\htdocs...', 104, Array)
#1 C:\xampp\htdocs\blog\app\Controllers\Admin\Categories.php(21): App\Controllers\Admin\Categories->get_datas()
#2 C:\xampp\htdocs\blog\vendor\codeigniter4\framework\system\CodeIgniter.php(918): App\Controllers\Admin\Categories->add()
#3 C:\xampp\htdocs\blog\vendor\codeigniter4\framework\system\CodeIgniter.php(404): CodeIgniter\CodeIgniter->runController(Object(App\Controllers\Admin\Categories))
#4 C:\xampp\htdocs\blog\vendor\codeigniter4\framework\system\CodeIgniter.php(312): CodeIgniter\CodeIgniter->handleRequest(NULL, Object(Config\Cache), false)
#5 C:\xampp\htdocs\blog\public\index.php(45): CodeIgniter\CodeIgniter->run()
#6 {main}
CRITICAL - 2020-09-25 16:38:21 --> Trying to access array offset on value of type null
#0 C:\xampp\htdocs\blog\app\Controllers\Admin\Categories.php(102): CodeIgniter\Debug\Exceptions->errorHandler(8, 'Trying to acces...', 'C:\\xampp\\htdocs...', 102, Array)
#1 C:\xampp\htdocs\blog\app\Controllers\Admin\Categories.php(21): App\Controllers\Admin\Categories->get_datas()
#2 C:\xampp\htdocs\blog\vendor\codeigniter4\framework\system\CodeIgniter.php(918): App\Controllers\Admin\Categories->add()
#3 C:\xampp\htdocs\blog\vendor\codeigniter4\framework\system\CodeIgniter.php(404): CodeIgniter\CodeIgniter->runController(Object(App\Controllers\Admin\Categories))
#4 C:\xampp\htdocs\blog\vendor\codeigniter4\framework\system\CodeIgniter.php(312): CodeIgniter\CodeIgniter->handleRequest(NULL, Object(Config\Cache), false)
#5 C:\xampp\htdocs\blog\public\index.php(45): CodeIgniter\CodeIgniter->run()
#6 {main}
CRITICAL - 2020-09-25 19:00:29 --> Illegal string offset 'title'
#0 C:\xampp\htdocs\blog\app\Controllers\Admin\Categories.php(102): CodeIgniter\Debug\Exceptions->errorHandler(2, 'Illegal string ...', 'C:\\xampp\\htdocs...', 102, Array)
#1 C:\xampp\htdocs\blog\app\Controllers\Admin\Categories.php(73): App\Controllers\Admin\Categories->get_datas('data')
#2 C:\xampp\htdocs\blog\vendor\codeigniter4\framework\system\CodeIgniter.php(918): App\Controllers\Admin\Categories->update('5')
#3 C:\xampp\htdocs\blog\vendor\codeigniter4\framework\system\CodeIgniter.php(404): CodeIgniter\CodeIgniter->runController(Object(App\Controllers\Admin\Categories))
#4 C:\xampp\htdocs\blog\vendor\codeigniter4\framework\system\CodeIgniter.php(312): CodeIgniter\CodeIgniter->handleRequest(NULL, Object(Config\Cache), false)
#5 C:\xampp\htdocs\blog\public\index.php(45): CodeIgniter\CodeIgniter->run()
#6 {main}
CRITICAL - 2020-09-25 19:02:32 --> Illegal string offset 'title'
#0 C:\xampp\htdocs\blog\app\Controllers\Admin\Categories.php(102): CodeIgniter\Debug\Exceptions->errorHandler(2, 'Illegal string ...', 'C:\\xampp\\htdocs...', 102, Array)
#1 C:\xampp\htdocs\blog\app\Controllers\Admin\Categories.php(73): App\Controllers\Admin\Categories->get_datas('data')
#2 C:\xampp\htdocs\blog\vendor\codeigniter4\framework\system\CodeIgniter.php(918): App\Controllers\Admin\Categories->update('5')
#3 C:\xampp\htdocs\blog\vendor\codeigniter4\framework\system\CodeIgniter.php(404): CodeIgniter\CodeIgniter->runController(Object(App\Controllers\Admin\Categories))
#4 C:\xampp\htdocs\blog\vendor\codeigniter4\framework\system\CodeIgniter.php(312): CodeIgniter\CodeIgniter->handleRequest(NULL, Object(Config\Cache), false)
#5 C:\xampp\htdocs\blog\public\index.php(45): CodeIgniter\CodeIgniter->run()
#6 {main}
CRITICAL - 2020-09-25 19:04:22 --> Trying to access array offset on value of type null
#0 C:\xampp\htdocs\blog\app\Controllers\Admin\Categories.php(102): CodeIgniter\Debug\Exceptions->errorHandler(8, 'Trying to acces...', 'C:\\xampp\\htdocs...', 102, Array)
#1 C:\xampp\htdocs\blog\app\Controllers\Admin\Categories.php(73): App\Controllers\Admin\Categories->get_datas('data')
#2 C:\xampp\htdocs\blog\vendor\codeigniter4\framework\system\CodeIgniter.php(918): App\Controllers\Admin\Categories->update('5')
#3 C:\xampp\htdocs\blog\vendor\codeigniter4\framework\system\CodeIgniter.php(404): CodeIgniter\CodeIgniter->runController(Object(App\Controllers\Admin\Categories))
#4 C:\xampp\htdocs\blog\vendor\codeigniter4\framework\system\CodeIgniter.php(312): CodeIgniter\CodeIgniter->handleRequest(NULL, Object(Config\Cache), false)
#5 C:\xampp\htdocs\blog\public\index.php(45): CodeIgniter\CodeIgniter->run()
#6 {main}
CRITICAL - 2020-09-25 19:05:30 --> Illegal string offset 'title'
#0 C:\xampp\htdocs\blog\app\Controllers\Admin\Categories.php(102): CodeIgniter\Debug\Exceptions->errorHandler(2, 'Illegal string ...', 'C:\\xampp\\htdocs...', 102, Array)
#1 C:\xampp\htdocs\blog\app\Controllers\Admin\Categories.php(73): App\Controllers\Admin\Categories->get_datas('data')
#2 C:\xampp\htdocs\blog\vendor\codeigniter4\framework\system\CodeIgniter.php(918): App\Controllers\Admin\Categories->update('5')
#3 C:\xampp\htdocs\blog\vendor\codeigniter4\framework\system\CodeIgniter.php(404): CodeIgniter\CodeIgniter->runController(Object(App\Controllers\Admin\Categories))
#4 C:\xampp\htdocs\blog\vendor\codeigniter4\framework\system\CodeIgniter.php(312): CodeIgniter\CodeIgniter->handleRequest(NULL, Object(Config\Cache), false)
#5 C:\xampp\htdocs\blog\public\index.php(45): CodeIgniter\CodeIgniter->run()
#6 {main}
CRITICAL - 2020-09-25 20:20:24 --> Illegal string offset 'title'
#0 C:\xampp\htdocs\blog\app\Controllers\Admin\Categories.php(102): CodeIgniter\Debug\Exceptions->errorHandler(2, 'Illegal string ...', 'C:\\xampp\\htdocs...', 102, Array)
#1 C:\xampp\htdocs\blog\app\Controllers\Admin\Categories.php(73): App\Controllers\Admin\Categories->get_datas('data')
#2 C:\xampp\htdocs\blog\vendor\codeigniter4\framework\system\CodeIgniter.php(918): App\Controllers\Admin\Categories->update('6')
#3 C:\xampp\htdocs\blog\vendor\codeigniter4\framework\system\CodeIgniter.php(404): CodeIgniter\CodeIgniter->runController(Object(App\Controllers\Admin\Categories))
#4 C:\xampp\htdocs\blog\vendor\codeigniter4\framework\system\CodeIgniter.php(312): CodeIgniter\CodeIgniter->handleRequest(NULL, Object(Config\Cache), false)
#5 C:\xampp\htdocs\blog\public\index.php(45): CodeIgniter\CodeIgniter->run()
#6 {main}
CRITICAL - 2020-09-25 20:21:03 --> Argument 1 passed to CodeIgniter\Validation\Validation::run() must be of the type array or null, string given, called in C:\xampp\htdocs\blog\app\Controllers\Admin\Categories.php on line 87
#0 C:\xampp\htdocs\blog\app\Controllers\Admin\Categories.php(87): CodeIgniter\Validation\Validation->run('edebiyat')
#1 C:\xampp\htdocs\blog\vendor\codeigniter4\framework\system\CodeIgniter.php(918): App\Controllers\Admin\Categories->update('6')
#2 C:\xampp\htdocs\blog\vendor\codeigniter4\framework\system\CodeIgniter.php(404): CodeIgniter\CodeIgniter->runController(Object(App\Controllers\Admin\Categories))
#3 C:\xampp\htdocs\blog\vendor\codeigniter4\framework\system\CodeIgniter.php(312): CodeIgniter\CodeIgniter->handleRequest(NULL, Object(Config\Cache), false)
#4 C:\xampp\htdocs\blog\public\index.php(45): CodeIgniter\CodeIgniter->run()
#5 {main}
CRITICAL - 2020-09-25 20:23:19 --> Array and string offset access syntax with curly braces is deprecated
#0 C:\xampp\htdocs\blog\vendor\codeigniter4\framework\system\Router\Router.php(583): CodeIgniter\Debug\Exceptions->errorHandler(8192, 'Array and strin...', 'C:\\xampp\\htdocs...', 102, Array)
#1 C:\xampp\htdocs\blog\vendor\codeigniter4\framework\system\Router\Router.php(583): include_once()
#2 C:\xampp\htdocs\blog\vendor\codeigniter4\framework\system\Router\Router.php(195): CodeIgniter\Router\Router->autoRoute('admin/categorie...')
#3 C:\xampp\htdocs\blog\vendor\codeigniter4\framework\system\CodeIgniter.php(793): CodeIgniter\Router\Router->handle('admin/categorie...')
#4 C:\xampp\htdocs\blog\vendor\codeigniter4\framework\system\CodeIgniter.php(364): CodeIgniter\CodeIgniter->tryToRouteIt(Object(CodeIgniter\Router\RouteCollection))
#5 C:\xampp\htdocs\blog\vendor\codeigniter4\framework\system\CodeIgniter.php(312): CodeIgniter\CodeIgniter->handleRequest(NULL, Object(Config\Cache), false)
#6 C:\xampp\htdocs\blog\public\index.php(45): CodeIgniter\CodeIgniter->run()
#7 {main}
CRITICAL - 2020-09-25 20:23:43 --> Argument 1 passed to CodeIgniter\Validation\Validation::run() must be of the type array or null, string given, called in C:\xampp\htdocs\blog\app\Controllers\Admin\Categories.php on line 87
#0 C:\xampp\htdocs\blog\app\Controllers\Admin\Categories.php(87): CodeIgniter\Validation\Validation->run('edebiyat')
#1 C:\xampp\htdocs\blog\vendor\codeigniter4\framework\system\CodeIgniter.php(918): App\Controllers\Admin\Categories->update('6')
#2 C:\xampp\htdocs\blog\vendor\codeigniter4\framework\system\CodeIgniter.php(404): CodeIgniter\CodeIgniter->runController(Object(App\Controllers\Admin\Categories))
#3 C:\xampp\htdocs\blog\vendor\codeigniter4\framework\system\CodeIgniter.php(312): CodeIgniter\CodeIgniter->handleRequest(NULL, Object(Config\Cache), false)
#4 C:\xampp\htdocs\blog\public\index.php(45): CodeIgniter\CodeIgniter->run()
#5 {main}
CRITICAL - 2020-09-25 20:23:49 --> Argument 1 passed to CodeIgniter\Validation\Validation::run() must be of the type array or null, string given, called in C:\xampp\htdocs\blog\app\Controllers\Admin\Categories.php on line 87
#0 C:\xampp\htdocs\blog\app\Controllers\Admin\Categories.php(87): CodeIgniter\Validation\Validation->run('edebiyat')
#1 C:\xampp\htdocs\blog\vendor\codeigniter4\framework\system\CodeIgniter.php(918): App\Controllers\Admin\Categories->update('6')
#2 C:\xampp\htdocs\blog\vendor\codeigniter4\framework\system\CodeIgniter.php(404): CodeIgniter\CodeIgniter->runController(Object(App\Controllers\Admin\Categories))
#3 C:\xampp\htdocs\blog\vendor\codeigniter4\framework\system\CodeIgniter.php(312): CodeIgniter\CodeIgniter->handleRequest(NULL, Object(Config\Cache), false)
#4 C:\xampp\htdocs\blog\public\index.php(45): CodeIgniter\CodeIgniter->run()
#5 {main}
CRITICAL - 2020-09-25 20:23:54 --> Argument 1 passed to CodeIgniter\Validation\Validation::run() must be of the type array or null, string given, called in C:\xampp\htdocs\blog\app\Controllers\Admin\Categories.php on line 33
#0 C:\xampp\htdocs\blog\app\Controllers\Admin\Categories.php(33): CodeIgniter\Validation\Validation->run('sinematik')
#1 C:\xampp\htdocs\blog\vendor\codeigniter4\framework\system\CodeIgniter.php(918): App\Controllers\Admin\Categories->add()
#2 C:\xampp\htdocs\blog\vendor\codeigniter4\framework\system\CodeIgniter.php(404): CodeIgniter\CodeIgniter->runController(Object(App\Controllers\Admin\Categories))
#3 C:\xampp\htdocs\blog\vendor\codeigniter4\framework\system\CodeIgniter.php(312): CodeIgniter\CodeIgniter->handleRequest(NULL, Object(Config\Cache), false)
#4 C:\xampp\htdocs\blog\public\index.php(45): CodeIgniter\CodeIgniter->run()
#5 {main}
CRITICAL - 2020-09-25 20:24:33 --> Argument 1 passed to CodeIgniter\Validation\Validation::run() must be of the type array or null, string given, called in C:\xampp\htdocs\blog\app\Controllers\Admin\Categories.php on line 88
#0 C:\xampp\htdocs\blog\app\Controllers\Admin\Categories.php(88): CodeIgniter\Validation\Validation->run('edebiyat')
#1 C:\xampp\htdocs\blog\vendor\codeigniter4\framework\system\CodeIgniter.php(918): App\Controllers\Admin\Categories->update('6')
#2 C:\xampp\htdocs\blog\vendor\codeigniter4\framework\system\CodeIgniter.php(404): CodeIgniter\CodeIgniter->runController(Object(App\Controllers\Admin\Categories))
#3 C:\xampp\htdocs\blog\vendor\codeigniter4\framework\system\CodeIgniter.php(312): CodeIgniter\CodeIgniter->handleRequest(NULL, Object(Config\Cache), false)
#4 C:\xampp\htdocs\blog\public\index.php(45): CodeIgniter\CodeIgniter->run()
#5 {main}
CRITICAL - 2020-09-25 20:24:36 --> Argument 1 passed to CodeIgniter\Validation\Validation::run() must be of the type array or null, string given, called in C:\xampp\htdocs\blog\app\Controllers\Admin\Categories.php on line 88
#0 C:\xampp\htdocs\blog\app\Controllers\Admin\Categories.php(88): CodeIgniter\Validation\Validation->run('edebiyat')
#1 C:\xampp\htdocs\blog\vendor\codeigniter4\framework\system\CodeIgniter.php(918): App\Controllers\Admin\Categories->update('6')
#2 C:\xampp\htdocs\blog\vendor\codeigniter4\framework\system\CodeIgniter.php(404): CodeIgniter\CodeIgniter->runController(Object(App\Controllers\Admin\Categories))
#3 C:\xampp\htdocs\blog\vendor\codeigniter4\framework\system\CodeIgniter.php(312): CodeIgniter\CodeIgniter->handleRequest(NULL, Object(Config\Cache), false)
#4 C:\xampp\htdocs\blog\public\index.php(45): CodeIgniter\CodeIgniter->run()
#5 {main}
CRITICAL - 2020-09-25 20:24:59 --> Argument 1 passed to CodeIgniter\Validation\Validation::run() must be of the type array or null, string given, called in C:\xampp\htdocs\blog\app\Controllers\Admin\Categories.php on line 88
#0 C:\xampp\htdocs\blog\app\Controllers\Admin\Categories.php(88): CodeIgniter\Validation\Validation->run('edebiyat')
#1 C:\xampp\htdocs\blog\vendor\codeigniter4\framework\system\CodeIgniter.php(918): App\Controllers\Admin\Categories->update('6')
#2 C:\xampp\htdocs\blog\vendor\codeigniter4\framework\system\CodeIgniter.php(404): CodeIgniter\CodeIgniter->runController(Object(App\Controllers\Admin\Categories))
#3 C:\xampp\htdocs\blog\vendor\codeigniter4\framework\system\CodeIgniter.php(312): CodeIgniter\CodeIgniter->handleRequest(NULL, Object(Config\Cache), false)
#4 C:\xampp\htdocs\blog\public\index.php(45): CodeIgniter\CodeIgniter->run()
#5 {main}
CRITICAL - 2020-09-25 20:26:29 --> Creating default object from empty value
#0 C:\xampp\htdocs\blog\app\Controllers\Admin\Categories.php(102): CodeIgniter\Debug\Exceptions->errorHandler(2, 'Creating defaul...', 'C:\\xampp\\htdocs...', 102, Array)
#1 C:\xampp\htdocs\blog\app\Controllers\Admin\Categories.php(74): App\Controllers\Admin\Categories->get_datas('data')
#2 C:\xampp\htdocs\blog\vendor\codeigniter4\framework\system\CodeIgniter.php(918): App\Controllers\Admin\Categories->update('6')
#3 C:\xampp\htdocs\blog\vendor\codeigniter4\framework\system\CodeIgniter.php(404): CodeIgniter\CodeIgniter->runController(Object(App\Controllers\Admin\Categories))
#4 C:\xampp\htdocs\blog\vendor\codeigniter4\framework\system\CodeIgniter.php(312): CodeIgniter\CodeIgniter->handleRequest(NULL, Object(Config\Cache), false)
#5 C:\xampp\htdocs\blog\public\index.php(45): CodeIgniter\CodeIgniter->run()
#6 {main}
CRITICAL - 2020-09-25 20:27:02 --> Attempt to assign property 'title' of non-object
#0 C:\xampp\htdocs\blog\app\Controllers\Admin\Categories.php(103): CodeIgniter\Debug\Exceptions->errorHandler(2, 'Attempt to assi...', 'C:\\xampp\\htdocs...', 103, Array)
#1 C:\xampp\htdocs\blog\app\Controllers\Admin\Categories.php(74): App\Controllers\Admin\Categories->get_datas('data')
#2 C:\xampp\htdocs\blog\vendor\codeigniter4\framework\system\CodeIgniter.php(918): App\Controllers\Admin\Categories->update('6')
#3 C:\xampp\htdocs\blog\vendor\codeigniter4\framework\system\CodeIgniter.php(404): CodeIgniter\CodeIgniter->runController(Object(App\Controllers\Admin\Categories))
#4 C:\xampp\htdocs\blog\vendor\codeigniter4\framework\system\CodeIgniter.php(312): CodeIgniter\CodeIgniter->handleRequest(NULL, Object(Config\Cache), false)
#5 C:\xampp\htdocs\blog\public\index.php(45): CodeIgniter\CodeIgniter->run()
#6 {main}
CRITICAL - 2020-09-25 20:27:10 --> Argument 1 passed to CodeIgniter\Validation\Validation::run() must be of the type array or null, string given, called in C:\xampp\htdocs\blog\app\Controllers\Admin\Categories.php on line 88
#0 C:\xampp\htdocs\blog\app\Controllers\Admin\Categories.php(88): CodeIgniter\Validation\Validation->run('edebiyat')
#1 C:\xampp\htdocs\blog\vendor\codeigniter4\framework\system\CodeIgniter.php(918): App\Controllers\Admin\Categories->update('6')
#2 C:\xampp\htdocs\blog\vendor\codeigniter4\framework\system\CodeIgniter.php(404): CodeIgniter\CodeIgniter->runController(Object(App\Controllers\Admin\Categories))
#3 C:\xampp\htdocs\blog\vendor\codeigniter4\framework\system\CodeIgniter.php(312): CodeIgniter\CodeIgniter->handleRequest(NULL, Object(Config\Cache), false)
#4 C:\xampp\htdocs\blog\public\index.php(45): CodeIgniter\CodeIgniter->run()
#5 {main}
CRITICAL - 2020-09-25 20:27:13 --> Argument 1 passed to CodeIgniter\Validation\Validation::run() must be of the type array or null, string given, called in C:\xampp\htdocs\blog\app\Controllers\Admin\Categories.php on line 88
#0 C:\xampp\htdocs\blog\app\Controllers\Admin\Categories.php(88): CodeIgniter\Validation\Validation->run('edebiyat')
#1 C:\xampp\htdocs\blog\vendor\codeigniter4\framework\system\CodeIgniter.php(918): App\Controllers\Admin\Categories->update('6')
#2 C:\xampp\htdocs\blog\vendor\codeigniter4\framework\system\CodeIgniter.php(404): CodeIgniter\CodeIgniter->runController(Object(App\Controllers\Admin\Categories))
#3 C:\xampp\htdocs\blog\vendor\codeigniter4\framework\system\CodeIgniter.php(312): CodeIgniter\CodeIgniter->handleRequest(NULL, Object(Config\Cache), false)
#4 C:\xampp\htdocs\blog\public\index.php(45): CodeIgniter\CodeIgniter->run()
#5 {main}
CRITICAL - 2020-09-25 20:28:26 --> Argument 1 passed to CodeIgniter\Validation\Validation::run() must be of the type array or null, string given, called in C:\xampp\htdocs\blog\app\Controllers\Admin\Categories.php on line 88
#0 C:\xampp\htdocs\blog\app\Controllers\Admin\Categories.php(88): CodeIgniter\Validation\Validation->run('edebiyat')
#1 C:\xampp\htdocs\blog\vendor\codeigniter4\framework\system\CodeIgniter.php(918): App\Controllers\Admin\Categories->update('6')
#2 C:\xampp\htdocs\blog\vendor\codeigniter4\framework\system\CodeIgniter.php(404): CodeIgniter\CodeIgniter->runController(Object(App\Controllers\Admin\Categories))
#3 C:\xampp\htdocs\blog\vendor\codeigniter4\framework\system\CodeIgniter.php(312): CodeIgniter\CodeIgniter->handleRequest(NULL, Object(Config\Cache), false)
#4 C:\xampp\htdocs\blog\public\index.php(45): CodeIgniter\CodeIgniter->run()
#5 {main}
CRITICAL - 2020-09-25 20:28:31 --> Argument 1 passed to CodeIgniter\Validation\Validation::run() must be of the type array or null, string given, called in C:\xampp\htdocs\blog\app\Controllers\Admin\Categories.php on line 88
#0 C:\xampp\htdocs\blog\app\Controllers\Admin\Categories.php(88): CodeIgniter\Validation\Validation->run('edebiyat')
#1 C:\xampp\htdocs\blog\vendor\codeigniter4\framework\system\CodeIgniter.php(918): App\Controllers\Admin\Categories->update('6')
#2 C:\xampp\htdocs\blog\vendor\codeigniter4\framework\system\CodeIgniter.php(404): CodeIgniter\CodeIgniter->runController(Object(App\Controllers\Admin\Categories))
#3 C:\xampp\htdocs\blog\vendor\codeigniter4\framework\system\CodeIgniter.php(312): CodeIgniter\CodeIgniter->handleRequest(NULL, Object(Config\Cache), false)
#4 C:\xampp\htdocs\blog\public\index.php(45): CodeIgniter\CodeIgniter->run()
#5 {main}
CRITICAL - 2020-09-25 20:30:48 --> Unknown column 'edebiyat' in 'field list'
#0 C:\xampp\htdocs\blog\vendor\codeigniter4\framework\system\Database\MySQLi\Connection.php(331): mysqli->query('UPDATE `categor...')
#1 C:\xampp\htdocs\blog\vendor\codeigniter4\framework\system\Database\BaseConnection.php(741): CodeIgniter\Database\MySQLi\Connection->execute('UPDATE `categor...')
#2 C:\xampp\htdocs\blog\vendor\codeigniter4\framework\system\Database\BaseConnection.php(669): CodeIgniter\Database\BaseConnection->simpleQuery('UPDATE `categor...')
#3 C:\xampp\htdocs\blog\vendor\codeigniter4\framework\system\Database\BaseBuilder.php(2456): CodeIgniter\Database\BaseConnection->query('UPDATE `categor...', Array, false)
#4 C:\xampp\htdocs\blog\app\Models\CategoryModel.php(23): CodeIgniter\Database\BaseBuilder->update()
#5 C:\xampp\htdocs\blog\app\Controllers\Admin\Categories.php(90): App\Models\CategoryModel->update(Array, 'edebiyat')
#6 C:\xampp\htdocs\blog\vendor\codeigniter4\framework\system\CodeIgniter.php(918): App\Controllers\Admin\Categories->update('6')
#7 C:\xampp\htdocs\blog\vendor\codeigniter4\framework\system\CodeIgniter.php(404): CodeIgniter\CodeIgniter->runController(Object(App\Controllers\Admin\Categories))
#8 C:\xampp\htdocs\blog\vendor\codeigniter4\framework\system\CodeIgniter.php(312): CodeIgniter\CodeIgniter->handleRequest(NULL, Object(Config\Cache), false)
#9 C:\xampp\htdocs\blog\public\index.php(45): CodeIgniter\CodeIgniter->run()
#10 {main}
CRITICAL - 2020-09-25 22:26:47 --> Unknown column 'updated_at' in 'field list'
#0 C:\xampp\htdocs\blog\vendor\codeigniter4\framework\system\Database\MySQLi\Connection.php(331): mysqli->query('UPDATE `posts` ...')
#1 C:\xampp\htdocs\blog\vendor\codeigniter4\framework\system\Database\BaseConnection.php(741): CodeIgniter\Database\MySQLi\Connection->execute('UPDATE `posts` ...')
#2 C:\xampp\htdocs\blog\vendor\codeigniter4\framework\system\Database\BaseConnection.php(669): CodeIgniter\Database\BaseConnection->simpleQuery('UPDATE `posts` ...')
#3 C:\xampp\htdocs\blog\vendor\codeigniter4\framework\system\Database\BaseBuilder.php(2456): CodeIgniter\Database\BaseConnection->query('UPDATE `posts` ...', Array, false)
#4 C:\xampp\htdocs\blog\app\Models\PostModel.php(30): CodeIgniter\Database\BaseBuilder->update()
#5 C:\xampp\htdocs\blog\app\Models\PostModel.php(78): App\Models\PostModel->update(Array, Array)
#6 C:\xampp\htdocs\blog\app\Controllers\Admin\Posts.php(75): App\Models\PostModel->update_post(Array, Object(CodeIgniter\HTTP\Files\UploadedFile), Object(stdClass))
#7 C:\xampp\htdocs\blog\vendor\codeigniter4\framework\system\CodeIgniter.php(918): App\Controllers\Admin\Posts->update('163')
#8 C:\xampp\htdocs\blog\vendor\codeigniter4\framework\system\CodeIgniter.php(404): CodeIgniter\CodeIgniter->runController(Object(App\Controllers\Admin\Posts))
#9 C:\xampp\htdocs\blog\vendor\codeigniter4\framework\system\CodeIgniter.php(312): CodeIgniter\CodeIgniter->handleRequest(NULL, Object(Config\Cache), false)
#10 C:\xampp\htdocs\blog\public\index.php(45): CodeIgniter\CodeIgniter->run()
#11 {main}
CRITICAL - 2020-09-25 22:35:21 --> include(/admin/includes/alert): failed to open stream: No such file or directory
#0 C:\xampp\htdocs\blog\app\Views\includes\scripts.php(9): CodeIgniter\Debug\Exceptions->errorHandler(2, 'include(/admin/...', 'C:\\xampp\\htdocs...', 9, Array)
#1 C:\xampp\htdocs\blog\app\Views\includes\scripts.php(9): include()
#2 C:\xampp\htdocs\blog\vendor\codeigniter4\framework\system\View\View.php(246): include('C:\\xampp\\htdocs...')
#3 C:\xampp\htdocs\blog\vendor\codeigniter4\framework\system\View\View.php(525): CodeIgniter\View\View->render('includes/script...', NULL, true)
#4 C:\xampp\htdocs\blog\app\Views\admin\index.php(55): CodeIgniter\View\View->include('includes/script...')
#5 C:\xampp\htdocs\blog\vendor\codeigniter4\framework\system\View\View.php(246): include('C:\\xampp\\htdocs...')
#6 C:\xampp\htdocs\blog\vendor\codeigniter4\framework\system\View\View.php(257): CodeIgniter\View\View->render('admin/index', Array, true)
#7 C:\xampp\htdocs\blog\vendor\codeigniter4\framework\system\Common.php(1119): CodeIgniter\View\View->render('admin/pages/pos...', Array, true)
#8 C:\xampp\htdocs\blog\app\Controllers\Admin\Posts.php(20): view('admin/pages/pos...', Array)
#9 C:\xampp\htdocs\blog\vendor\codeigniter4\framework\system\CodeIgniter.php(918): App\Controllers\Admin\Posts->index()
#10 C:\xampp\htdocs\blog\vendor\codeigniter4\framework\system\CodeIgniter.php(404): CodeIgniter\CodeIgniter->runController(Object(App\Controllers\Admin\Posts))
#11 C:\xampp\htdocs\blog\vendor\codeigniter4\framework\system\CodeIgniter.php(312): CodeIgniter\CodeIgniter->handleRequest(NULL, Object(Config\Cache), false)
#12 C:\xampp\htdocs\blog\public\index.php(45): CodeIgniter\CodeIgniter->run()
#13 {main}
CRITICAL - 2020-09-25 22:36:00 --> Invalid file: /admin/includes/alert.php
#0 C:\xampp\htdocs\blog\vendor\codeigniter4\framework\system\View\View.php(228): CodeIgniter\Exceptions\FrameworkException::forInvalidFile('/admin/includes...')
#1 C:\xampp\htdocs\blog\vendor\codeigniter4\framework\system\View\View.php(525): CodeIgniter\View\View->render('/admin/includes...', NULL, true)
#2 C:\xampp\htdocs\blog\app\Views\includes\scripts.php(9): CodeIgniter\View\View->include('/admin/includes...')
#3 C:\xampp\htdocs\blog\vendor\codeigniter4\framework\system\View\View.php(246): include('C:\\xampp\\htdocs...')
#4 C:\xampp\htdocs\blog\vendor\codeigniter4\framework\system\View\View.php(525): CodeIgniter\View\View->render('includes/script...', NULL, true)
#5 C:\xampp\htdocs\blog\app\Views\admin\index.php(55): CodeIgniter\View\View->include('includes/script...')
#6 C:\xampp\htdocs\blog\vendor\codeigniter4\framework\system\View\View.php(246): include('C:\\xampp\\htdocs...')
#7 C:\xampp\htdocs\blog\vendor\codeigniter4\framework\system\View\View.php(257): CodeIgniter\View\View->render('admin/index', Array, true)
#8 C:\xampp\htdocs\blog\vendor\codeigniter4\framework\system\Common.php(1119): CodeIgniter\View\View->render('admin/pages/pos...', Array, true)
#9 C:\xampp\htdocs\blog\app\Controllers\Admin\Posts.php(20): view('admin/pages/pos...', Array)
#10 C:\xampp\htdocs\blog\vendor\codeigniter4\framework\system\CodeIgniter.php(918): App\Controllers\Admin\Posts->index()
#11 C:\xampp\htdocs\blog\vendor\codeigniter4\framework\system\CodeIgniter.php(404): CodeIgniter\CodeIgniter->runController(Object(App\Controllers\Admin\Posts))
#12 C:\xampp\htdocs\blog\vendor\codeigniter4\framework\system\CodeIgniter.php(312): CodeIgniter\CodeIgniter->handleRequest(NULL, Object(Config\Cache), false)
#13 C:\xampp\htdocs\blog\public\index.php(45): CodeIgniter\CodeIgniter->run()
#14 {main}
CRITICAL - 2020-09-25 22:36:03 --> Invalid file: /admin/includes/alert.php
#0 C:\xampp\htdocs\blog\vendor\codeigniter4\framework\system\View\View.php(228): CodeIgniter\Exceptions\FrameworkException::forInvalidFile('/admin/includes...')
#1 C:\xampp\htdocs\blog\vendor\codeigniter4\framework\system\View\View.php(525): CodeIgniter\View\View->render('/admin/includes...', NULL, true)
#2 C:\xampp\htdocs\blog\app\Views\includes\scripts.php(9): CodeIgniter\View\View->include('/admin/includes...')
#3 C:\xampp\htdocs\blog\vendor\codeigniter4\framework\system\View\View.php(246): include('C:\\xampp\\htdocs...')
#4 C:\xampp\htdocs\blog\vendor\codeigniter4\framework\system\View\View.php(525): CodeIgniter\View\View->render('includes/script...', NULL, true)
#5 C:\xampp\htdocs\blog\app\Views\admin\index.php(55): CodeIgniter\View\View->include('includes/script...')
#6 C:\xampp\htdocs\blog\vendor\codeigniter4\framework\system\View\View.php(246): include('C:\\xampp\\htdocs...')
#7 C:\xampp\htdocs\blog\vendor\codeigniter4\framework\system\View\View.php(257): CodeIgniter\View\View->render('admin/index', Array, true)
#8 C:\xampp\htdocs\blog\vendor\codeigniter4\framework\system\Common.php(1119): CodeIgniter\View\View->render('admin/pages/pos...', Array, true)
#9 C:\xampp\htdocs\blog\app\Controllers\Admin\Posts.php(20): view('admin/pages/pos...', Array)
#10 C:\xampp\htdocs\blog\vendor\codeigniter4\framework\system\CodeIgniter.php(918): App\Controllers\Admin\Posts->index()
#11 C:\xampp\htdocs\blog\vendor\codeigniter4\framework\system\CodeIgniter.php(404): CodeIgniter\CodeIgniter->runController(Object(App\Controllers\Admin\Posts))
#12 C:\xampp\htdocs\blog\vendor\codeigniter4\framework\system\CodeIgniter.php(312): CodeIgniter\CodeIgniter->handleRequest(NULL, Object(Config\Cache), false)
#13 C:\xampp\htdocs\blog\public\index.php(45): CodeIgniter\CodeIgniter->run()
#14 {main}
CRITICAL - 2020-09-25 22:36:23 --> Invalid file: alert.php
#0 C:\xampp\htdocs\blog\vendor\codeigniter4\framework\system\View\View.php(228): CodeIgniter\Exceptions\FrameworkException::forInvalidFile('alert.php')
#1 C:\xampp\htdocs\blog\vendor\codeigniter4\framework\system\View\View.php(525): CodeIgniter\View\View->render('alert', NULL, true)
#2 C:\xampp\htdocs\blog\app\Views\includes\scripts.php(9): CodeIgniter\View\View->include('alert')
#3 C:\xampp\htdocs\blog\vendor\codeigniter4\framework\system\View\View.php(246): include('C:\\xampp\\htdocs...')
#4 C:\xampp\htdocs\blog\vendor\codeigniter4\framework\system\View\View.php(525): CodeIgniter\View\View->render('includes/script...', NULL, true)
#5 C:\xampp\htdocs\blog\app\Views\admin\index.php(55): CodeIgniter\View\View->include('includes/script...')
#6 C:\xampp\htdocs\blog\vendor\codeigniter4\framework\system\View\View.php(246): include('C:\\xampp\\htdocs...')
#7 C:\xampp\htdocs\blog\vendor\codeigniter4\framework\system\View\View.php(257): CodeIgniter\View\View->render('admin/index', Array, true)
#8 C:\xampp\htdocs\blog\vendor\codeigniter4\framework\system\Common.php(1119): CodeIgniter\View\View->render('admin/pages/pos...', Array, true)
#9 C:\xampp\htdocs\blog\app\Controllers\Admin\Posts.php(20): view('admin/pages/pos...', Array)
#10 C:\xampp\htdocs\blog\vendor\codeigniter4\framework\system\CodeIgniter.php(918): App\Controllers\Admin\Posts->index()
#11 C:\xampp\htdocs\blog\vendor\codeigniter4\framework\system\CodeIgniter.php(404): CodeIgniter\CodeIgniter->runController(Object(App\Controllers\Admin\Posts))
#12 C:\xampp\htdocs\blog\vendor\codeigniter4\framework\system\CodeIgniter.php(312): CodeIgniter\CodeIgniter->handleRequest(NULL, Object(Config\Cache), false)
#13 C:\xampp\htdocs\blog\public\index.php(45): CodeIgniter\CodeIgniter->run()
#14 {main}
CRITICAL - 2020-09-25 22:36:27 --> Invalid file: /alert.php
#0 C:\xampp\htdocs\blog\vendor\codeigniter4\framework\system\View\View.php(228): CodeIgniter\Exceptions\FrameworkException::forInvalidFile('/alert.php')
#1 C:\xampp\htdocs\blog\vendor\codeigniter4\framework\system\View\View.php(525): CodeIgniter\View\View->render('/alert', NULL, true)
#2 C:\xampp\htdocs\blog\app\Views\includes\scripts.php(9): CodeIgniter\View\View->include('/alert')
#3 C:\xampp\htdocs\blog\vendor\codeigniter4\framework\system\View\View.php(246): include('C:\\xampp\\htdocs...')
#4 C:\xampp\htdocs\blog\vendor\codeigniter4\framework\system\View\View.php(525): CodeIgniter\View\View->render('includes/script...', NULL, true)
#5 C:\xampp\htdocs\blog\app\Views\admin\index.php(55): CodeIgniter\View\View->include('includes/script...')
#6 C:\xampp\htdocs\blog\vendor\codeigniter4\framework\system\View\View.php(246): include('C:\\xampp\\htdocs...')
#7 C:\xampp\htdocs\blog\vendor\codeigniter4\framework\system\View\View.php(257): CodeIgniter\View\View->render('admin/index', Array, true)
#8 C:\xampp\htdocs\blog\vendor\codeigniter4\framework\system\Common.php(1119): CodeIgniter\View\View->render('admin/pages/pos...', Array, true)
#9 C:\xampp\htdocs\blog\app\Controllers\Admin\Posts.php(20): view('admin/pages/pos...', Array)
#10 C:\xampp\htdocs\blog\vendor\codeigniter4\framework\system\CodeIgniter.php(918): App\Controllers\Admin\Posts->index()
#11 C:\xampp\htdocs\blog\vendor\codeigniter4\framework\system\CodeIgniter.php(404): CodeIgniter\CodeIgniter->runController(Object(App\Controllers\Admin\Posts))
#12 C:\xampp\htdocs\blog\vendor\codeigniter4\framework\system\CodeIgniter.php(312): CodeIgniter\CodeIgniter->handleRequest(NULL, Object(Config\Cache), false)
#13 C:\xampp\htdocs\blog\public\index.php(45): CodeIgniter\CodeIgniter->run()
#14 {main}
CRITICAL - 2020-09-25 22:36:39 --> Undefined variable: session
#0 C:\xampp\htdocs\blog\app\Views\includes\alert.php(1): CodeIgniter\Debug\Exceptions->errorHandler(8, 'Undefined varia...', 'C:\\xampp\\htdocs...', 1, Array)
#1 C:\xampp\htdocs\blog\vendor\codeigniter4\framework\system\View\View.php(246): include('C:\\xampp\\htdocs...')
#2 C:\xampp\htdocs\blog\vendor\codeigniter4\framework\system\View\View.php(525): CodeIgniter\View\View->render('includes/alert', NULL, true)
#3 C:\xampp\htdocs\blog\app\Views\includes\scripts.php(9): CodeIgniter\View\View->include('includes/alert')
#4 C:\xampp\htdocs\blog\vendor\codeigniter4\framework\system\View\View.php(246): include('C:\\xampp\\htdocs...')
#5 C:\xampp\htdocs\blog\vendor\codeigniter4\framework\system\View\View.php(525): CodeIgniter\View\View->render('includes/script...', NULL, true)
#6 C:\xampp\htdocs\blog\app\Views\admin\index.php(55): CodeIgniter\View\View->include('includes/script...')
#7 C:\xampp\htdocs\blog\vendor\codeigniter4\framework\system\View\View.php(246): include('C:\\xampp\\htdocs...')
#8 C:\xampp\htdocs\blog\vendor\codeigniter4\framework\system\View\View.php(257): CodeIgniter\View\View->render('admin/index', Array, true)
#9 C:\xampp\htdocs\blog\vendor\codeigniter4\framework\system\Common.php(1119): CodeIgniter\View\View->render('admin/pages/pos...', Array, true)
#10 C:\xampp\htdocs\blog\app\Controllers\Admin\Posts.php(20): view('admin/pages/pos...', Array)
#11 C:\xampp\htdocs\blog\vendor\codeigniter4\framework\system\CodeIgniter.php(918): App\Controllers\Admin\Posts->index()
#12 C:\xampp\htdocs\blog\vendor\codeigniter4\framework\system\CodeIgniter.php(404): CodeIgniter\CodeIgniter->runController(Object(App\Controllers\Admin\Posts))
#13 C:\xampp\htdocs\blog\vendor\codeigniter4\framework\system\CodeIgniter.php(312): CodeIgniter\CodeIgniter->handleRequest(NULL, Object(Config\Cache), false)
#14 C:\xampp\htdocs\blog\public\index.php(45): CodeIgniter\CodeIgniter->run()
#15 {main}
CRITICAL - 2020-09-25 22:54:10 --> Undefined variable: categories
#0 C:\xampp\htdocs\blog\app\Views\admin\components\post_form.php(25): CodeIgniter\Debug\Exceptions->errorHandler(8, 'Undefined varia...', 'C:\\xampp\\htdocs...', 25, Array)
#1 C:\xampp\htdocs\blog\vendor\codeigniter4\framework\system\View\View.php(246): include('C:\\xampp\\htdocs...')
#2 C:\xampp\htdocs\blog\vendor\codeigniter4\framework\system\Common.php(1119): CodeIgniter\View\View->render('admin/component...', Array, true)
#3 C:\xampp\htdocs\blog\app\Libraries\Blog.php(8): view('admin/component...', Array)
#4 C:\xampp\htdocs\blog\vendor\codeigniter4\framework\system\View\Cell.php(156): App\Libraries\Blog->post_form(Array)
#5 C:\xampp\htdocs\blog\vendor\codeigniter4\framework\system\Common.php(1140): CodeIgniter\View\Cell->render('App\\Libraries\\B...', Array, 0, 'AppLibrariesBlo...')
#6 C:\xampp\htdocs\blog\app\Views\admin\pages\post_add.php(4): view_cell('App\\Libraries\\B...', Array)
#7 C:\xampp\htdocs\blog\vendor\codeigniter4\framework\system\View\View.php(246): include('C:\\xampp\\htdocs...')
#8 C:\xampp\htdocs\blog\vendor\codeigniter4\framework\system\Common.php(1119): CodeIgniter\View\View->render('/admin/pages/po...', Array, true)
#9 C:\xampp\htdocs\blog\app\Controllers\Admin\Posts.php(86): view('/admin/pages/po...', Array)
#10 C:\xampp\htdocs\blog\vendor\codeigniter4\framework\system\CodeIgniter.php(918): App\Controllers\Admin\Posts->update('163')
#11 C:\xampp\htdocs\blog\vendor\codeigniter4\framework\system\CodeIgniter.php(404): CodeIgniter\CodeIgniter->runController(Object(App\Controllers\Admin\Posts))
#12 C:\xampp\htdocs\blog\vendor\codeigniter4\framework\system\CodeIgniter.php(312): CodeIgniter\CodeIgniter->handleRequest(NULL, Object(Config\Cache), false)
#13 C:\xampp\htdocs\blog\public\index.php(45): CodeIgniter\CodeIgniter->run()
#14 {main}
CRITICAL - 2020-09-25 22:57:03 --> Array to string conversion
#0 C:\xampp\htdocs\blog\app\Views\includes\alert.php(8): CodeIgniter\Debug\Exceptions->errorHandler(8, 'Array to string...', 'C:\\xampp\\htdocs...', 8, Array)
#1 C:\xampp\htdocs\blog\vendor\codeigniter4\framework\system\View\View.php(246): include('C:\\xampp\\htdocs...')
#2 C:\xampp\htdocs\blog\vendor\codeigniter4\framework\system\View\View.php(525): CodeIgniter\View\View->render('includes/alert', NULL, true)
#3 C:\xampp\htdocs\blog\app\Views\includes\scripts.php(9): CodeIgniter\View\View->include('includes/alert')
#4 C:\xampp\htdocs\blog\vendor\codeigniter4\framework\system\View\View.php(246): include('C:\\xampp\\htdocs...')
#5 C:\xampp\htdocs\blog\vendor\codeigniter4\framework\system\View\View.php(525): CodeIgniter\View\View->render('includes/script...', NULL, true)
#6 C:\xampp\htdocs\blog\app\Views\admin\index.php(55): CodeIgniter\View\View->include('includes/script...')
#7 C:\xampp\htdocs\blog\vendor\codeigniter4\framework\system\View\View.php(246): include('C:\\xampp\\htdocs...')
#8 C:\xampp\htdocs\blog\vendor\codeigniter4\framework\system\View\View.php(257): CodeIgniter\View\View->render('admin/index', Array, true)
#9 C:\xampp\htdocs\blog\vendor\codeigniter4\framework\system\Common.php(1119): CodeIgniter\View\View->render('admin/pages/pos...', Array, true)
#10 C:\xampp\htdocs\blog\app\Controllers\Admin\Posts.php(20): view('admin/pages/pos...', Array)
#11 C:\xampp\htdocs\blog\vendor\codeigniter4\framework\system\CodeIgniter.php(918): App\Controllers\Admin\Posts->index()
#12 C:\xampp\htdocs\blog\vendor\codeigniter4\framework\system\CodeIgniter.php(404): CodeIgniter\CodeIgniter->runController(Object(App\Controllers\Admin\Posts))
#13 C:\xampp\htdocs\blog\vendor\codeigniter4\framework\system\CodeIgniter.php(312): CodeIgniter\CodeIgniter->handleRequest(NULL, Object(Config\Cache), false)
#14 C:\xampp\htdocs\blog\public\index.php(45): CodeIgniter\CodeIgniter->run()
#15 {main}
CRITICAL - 2020-09-25 23:00:56 --> Trying to access array offset on value of type null
#0 C:\xampp\htdocs\blog\app\Views\includes\alert.php(3): CodeIgniter\Debug\Exceptions->errorHandler(8, 'Trying to acces...', 'C:\\xampp\\htdocs...', 3, Array)
#1 C:\xampp\htdocs\blog\vendor\codeigniter4\framework\system\View\View.php(246): include('C:\\xampp\\htdocs...')
#2 C:\xampp\htdocs\blog\vendor\codeigniter4\framework\system\View\View.php(525): CodeIgniter\View\View->render('includes/alert', NULL, true)
#3 C:\xampp\htdocs\blog\app\Views\includes\scripts.php(9): CodeIgniter\View\View->include('includes/alert')
#4 C:\xampp\htdocs\blog\vendor\codeigniter4\framework\system\View\View.php(246): include('C:\\xampp\\htdocs...')
#5 C:\xampp\htdocs\blog\vendor\codeigniter4\framework\system\View\View.php(525): CodeIgniter\View\View->render('includes/script...', NULL, true)
#6 C:\xampp\htdocs\blog\app\Views\admin\index.php(55): CodeIgniter\View\View->include('includes/script...')
#7 C:\xampp\htdocs\blog\vendor\codeigniter4\framework\system\View\View.php(246): include('C:\\xampp\\htdocs...')
#8 C:\xampp\htdocs\blog\vendor\codeigniter4\framework\system\View\View.php(257): CodeIgniter\View\View->render('admin/index', Array, true)
#9 C:\xampp\htdocs\blog\vendor\codeigniter4\framework\system\Common.php(1119): CodeIgniter\View\View->render('admin/pages/pos...', Array, true)
#10 C:\xampp\htdocs\blog\app\Controllers\Admin\Posts.php(20): view('admin/pages/pos...', Array)
#11 C:\xampp\htdocs\blog\vendor\codeigniter4\framework\system\CodeIgniter.php(918): App\Controllers\Admin\Posts->index()
#12 C:\xampp\htdocs\blog\vendor\codeigniter4\framework\system\CodeIgniter.php(404): CodeIgniter\CodeIgniter->runController(Object(App\Controllers\Admin\Posts))
#13 C:\xampp\htdocs\blog\vendor\codeigniter4\framework\system\CodeIgniter.php(312): CodeIgniter\CodeIgniter->handleRequest(NULL, Object(Config\Cache), false)
#14 C:\xampp\htdocs\blog\public\index.php(45): CodeIgniter\CodeIgniter->run()
#15 {main}
CRITICAL - 2020-09-25 23:01:09 --> Trying to get property 'title' of non-object
#0 C:\xampp\htdocs\blog\app\Views\includes\alert.php(3): CodeIgniter\Debug\Exceptions->errorHandler(8, 'Trying to get p...', 'C:\\xampp\\htdocs...', 3, Array)
#1 C:\xampp\htdocs\blog\vendor\codeigniter4\framework\system\View\View.php(246): include('C:\\xampp\\htdocs...')
#2 C:\xampp\htdocs\blog\vendor\codeigniter4\framework\system\View\View.php(525): CodeIgniter\View\View->render('includes/alert', NULL, true)
#3 C:\xampp\htdocs\blog\app\Views\includes\scripts.php(9): CodeIgniter\View\View->include('includes/alert')
#4 C:\xampp\htdocs\blog\vendor\codeigniter4\framework\system\View\View.php(246): include('C:\\xampp\\htdocs...')
#5 C:\xampp\htdocs\blog\vendor\codeigniter4\framework\system\View\View.php(525): CodeIgniter\View\View->render('includes/script...', NULL, true)
#6 C:\xampp\htdocs\blog\app\Views\admin\index.php(55): CodeIgniter\View\View->include('includes/script...')
#7 C:\xampp\htdocs\blog\vendor\codeigniter4\framework\system\View\View.php(246): include('C:\\xampp\\htdocs...')
#8 C:\xampp\htdocs\blog\vendor\codeigniter4\framework\system\View\View.php(257): CodeIgniter\View\View->render('admin/index', Array, true)
#9 C:\xampp\htdocs\blog\vendor\codeigniter4\framework\system\Common.php(1119): CodeIgniter\View\View->render('admin/pages/pos...', Array, true)
#10 C:\xampp\htdocs\blog\app\Controllers\Admin\Posts.php(20): view('admin/pages/pos...', Array)
#11 C:\xampp\htdocs\blog\vendor\codeigniter4\framework\system\CodeIgniter.php(918): App\Controllers\Admin\Posts->index()
#12 C:\xampp\htdocs\blog\vendor\codeigniter4\framework\system\CodeIgniter.php(404): CodeIgniter\CodeIgniter->runController(Object(App\Controllers\Admin\Posts))
#13 C:\xampp\htdocs\blog\vendor\codeigniter4\framework\system\CodeIgniter.php(312): CodeIgniter\CodeIgniter->handleRequest(NULL, Object(Config\Cache), false)
#14 C:\xampp\htdocs\blog\public\index.php(45): CodeIgniter\CodeIgniter->run()
#15 {main}
CRITICAL - 2020-09-25 23:08:11 --> Trying to access array offset on value of type null
#0 C:\xampp\htdocs\blog\app\Views\includes\alert.php(3): CodeIgniter\Debug\Exceptions->errorHandler(8, 'Trying to acces...', 'C:\\xampp\\htdocs...', 3, Array)
#1 C:\xampp\htdocs\blog\vendor\codeigniter4\framework\system\View\View.php(246): include('C:\\xampp\\htdocs...')
#2 C:\xampp\htdocs\blog\vendor\codeigniter4\framework\system\View\View.php(525): CodeIgniter\View\View->render('includes/alert', NULL, true)
#3 C:\xampp\htdocs\blog\app\Views\includes\scripts.php(7): CodeIgniter\View\View->include('includes/alert')
#4 C:\xampp\htdocs\blog\vendor\codeigniter4\framework\system\View\View.php(246): include('C:\\xampp\\htdocs...')
#5 C:\xampp\htdocs\blog\vendor\codeigniter4\framework\system\View\View.php(525): CodeIgniter\View\View->render('includes/script...', NULL, true)
#6 C:\xampp\htdocs\blog\app\Views\admin\index.php(55): CodeIgniter\View\View->include('includes/script...')
#7 C:\xampp\htdocs\blog\vendor\codeigniter4\framework\system\View\View.php(246): include('C:\\xampp\\htdocs...')
#8 C:\xampp\htdocs\blog\vendor\codeigniter4\framework\system\View\View.php(257): CodeIgniter\View\View->render('admin/index', Array, true)
#9 C:\xampp\htdocs\blog\vendor\codeigniter4\framework\system\Common.php(1119): CodeIgniter\View\View->render('admin/pages/pos...', Array, true)
#10 C:\xampp\htdocs\blog\app\Controllers\Admin\Posts.php(20): view('admin/pages/pos...', Array)
#11 C:\xampp\htdocs\blog\vendor\codeigniter4\framework\system\CodeIgniter.php(918): App\Controllers\Admin\Posts->index()
#12 C:\xampp\htdocs\blog\vendor\codeigniter4\framework\system\CodeIgniter.php(404): CodeIgniter\CodeIgniter->runController(Object(App\Controllers\Admin\Posts))
#13 C:\xampp\htdocs\blog\vendor\codeigniter4\framework\system\CodeIgniter.php(312): CodeIgniter\CodeIgniter->handleRequest(NULL, Object(Config\Cache), false)
#14 C:\xampp\htdocs\blog\public\index.php(45): CodeIgniter\CodeIgniter->run()
#15 {main}
CRITICAL - 2020-09-25 23:08:16 --> Trying to access array offset on value of type null
#0 C:\xampp\htdocs\blog\app\Views\includes\alert.php(3): CodeIgniter\Debug\Exceptions->errorHandler(8, 'Trying to acces...', 'C:\\xampp\\htdocs...', 3, Array)
#1 C:\xampp\htdocs\blog\vendor\codeigniter4\framework\system\View\View.php(246): include('C:\\xampp\\htdocs...')
#2 C:\xampp\htdocs\blog\vendor\codeigniter4\framework\system\View\View.php(525): CodeIgniter\View\View->render('includes/alert', NULL, true)
#3 C:\xampp\htdocs\blog\app\Views\includes\scripts.php(7): CodeIgniter\View\View->include('includes/alert')
#4 C:\xampp\htdocs\blog\vendor\codeigniter4\framework\system\View\View.php(246): include('C:\\xampp\\htdocs...')
#5 C:\xampp\htdocs\blog\vendor\codeigniter4\framework\system\View\View.php(525): CodeIgniter\View\View->render('includes/script...', NULL, true)
#6 C:\xampp\htdocs\blog\app\Views\admin\index.php(55): CodeIgniter\View\View->include('includes/script...')
#7 C:\xampp\htdocs\blog\vendor\codeigniter4\framework\system\View\View.php(246): include('C:\\xampp\\htdocs...')
#8 C:\xampp\htdocs\blog\vendor\codeigniter4\framework\system\View\View.php(257): CodeIgniter\View\View->render('admin/index', Array, true)
#9 C:\xampp\htdocs\blog\vendor\codeigniter4\framework\system\Common.php(1119): CodeIgniter\View\View->render('admin/pages/pos...', Array, true)
#10 C:\xampp\htdocs\blog\app\Controllers\Admin\Posts.php(69): view('admin/pages/pos...', Array)
#11 C:\xampp\htdocs\blog\vendor\codeigniter4\framework\system\CodeIgniter.php(918): App\Controllers\Admin\Posts->update('163')
#12 C:\xampp\htdocs\blog\vendor\codeigniter4\framework\system\CodeIgniter.php(404): CodeIgniter\CodeIgniter->runController(Object(App\Controllers\Admin\Posts))
#13 C:\xampp\htdocs\blog\vendor\codeigniter4\framework\system\CodeIgniter.php(312): CodeIgniter\CodeIgniter->handleRequest(NULL, Object(Config\Cache), false)
#14 C:\xampp\htdocs\blog\public\index.php(45): CodeIgniter\CodeIgniter->run()
#15 {main}
CRITICAL - 2020-09-25 23:23:24 --> Undefined variable: alert
#0 C:\xampp\htdocs\blog\app\Views\includes\alert.php(5): CodeIgniter\Debug\Exceptions->errorHandler(8, 'Undefined varia...', 'C:\\xampp\\htdocs...', 5, Array)
#1 C:\xampp\htdocs\blog\vendor\codeigniter4\framework\system\View\View.php(246): include('C:\\xampp\\htdocs...')
#2 C:\xampp\htdocs\blog\vendor\codeigniter4\framework\system\View\View.php(525): CodeIgniter\View\View->render('includes/alert', NULL, true)
#3 C:\xampp\htdocs\blog\app\Views\includes\scripts.php(7): CodeIgniter\View\View->include('includes/alert')
#4 C:\xampp\htdocs\blog\vendor\codeigniter4\framework\system\View\View.php(246): include('C:\\xampp\\htdocs...')
#5 C:\xampp\htdocs\blog\vendor\codeigniter4\framework\system\View\View.php(525): CodeIgniter\View\View->render('includes/script...', NULL, true)
#6 C:\xampp\htdocs\blog\app\Views\admin\index.php(55): CodeIgniter\View\View->include('includes/script...')
#7 C:\xampp\htdocs\blog\vendor\codeigniter4\framework\system\View\View.php(246): include('C:\\xampp\\htdocs...')
#8 C:\xampp\htdocs\blog\vendor\codeigniter4\framework\system\View\View.php(257): CodeIgniter\View\View->render('admin/index', Array, true)
#9 C:\xampp\htdocs\blog\vendor\codeigniter4\framework\system\Common.php(1119): CodeIgniter\View\View->render('admin/pages/pos...', Array, true)
#10 C:\xampp\htdocs\blog\app\Controllers\Admin\Posts.php(20): view('admin/pages/pos...', Array)
#11 C:\xampp\htdocs\blog\vendor\codeigniter4\framework\system\CodeIgniter.php(918): App\Controllers\Admin\Posts->index()
#12 C:\xampp\htdocs\blog\vendor\codeigniter4\framework\system\CodeIgniter.php(404): CodeIgniter\CodeIgniter->runController(Object(App\Controllers\Admin\Posts))
#13 C:\xampp\htdocs\blog\vendor\codeigniter4\framework\system\CodeIgniter.php(312): CodeIgniter\CodeIgniter->handleRequest(NULL, Object(Config\Cache), false)
#14 C:\xampp\htdocs\blog\public\index.php(45): CodeIgniter\CodeIgniter->run()
#15 {main}
CRITICAL - 2020-09-25 23:24:45 --> Undefined variable: alert
#0 C:\xampp\htdocs\blog\app\Views\includes\alert.php(5): CodeIgniter\Debug\Exceptions->errorHandler(8, 'Undefined varia...', 'C:\\xampp\\htdocs...', 5, Array)
#1 C:\xampp\htdocs\blog\vendor\codeigniter4\framework\system\View\View.php(246): include('C:\\xampp\\htdocs...')
#2 C:\xampp\htdocs\blog\vendor\codeigniter4\framework\system\View\View.php(525): CodeIgniter\View\View->render('includes/alert', NULL, true)
#3 C:\xampp\htdocs\blog\app\Views\includes\scripts.php(7): CodeIgniter\View\View->include('includes/alert')
#4 C:\xampp\htdocs\blog\vendor\codeigniter4\framework\system\View\View.php(246): include('C:\\xampp\\htdocs...')
#5 C:\xampp\htdocs\blog\vendor\codeigniter4\framework\system\View\View.php(525): CodeIgniter\View\View->render('includes/script...', NULL, true)
#6 C:\xampp\htdocs\blog\app\Views\admin\index.php(55): CodeIgniter\View\View->include('includes/script...')
#7 C:\xampp\htdocs\blog\vendor\codeigniter4\framework\system\View\View.php(246): include('C:\\xampp\\htdocs...')
#8 C:\xampp\htdocs\blog\vendor\codeigniter4\framework\system\View\View.php(257): CodeIgniter\View\View->render('admin/index', Array, true)
#9 C:\xampp\htdocs\blog\vendor\codeigniter4\framework\system\Common.php(1119): CodeIgniter\View\View->render('admin/pages/pos...', Array, true)
#10 C:\xampp\htdocs\blog\app\Controllers\Admin\Posts.php(20): view('admin/pages/pos...', Array)
#11 C:\xampp\htdocs\blog\vendor\codeigniter4\framework\system\CodeIgniter.php(918): App\Controllers\Admin\Posts->index()
#12 C:\xampp\htdocs\blog\vendor\codeigniter4\framework\system\CodeIgniter.php(404): CodeIgniter\CodeIgniter->runController(Object(App\Controllers\Admin\Posts))
#13 C:\xampp\htdocs\blog\vendor\codeigniter4\framework\system\CodeIgniter.php(312): CodeIgniter\CodeIgniter->handleRequest(NULL, Object(Config\Cache), false)
#14 C:\xampp\htdocs\blog\public\index.php(45): CodeIgniter\CodeIgniter->run()
#15 {main}
CRITICAL - 2020-09-25 23:26:50 --> Undefined index: showConfirmButton
#0 C:\xampp\htdocs\blog\app\Views\includes\alert.php(12): CodeIgniter\Debug\Exceptions->errorHandler(8, 'Undefined index...', 'C:\\xampp\\htdocs...', 12, Array)
#1 C:\xampp\htdocs\blog\vendor\codeigniter4\framework\system\View\View.php(246): include('C:\\xampp\\htdocs...')
#2 C:\xampp\htdocs\blog\vendor\codeigniter4\framework\system\View\View.php(525): CodeIgniter\View\View->render('includes/alert', NULL, true)
#3 C:\xampp\htdocs\blog\app\Views\includes\scripts.php(7): CodeIgniter\View\View->include('includes/alert')
#4 C:\xampp\htdocs\blog\vendor\codeigniter4\framework\system\View\View.php(246): include('C:\\xampp\\htdocs...')
#5 C:\xampp\htdocs\blog\vendor\codeigniter4\framework\system\View\View.php(525): CodeIgniter\View\View->render('includes/script...', NULL, true)
#6 C:\xampp\htdocs\blog\app\Views\admin\index.php(55): CodeIgniter\View\View->include('includes/script...')
#7 C:\xampp\htdocs\blog\vendor\codeigniter4\framework\system\View\View.php(246): include('C:\\xampp\\htdocs...')
#8 C:\xampp\htdocs\blog\vendor\codeigniter4\framework\system\View\View.php(257): CodeIgniter\View\View->render('admin/index', Array, true)
#9 C:\xampp\htdocs\blog\vendor\codeigniter4\framework\system\Common.php(1119): CodeIgniter\View\View->render('admin/pages/pos...', Array, true)
#10 C:\xampp\htdocs\blog\app\Controllers\Admin\Posts.php(113): view('admin/pages/pos...', Array)
#11 C:\xampp\htdocs\blog\vendor\codeigniter4\framework\system\CodeIgniter.php(918): App\Controllers\Admin\Posts->delete()
#12 C:\xampp\htdocs\blog\vendor\codeigniter4\framework\system\CodeIgniter.php(404): CodeIgniter\CodeIgniter->runController(Object(App\Controllers\Admin\Posts))
#13 C:\xampp\htdocs\blog\vendor\codeigniter4\framework\system\CodeIgniter.php(312): CodeIgniter\CodeIgniter->handleRequest(NULL, Object(Config\Cache), false)
#14 C:\xampp\htdocs\blog\public\index.php(45): CodeIgniter\CodeIgniter->run()
#15 {main}
CRITICAL - 2020-09-25 23:27:02 --> Undefined index: showConfirmButton
#0 C:\xampp\htdocs\blog\app\Views\includes\alert.php(12): CodeIgniter\Debug\Exceptions->errorHandler(8, 'Undefined index...', 'C:\\xampp\\htdocs...', 12, Array)
#1 C:\xampp\htdocs\blog\vendor\codeigniter4\framework\system\View\View.php(246): include('C:\\xampp\\htdocs...')
#2 C:\xampp\htdocs\blog\vendor\codeigniter4\framework\system\View\View.php(525): CodeIgniter\View\View->render('includes/alert', NULL, true)
#3 C:\xampp\htdocs\blog\app\Views\includes\scripts.php(7): CodeIgniter\View\View->include('includes/alert')
#4 C:\xampp\htdocs\blog\vendor\codeigniter4\framework\system\View\View.php(246): include('C:\\xampp\\htdocs...')
#5 C:\xampp\htdocs\blog\vendor\codeigniter4\framework\system\View\View.php(525): CodeIgniter\View\View->render('includes/script...', NULL, true)
#6 C:\xampp\htdocs\blog\app\Views\admin\index.php(55): CodeIgniter\View\View->include('includes/script...')
#7 C:\xampp\htdocs\blog\vendor\codeigniter4\framework\system\View\View.php(246): include('C:\\xampp\\htdocs...')
#8 C:\xampp\htdocs\blog\vendor\codeigniter4\framework\system\View\View.php(257): CodeIgniter\View\View->render('admin/index', Array, true)
#9 C:\xampp\htdocs\blog\vendor\codeigniter4\framework\system\Common.php(1119): CodeIgniter\View\View->render('admin/pages/pos...', Array, true)
#10 C:\xampp\htdocs\blog\app\Controllers\Admin\Posts.php(20): view('admin/pages/pos...', Array)
#11 C:\xampp\htdocs\blog\vendor\codeigniter4\framework\system\CodeIgniter.php(918): App\Controllers\Admin\Posts->index()
#12 C:\xampp\htdocs\blog\vendor\codeigniter4\framework\system\CodeIgniter.php(404): CodeIgniter\CodeIgniter->runController(Object(App\Controllers\Admin\Posts))
#13 C:\xampp\htdocs\blog\vendor\codeigniter4\framework\system\CodeIgniter.php(312): CodeIgniter\CodeIgniter->handleRequest(NULL, Object(Config\Cache), false)
#14 C:\xampp\htdocs\blog\public\index.php(45): CodeIgniter\CodeIgniter->run()
#15 {main}
CRITICAL - 2020-09-25 23:29:38 --> Undefined variable: alert
#0 C:\xampp\htdocs\blog\app\Views\includes\alert.php(3): CodeIgniter\Debug\Exceptions->errorHandler(8, 'Undefined varia...', 'C:\\xampp\\htdocs...', 3, Array)
#1 C:\xampp\htdocs\blog\vendor\codeigniter4\framework\system\View\View.php(246): include('C:\\xampp\\htdocs...')
#2 C:\xampp\htdocs\blog\vendor\codeigniter4\framework\system\View\View.php(525): CodeIgniter\View\View->render('includes/alert', NULL, true)
#3 C:\xampp\htdocs\blog\app\Views\includes\scripts.php(7): CodeIgniter\View\View->include('includes/alert')
#4 C:\xampp\htdocs\blog\vendor\codeigniter4\framework\system\View\View.php(246): include('C:\\xampp\\htdocs...')
#5 C:\xampp\htdocs\blog\vendor\codeigniter4\framework\system\View\View.php(525): CodeIgniter\View\View->render('includes/script...', NULL, true)
#6 C:\xampp\htdocs\blog\app\Views\admin\index.php(55): CodeIgniter\View\View->include('includes/script...')
#7 C:\xampp\htdocs\blog\vendor\codeigniter4\framework\system\View\View.php(246): include('C:\\xampp\\htdocs...')
#8 C:\xampp\htdocs\blog\vendor\codeigniter4\framework\system\View\View.php(257): CodeIgniter\View\View->render('admin/index', Array, true)
#9 C:\xampp\htdocs\blog\vendor\codeigniter4\framework\system\Common.php(1119): CodeIgniter\View\View->render('admin/pages/cat...', Array, true)
#10 C:\xampp\htdocs\blog\app\Controllers\Admin\Categories.php(15): view('admin/pages/cat...', Array)
#11 C:\xampp\htdocs\blog\vendor\codeigniter4\framework\system\CodeIgniter.php(918): App\Controllers\Admin\Categories->index()
#12 C:\xampp\htdocs\blog\vendor\codeigniter4\framework\system\CodeIgniter.php(404): CodeIgniter\CodeIgniter->runController(Object(App\Controllers\Admin\Categories))
#13 C:\xampp\htdocs\blog\vendor\codeigniter4\framework\system\CodeIgniter.php(312): CodeIgniter\CodeIgniter->handleRequest(NULL, Object(Config\Cache), false)
#14 C:\xampp\htdocs\blog\public\index.php(45): CodeIgniter\CodeIgniter->run()
#15 {main}
CRITICAL - 2020-09-25 23:37:46 --> Illegal string offset 'timer'
#0 C:\xampp\htdocs\blog\app\Views\includes\alert.php(9): CodeIgniter\Debug\Exceptions->errorHandler(2, 'Illegal string ...', 'C:\\xampp\\htdocs...', 9, Array)
#1 C:\xampp\htdocs\blog\vendor\codeigniter4\framework\system\View\View.php(246): include('C:\\xampp\\htdocs...')
#2 C:\xampp\htdocs\blog\vendor\codeigniter4\framework\system\View\View.php(525): CodeIgniter\View\View->render('includes/alert', NULL, true)
#3 C:\xampp\htdocs\blog\app\Views\includes\scripts.php(7): CodeIgniter\View\View->include('includes/alert')
#4 C:\xampp\htdocs\blog\vendor\codeigniter4\framework\system\View\View.php(246): include('C:\\xampp\\htdocs...')
#5 C:\xampp\htdocs\blog\vendor\codeigniter4\framework\system\View\View.php(525): CodeIgniter\View\View->render('includes/script...', NULL, true)
#6 C:\xampp\htdocs\blog\app\Views\admin\index.php(55): CodeIgniter\View\View->include('includes/script...')
#7 C:\xampp\htdocs\blog\vendor\codeigniter4\framework\system\View\View.php(246): include('C:\\xampp\\htdocs...')
#8 C:\xampp\htdocs\blog\vendor\codeigniter4\framework\system\View\View.php(257): CodeIgniter\View\View->render('admin/index', Array, true)
#9 C:\xampp\htdocs\blog\vendor\codeigniter4\framework\system\Common.php(1119): CodeIgniter\View\View->render('admin/pages/cat...', Array, true)
#10 C:\xampp\htdocs\blog\app\Controllers\Admin\Categories.php(54): view('admin/pages/cat...', Array)
#11 C:\xampp\htdocs\blog\vendor\codeigniter4\framework\system\CodeIgniter.php(918): App\Controllers\Admin\Categories->delete()
#12 C:\xampp\htdocs\blog\vendor\codeigniter4\framework\system\CodeIgniter.php(404): CodeIgniter\CodeIgniter->runController(Object(App\Controllers\Admin\Categories))
#13 C:\xampp\htdocs\blog\vendor\codeigniter4\framework\system\CodeIgniter.php(312): CodeIgniter\CodeIgniter->handleRequest(NULL, Object(Config\Cache), false)
#14 C:\xampp\htdocs\blog\public\index.php(45): CodeIgniter\CodeIgniter->run()
#15 {main}
CRITICAL - 2020-09-25 23:40:37 --> Illegal string offset 'timer'
#0 C:\xampp\htdocs\blog\app\Views\includes\alert.php(9): CodeIgniter\Debug\Exceptions->errorHandler(2, 'Illegal string ...', 'C:\\xampp\\htdocs...', 9, Array)
#1 C:\xampp\htdocs\blog\vendor\codeigniter4\framework\system\View\View.php(246): include('C:\\xampp\\htdocs...')
#2 C:\xampp\htdocs\blog\vendor\codeigniter4\framework\system\View\View.php(525): CodeIgniter\View\View->render('includes/alert', NULL, true)
#3 C:\xampp\htdocs\blog\app\Views\includes\scripts.php(7): CodeIgniter\View\View->include('includes/alert')
#4 C:\xampp\htdocs\blog\vendor\codeigniter4\framework\system\View\View.php(246): include('C:\\xampp\\htdocs...')
#5 C:\xampp\htdocs\blog\vendor\codeigniter4\framework\system\View\View.php(525): CodeIgniter\View\View->render('includes/script...', NULL, true)
#6 C:\xampp\htdocs\blog\app\Views\admin\index.php(55): CodeIgniter\View\View->include('includes/script...')
#7 C:\xampp\htdocs\blog\vendor\codeigniter4\framework\system\View\View.php(246): include('C:\\xampp\\htdocs...')
#8 C:\xampp\htdocs\blog\vendor\codeigniter4\framework\system\View\View.php(257): CodeIgniter\View\View->render('admin/index', Array, true)
#9 C:\xampp\htdocs\blog\vendor\codeigniter4\framework\system\Common.php(1119): CodeIgniter\View\View->render('admin/pages/cat...', Array, true)
#10 C:\xampp\htdocs\blog\app\Controllers\Admin\Categories.php(54): view('admin/pages/cat...', Array)
#11 C:\xampp\htdocs\blog\vendor\codeigniter4\framework\system\CodeIgniter.php(918): App\Controllers\Admin\Categories->delete()
#12 C:\xampp\htdocs\blog\vendor\codeigniter4\framework\system\CodeIgniter.php(404): CodeIgniter\CodeIgniter->runController(Object(App\Controllers\Admin\Categories))
#13 C:\xampp\htdocs\blog\vendor\codeigniter4\framework\system\CodeIgniter.php(312): CodeIgniter\CodeIgniter->handleRequest(NULL, Object(Config\Cache), false)
#14 C:\xampp\htdocs\blog\public\index.php(45): CodeIgniter\CodeIgniter->run()
#15 {main}
