CRITICAL - 2020-09-21 00:37:11 --> syntax error, unexpected end of file
#0 C:\xampp\htdocs\blog\vendor\codeigniter4\framework\system\Common.php(1119): CodeIgniter\View\View->render('admin/component...', Array, true)
#1 C:\xampp\htdocs\blog\app\Libraries\Blog.php(8): view('admin/component...', Array)
#2 C:\xampp\htdocs\blog\vendor\codeigniter4\framework\system\View\Cell.php(156): App\Libraries\Blog->post_form(Array)
#3 C:\xampp\htdocs\blog\vendor\codeigniter4\framework\system\Common.php(1140): CodeIgniter\View\Cell->render('App\\Libraries\\B...', Array, 0, 'AppLibrariesBlo...')
#4 C:\xampp\htdocs\blog\app\Views\admin\pages\post_edit.php(4): view_cell('App\\Libraries\\B...', Array)
#5 C:\xampp\htdocs\blog\vendor\codeigniter4\framework\system\View\View.php(246): include('C:\\xampp\\htdocs...')
#6 C:\xampp\htdocs\blog\vendor\codeigniter4\framework\system\Common.php(1119): CodeIgniter\View\View->render('admin/pages/pos...', Array, true)
#7 C:\xampp\htdocs\blog\app\Controllers\Admin\Posts.php(79): view('admin/pages/pos...', Array)
#8 C:\xampp\htdocs\blog\vendor\codeigniter4\framework\system\CodeIgniter.php(918): App\Controllers\Admin\Posts->update('1')
#9 C:\xampp\htdocs\blog\vendor\codeigniter4\framework\system\CodeIgniter.php(404): CodeIgniter\CodeIgniter->runController(Object(App\Controllers\Admin\Posts))
#10 C:\xampp\htdocs\blog\vendor\codeigniter4\framework\system\CodeIgniter.php(312): CodeIgniter\CodeIgniter->handleRequest(NULL, Object(Config\Cache), false)
#11 C:\xampp\htdocs\blog\public\index.php(45): CodeIgniter\CodeIgniter->run()
#12 {main}
CRITICAL - 2020-09-21 00:37:56 --> Undefined property: stdClass::$cover_img
#0 C:\xampp\htdocs\blog\app\Views\admin\components\post_form.php(35): CodeIgniter\Debug\Exceptions->errorHandler(8, 'Undefined prope...', 'C:\\xampp\\htdocs...', 35, Array)
#1 C:\xampp\htdocs\blog\vendor\codeigniter4\framework\system\View\View.php(246): include('C:\\xampp\\htdocs...')
#2 C:\xampp\htdocs\blog\vendor\codeigniter4\framework\system\Common.php(1119): CodeIgniter\View\View->render('admin/component...', Array, true)
#3 C:\xampp\htdocs\blog\app\Libraries\Blog.php(8): view('admin/component...', Array)
#4 C:\xampp\htdocs\blog\vendor\codeigniter4\framework\system\View\Cell.php(156): App\Libraries\Blog->post_form(Array)
#5 C:\xampp\htdocs\blog\vendor\codeigniter4\framework\system\Common.php(1140): CodeIgniter\View\Cell->render('App\\Libraries\\B...', Array, 0, 'AppLibrariesBlo...')
#6 C:\xampp\htdocs\blog\app\Views\admin\pages\post_edit.php(4): view_cell('App\\Libraries\\B...', Array)
#7 C:\xampp\htdocs\blog\vendor\codeigniter4\framework\system\View\View.php(246): include('C:\\xampp\\htdocs...')
#8 C:\xampp\htdocs\blog\vendor\codeigniter4\framework\system\Common.php(1119): CodeIgniter\View\View->render('admin/pages/pos...', Array, true)
#9 C:\xampp\htdocs\blog\app\Controllers\Admin\Posts.php(79): view('admin/pages/pos...', Array)
#10 C:\xampp\htdocs\blog\vendor\codeigniter4\framework\system\CodeIgniter.php(918): App\Controllers\Admin\Posts->update('1')
#11 C:\xampp\htdocs\blog\vendor\codeigniter4\framework\system\CodeIgniter.php(404): CodeIgniter\CodeIgniter->runController(Object(App\Controllers\Admin\Posts))
#12 C:\xampp\htdocs\blog\vendor\codeigniter4\framework\system\CodeIgniter.php(312): CodeIgniter\CodeIgniter->handleRequest(NULL, Object(Config\Cache), false)
#13 C:\xampp\htdocs\blog\public\index.php(45): CodeIgniter\CodeIgniter->run()
#14 {main}
CRITICAL - 2020-09-21 00:40:25 --> Invalid argument supplied for foreach()
#0 C:\xampp\htdocs\blog\app\Views\admin\components\post_form.php(25): CodeIgniter\Debug\Exceptions->errorHandler(2, 'Invalid argumen...', 'C:\\xampp\\htdocs...', 25, Array)
#1 C:\xampp\htdocs\blog\vendor\codeigniter4\framework\system\View\View.php(246): include('C:\\xampp\\htdocs...')
#2 C:\xampp\htdocs\blog\vendor\codeigniter4\framework\system\Common.php(1119): CodeIgniter\View\View->render('admin/component...', Array, true)
#3 C:\xampp\htdocs\blog\app\Libraries\Blog.php(8): view('admin/component...', Array)
#4 C:\xampp\htdocs\blog\vendor\codeigniter4\framework\system\View\Cell.php(156): App\Libraries\Blog->post_form(Array)
#5 C:\xampp\htdocs\blog\vendor\codeigniter4\framework\system\Common.php(1140): CodeIgniter\View\Cell->render('App\\Libraries\\B...', Array, 0, 'AppLibrariesBlo...')
#6 C:\xampp\htdocs\blog\app\Views\admin\pages\post_add.php(4): view_cell('App\\Libraries\\B...', Array)
#7 C:\xampp\htdocs\blog\vendor\codeigniter4\framework\system\View\View.php(246): include('C:\\xampp\\htdocs...')
#8 C:\xampp\htdocs\blog\vendor\codeigniter4\framework\system\Common.php(1119): CodeIgniter\View\View->render('/admin/pages/po...', Array, true)
#9 C:\xampp\htdocs\blog\app\Controllers\Admin\Posts.php(123): view('/admin/pages/po...', Array)
#10 C:\xampp\htdocs\blog\vendor\codeigniter4\framework\system\CodeIgniter.php(918): App\Controllers\Admin\Posts->update('107')
#11 C:\xampp\htdocs\blog\vendor\codeigniter4\framework\system\CodeIgniter.php(404): CodeIgniter\CodeIgniter->runController(Object(App\Controllers\Admin\Posts))
#12 C:\xampp\htdocs\blog\vendor\codeigniter4\framework\system\CodeIgniter.php(312): CodeIgniter\CodeIgniter->handleRequest(NULL, Object(Config\Cache), false)
#13 C:\xampp\htdocs\blog\public\index.php(45): CodeIgniter\CodeIgniter->run()
#14 {main}
CRITICAL - 2020-09-21 00:40:51 --> Invalid argument supplied for foreach()
#0 C:\xampp\htdocs\blog\app\Views\admin\components\post_form.php(25): CodeIgniter\Debug\Exceptions->errorHandler(2, 'Invalid argumen...', 'C:\\xampp\\htdocs...', 25, Array)
#1 C:\xampp\htdocs\blog\vendor\codeigniter4\framework\system\View\View.php(246): include('C:\\xampp\\htdocs...')
#2 C:\xampp\htdocs\blog\vendor\codeigniter4\framework\system\Common.php(1119): CodeIgniter\View\View->render('admin/component...', Array, true)
#3 C:\xampp\htdocs\blog\app\Libraries\Blog.php(8): view('admin/component...', Array)
#4 C:\xampp\htdocs\blog\vendor\codeigniter4\framework\system\View\Cell.php(156): App\Libraries\Blog->post_form(Array)
#5 C:\xampp\htdocs\blog\vendor\codeigniter4\framework\system\Common.php(1140): CodeIgniter\View\Cell->render('App\\Libraries\\B...', Array, 0, 'AppLibrariesBlo...')
#6 C:\xampp\htdocs\blog\app\Views\admin\pages\post_add.php(4): view_cell('App\\Libraries\\B...', Array)
#7 C:\xampp\htdocs\blog\vendor\codeigniter4\framework\system\View\View.php(246): include('C:\\xampp\\htdocs...')
#8 C:\xampp\htdocs\blog\vendor\codeigniter4\framework\system\Common.php(1119): CodeIgniter\View\View->render('/admin/pages/po...', Array, true)
#9 C:\xampp\htdocs\blog\app\Controllers\Admin\Posts.php(123): view('/admin/pages/po...', Array)
#10 C:\xampp\htdocs\blog\vendor\codeigniter4\framework\system\CodeIgniter.php(918): App\Controllers\Admin\Posts->update('107')
#11 C:\xampp\htdocs\blog\vendor\codeigniter4\framework\system\CodeIgniter.php(404): CodeIgniter\CodeIgniter->runController(Object(App\Controllers\Admin\Posts))
#12 C:\xampp\htdocs\blog\vendor\codeigniter4\framework\system\CodeIgniter.php(312): CodeIgniter\CodeIgniter->handleRequest(NULL, Object(Config\Cache), false)
#13 C:\xampp\htdocs\blog\public\index.php(45): CodeIgniter\CodeIgniter->run()
#14 {main}
CRITICAL - 2020-09-21 00:40:53 --> Undefined variable: totalTime
#0 C:\xampp\htdocs\blog\vendor\codeigniter4\framework\system\Debug\Toolbar\Views\toolbar.tpl.php(56): CodeIgniter\Debug\Exceptions->errorHandler(8, 'Undefined varia...', 'C:\\xampp\\htdocs...', 56, Array)
#1 C:\xampp\htdocs\blog\vendor\codeigniter4\framework\system\Debug\Toolbar.php(498): include('C:\\xampp\\htdocs...')
#2 C:\xampp\htdocs\blog\vendor\codeigniter4\framework\system\Debug\Toolbar.php(455): CodeIgniter\Debug\Toolbar->format(Array, 'html')
#3 C:\xampp\htdocs\blog\app\Config\Events.php(50): CodeIgniter\Debug\Toolbar->respond()
#4 [internal function]: CodeIgniter\Events\Events::Config\{closure}()
#5 C:\xampp\htdocs\blog\vendor\codeigniter4\framework\system\Events\Events.php(188): call_user_func(Object(Closure))
#6 C:\xampp\htdocs\blog\vendor\codeigniter4\framework\system\CodeIgniter.php(293): CodeIgniter\Events\Events::trigger('pre_system')
#7 C:\xampp\htdocs\blog\public\index.php(45): CodeIgniter\CodeIgniter->run()
#8 {main}
CRITICAL - 2020-09-21 00:42:14 --> Invalid argument supplied for foreach()
#0 C:\xampp\htdocs\blog\app\Views\admin\components\post_form.php(25): CodeIgniter\Debug\Exceptions->errorHandler(2, 'Invalid argumen...', 'C:\\xampp\\htdocs...', 25, Array)
#1 C:\xampp\htdocs\blog\vendor\codeigniter4\framework\system\View\View.php(246): include('C:\\xampp\\htdocs...')
#2 C:\xampp\htdocs\blog\vendor\codeigniter4\framework\system\Common.php(1119): CodeIgniter\View\View->render('admin/component...', Array, true)
#3 C:\xampp\htdocs\blog\app\Libraries\Blog.php(8): view('admin/component...', Array)
#4 C:\xampp\htdocs\blog\vendor\codeigniter4\framework\system\View\Cell.php(156): App\Libraries\Blog->post_form(Array)
#5 C:\xampp\htdocs\blog\vendor\codeigniter4\framework\system\Common.php(1140): CodeIgniter\View\Cell->render('App\\Libraries\\B...', Array, 0, 'AppLibrariesBlo...')
#6 C:\xampp\htdocs\blog\app\Views\admin\pages\post_add.php(4): view_cell('App\\Libraries\\B...', Array)
#7 C:\xampp\htdocs\blog\vendor\codeigniter4\framework\system\View\View.php(246): include('C:\\xampp\\htdocs...')
#8 C:\xampp\htdocs\blog\vendor\codeigniter4\framework\system\Common.php(1119): CodeIgniter\View\View->render('/admin/pages/po...', Array, true)
#9 C:\xampp\htdocs\blog\app\Controllers\Admin\Posts.php(68): view('/admin/pages/po...', Array)
#10 C:\xampp\htdocs\blog\vendor\codeigniter4\framework\system\CodeIgniter.php(918): App\Controllers\Admin\Posts->add()
#11 C:\xampp\htdocs\blog\vendor\codeigniter4\framework\system\CodeIgniter.php(404): CodeIgniter\CodeIgniter->runController(Object(App\Controllers\Admin\Posts))
#12 C:\xampp\htdocs\blog\vendor\codeigniter4\framework\system\CodeIgniter.php(312): CodeIgniter\CodeIgniter->handleRequest(NULL, Object(Config\Cache), false)
#13 C:\xampp\htdocs\blog\public\index.php(45): CodeIgniter\CodeIgniter->run()
#14 {main}
CRITICAL - 2020-09-21 00:43:09 --> Invalid file: /admin/pages/post_update.php
#0 C:\xampp\htdocs\blog\vendor\codeigniter4\framework\system\View\View.php(228): CodeIgniter\Exceptions\FrameworkException::forInvalidFile('/admin/pages/po...')
#1 C:\xampp\htdocs\blog\vendor\codeigniter4\framework\system\Common.php(1119): CodeIgniter\View\View->render('/admin/pages/po...', Array, true)
#2 C:\xampp\htdocs\blog\app\Controllers\Admin\Posts.php(124): view('/admin/pages/po...', Array)
#3 C:\xampp\htdocs\blog\vendor\codeigniter4\framework\system\CodeIgniter.php(918): App\Controllers\Admin\Posts->update('107')
#4 C:\xampp\htdocs\blog\vendor\codeigniter4\framework\system\CodeIgniter.php(404): CodeIgniter\CodeIgniter->runController(Object(App\Controllers\Admin\Posts))
#5 C:\xampp\htdocs\blog\vendor\codeigniter4\framework\system\CodeIgniter.php(312): CodeIgniter\CodeIgniter->handleRequest(NULL, Object(Config\Cache), false)
#6 C:\xampp\htdocs\blog\public\index.php(45): CodeIgniter\CodeIgniter->run()
#7 {main}
CRITICAL - 2020-09-21 00:54:16 --> unlink(./uploads/images/posts/1600599943_65c700877d9f852d7c7b.jpg): No such file or directory
#0 [internal function]: CodeIgniter\Debug\Exceptions->errorHandler(2, 'unlink(./upload...', 'C:\\xampp\\htdocs...', 105, Array)
#1 C:\xampp\htdocs\blog\app\Controllers\Admin\Posts.php(105): unlink('./uploads/image...')
#2 C:\xampp\htdocs\blog\vendor\codeigniter4\framework\system\CodeIgniter.php(918): App\Controllers\Admin\Posts->update('106')
#3 C:\xampp\htdocs\blog\vendor\codeigniter4\framework\system\CodeIgniter.php(404): CodeIgniter\CodeIgniter->runController(Object(App\Controllers\Admin\Posts))
#4 C:\xampp\htdocs\blog\vendor\codeigniter4\framework\system\CodeIgniter.php(312): CodeIgniter\CodeIgniter->handleRequest(NULL, Object(Config\Cache), false)
#5 C:\xampp\htdocs\blog\public\index.php(45): CodeIgniter\CodeIgniter->run()
#6 {main}
CRITICAL - 2020-09-21 00:54:57 --> Unknown column 'categories' in 'field list'
#0 C:\xampp\htdocs\blog\vendor\codeigniter4\framework\system\Database\MySQLi\Connection.php(331): mysqli->query('INSERT INTO `po...')
#1 C:\xampp\htdocs\blog\vendor\codeigniter4\framework\system\Database\BaseConnection.php(741): CodeIgniter\Database\MySQLi\Connection->execute('INSERT INTO `po...')
#2 C:\xampp\htdocs\blog\vendor\codeigniter4\framework\system\Database\BaseConnection.php(669): CodeIgniter\Database\BaseConnection->simpleQuery('INSERT INTO `po...')
#3 C:\xampp\htdocs\blog\vendor\codeigniter4\framework\system\Database\BaseBuilder.php(2249): CodeIgniter\Database\BaseConnection->query('INSERT INTO `po...', Array, false)
#4 C:\xampp\htdocs\blog\app\Models\PostModel.php(19): CodeIgniter\Database\BaseBuilder->insert(Array)
#5 C:\xampp\htdocs\blog\app\Controllers\Admin\Posts.php(111): App\Models\PostModel->add(Array)
#6 C:\xampp\htdocs\blog\vendor\codeigniter4\framework\system\CodeIgniter.php(918): App\Controllers\Admin\Posts->update('106')
#7 C:\xampp\htdocs\blog\vendor\codeigniter4\framework\system\CodeIgniter.php(404): CodeIgniter\CodeIgniter->runController(Object(App\Controllers\Admin\Posts))
#8 C:\xampp\htdocs\blog\vendor\codeigniter4\framework\system\CodeIgniter.php(312): CodeIgniter\CodeIgniter->handleRequest(NULL, Object(Config\Cache), false)
#9 C:\xampp\htdocs\blog\public\index.php(45): CodeIgniter\CodeIgniter->run()
#10 {main}
CRITICAL - 2020-09-21 00:58:37 --> unlink(./uploads/images/posts/full/): Is a directory
#0 [internal function]: CodeIgniter\Debug\Exceptions->errorHandler(2, 'unlink(./upload...', 'C:\\xampp\\htdocs...', 105, Array)
#1 C:\xampp\htdocs\blog\app\Controllers\Admin\Posts.php(105): unlink('./uploads/image...')
#2 C:\xampp\htdocs\blog\vendor\codeigniter4\framework\system\CodeIgniter.php(918): App\Controllers\Admin\Posts->update('1')
#3 C:\xampp\htdocs\blog\vendor\codeigniter4\framework\system\CodeIgniter.php(404): CodeIgniter\CodeIgniter->runController(Object(App\Controllers\Admin\Posts))
#4 C:\xampp\htdocs\blog\vendor\codeigniter4\framework\system\CodeIgniter.php(312): CodeIgniter\CodeIgniter->handleRequest(NULL, Object(Config\Cache), false)
#5 C:\xampp\htdocs\blog\public\index.php(45): CodeIgniter\CodeIgniter->run()
#6 {main}
CRITICAL - 2020-09-21 01:03:51 --> unlink(./uploads/images/posts/full/): Is a directory
#0 [internal function]: CodeIgniter\Debug\Exceptions->errorHandler(2, 'unlink(./upload...', 'C:\\xampp\\htdocs...', 105, Array)
#1 C:\xampp\htdocs\blog\app\Controllers\Admin\Posts.php(105): unlink('./uploads/image...')
#2 C:\xampp\htdocs\blog\vendor\codeigniter4\framework\system\CodeIgniter.php(918): App\Controllers\Admin\Posts->update('1')
#3 C:\xampp\htdocs\blog\vendor\codeigniter4\framework\system\CodeIgniter.php(404): CodeIgniter\CodeIgniter->runController(Object(App\Controllers\Admin\Posts))
#4 C:\xampp\htdocs\blog\vendor\codeigniter4\framework\system\CodeIgniter.php(312): CodeIgniter\CodeIgniter->handleRequest(NULL, Object(Config\Cache), false)
#5 C:\xampp\htdocs\blog\public\index.php(45): CodeIgniter\CodeIgniter->run()
#6 {main}
CRITICAL - 2020-09-21 01:11:01 --> unlink(./uploads/images/posts/exsm/): Is a directory
#0 [internal function]: CodeIgniter\Debug\Exceptions->errorHandler(2, 'unlink(./upload...', 'C:\\xampp\\htdocs...', 154, Array)
#1 C:\xampp\htdocs\blog\app\Controllers\Admin\Posts.php(154): unlink('./uploads/image...')
#2 C:\xampp\htdocs\blog\app\Controllers\Admin\Posts.php(106): App\Controllers\Admin\Posts->removeData('./uploads/image...')
#3 C:\xampp\htdocs\blog\vendor\codeigniter4\framework\system\CodeIgniter.php(918): App\Controllers\Admin\Posts->update('1')
#4 C:\xampp\htdocs\blog\vendor\codeigniter4\framework\system\CodeIgniter.php(404): CodeIgniter\CodeIgniter->runController(Object(App\Controllers\Admin\Posts))
#5 C:\xampp\htdocs\blog\vendor\codeigniter4\framework\system\CodeIgniter.php(312): CodeIgniter\CodeIgniter->handleRequest(NULL, Object(Config\Cache), false)
#6 C:\xampp\htdocs\blog\public\index.php(45): CodeIgniter\CodeIgniter->run()
#7 {main}
CRITICAL - 2020-09-21 01:12:04 --> Unknown column 'categories' in 'field list'
#0 C:\xampp\htdocs\blog\vendor\codeigniter4\framework\system\Database\MySQLi\Connection.php(331): mysqli->query('UPDATE `posts` ...')
#1 C:\xampp\htdocs\blog\vendor\codeigniter4\framework\system\Database\BaseConnection.php(741): CodeIgniter\Database\MySQLi\Connection->execute('UPDATE `posts` ...')
#2 C:\xampp\htdocs\blog\vendor\codeigniter4\framework\system\Database\BaseConnection.php(669): CodeIgniter\Database\BaseConnection->simpleQuery('UPDATE `posts` ...')
#3 C:\xampp\htdocs\blog\vendor\codeigniter4\framework\system\Database\BaseBuilder.php(2456): CodeIgniter\Database\BaseConnection->query('UPDATE `posts` ...', Array, false)
#4 C:\xampp\htdocs\blog\app\Models\PostModel.php(22): CodeIgniter\Database\BaseBuilder->update()
#5 C:\xampp\htdocs\blog\app\Controllers\Admin\Posts.php(113): App\Models\PostModel->update(Array, Array)
#6 C:\xampp\htdocs\blog\vendor\codeigniter4\framework\system\CodeIgniter.php(918): App\Controllers\Admin\Posts->update('106')
#7 C:\xampp\htdocs\blog\vendor\codeigniter4\framework\system\CodeIgniter.php(404): CodeIgniter\CodeIgniter->runController(Object(App\Controllers\Admin\Posts))
#8 C:\xampp\htdocs\blog\vendor\codeigniter4\framework\system\CodeIgniter.php(312): CodeIgniter\CodeIgniter->handleRequest(NULL, Object(Config\Cache), false)
#9 C:\xampp\htdocs\blog\public\index.php(45): CodeIgniter\CodeIgniter->run()
#10 {main}
CRITICAL - 2020-09-21 01:27:15 --> Unknown column 'categories' in 'field list'
#0 C:\xampp\htdocs\blog\vendor\codeigniter4\framework\system\Database\MySQLi\Connection.php(331): mysqli->query('INSERT INTO `po...')
#1 C:\xampp\htdocs\blog\vendor\codeigniter4\framework\system\Database\BaseConnection.php(741): CodeIgniter\Database\MySQLi\Connection->execute('INSERT INTO `po...')
#2 C:\xampp\htdocs\blog\vendor\codeigniter4\framework\system\Database\BaseConnection.php(669): CodeIgniter\Database\BaseConnection->simpleQuery('INSERT INTO `po...')
#3 C:\xampp\htdocs\blog\vendor\codeigniter4\framework\system\Database\BaseBuilder.php(2249): CodeIgniter\Database\BaseConnection->query('INSERT INTO `po...', Array, false)
#4 C:\xampp\htdocs\blog\app\Models\PostModel.php(19): CodeIgniter\Database\BaseBuilder->insert(Array)
#5 C:\xampp\htdocs\blog\app\Controllers\Admin\Posts.php(60): App\Models\PostModel->add(Array)
#6 C:\xampp\htdocs\blog\vendor\codeigniter4\framework\system\CodeIgniter.php(918): App\Controllers\Admin\Posts->add()
#7 C:\xampp\htdocs\blog\vendor\codeigniter4\framework\system\CodeIgniter.php(404): CodeIgniter\CodeIgniter->runController(Object(App\Controllers\Admin\Posts))
#8 C:\xampp\htdocs\blog\vendor\codeigniter4\framework\system\CodeIgniter.php(312): CodeIgniter\CodeIgniter->handleRequest(NULL, Object(Config\Cache), false)
#9 C:\xampp\htdocs\blog\public\index.php(45): CodeIgniter\CodeIgniter->run()
#10 {main}
CRITICAL - 2020-09-21 01:30:35 --> Unknown column 'categories' in 'field list'
#0 C:\xampp\htdocs\blog\vendor\codeigniter4\framework\system\Database\MySQLi\Connection.php(331): mysqli->query('INSERT INTO `po...')
#1 C:\xampp\htdocs\blog\vendor\codeigniter4\framework\system\Database\BaseConnection.php(741): CodeIgniter\Database\MySQLi\Connection->execute('INSERT INTO `po...')
#2 C:\xampp\htdocs\blog\vendor\codeigniter4\framework\system\Database\BaseConnection.php(669): CodeIgniter\Database\BaseConnection->simpleQuery('INSERT INTO `po...')
#3 C:\xampp\htdocs\blog\vendor\codeigniter4\framework\system\Database\BaseBuilder.php(2249): CodeIgniter\Database\BaseConnection->query('INSERT INTO `po...', Array, false)
#4 C:\xampp\htdocs\blog\app\Models\PostModel.php(19): CodeIgniter\Database\BaseBuilder->insert(Array)
#5 C:\xampp\htdocs\blog\app\Controllers\Admin\Posts.php(60): App\Models\PostModel->add(Array)
#6 C:\xampp\htdocs\blog\vendor\codeigniter4\framework\system\CodeIgniter.php(918): App\Controllers\Admin\Posts->add()
#7 C:\xampp\htdocs\blog\vendor\codeigniter4\framework\system\CodeIgniter.php(404): CodeIgniter\CodeIgniter->runController(Object(App\Controllers\Admin\Posts))
#8 C:\xampp\htdocs\blog\vendor\codeigniter4\framework\system\CodeIgniter.php(312): CodeIgniter\CodeIgniter->handleRequest(NULL, Object(Config\Cache), false)
#9 C:\xampp\htdocs\blog\public\index.php(45): CodeIgniter\CodeIgniter->run()
#10 {main}
CRITICAL - 2020-09-21 01:31:27 --> Undefined variable: category_id
#0 C:\xampp\htdocs\blog\app\Views\admin\components\post_form.php(27): CodeIgniter\Debug\Exceptions->errorHandler(8, 'Undefined varia...', 'C:\\xampp\\htdocs...', 27, Array)
#1 C:\xampp\htdocs\blog\vendor\codeigniter4\framework\system\View\View.php(246): include('C:\\xampp\\htdocs...')
#2 C:\xampp\htdocs\blog\vendor\codeigniter4\framework\system\Common.php(1119): CodeIgniter\View\View->render('admin/component...', Array, true)
#3 C:\xampp\htdocs\blog\app\Libraries\Blog.php(8): view('admin/component...', Array)
#4 C:\xampp\htdocs\blog\vendor\codeigniter4\framework\system\View\Cell.php(156): App\Libraries\Blog->post_form(Array)
#5 C:\xampp\htdocs\blog\vendor\codeigniter4\framework\system\Common.php(1140): CodeIgniter\View\Cell->render('App\\Libraries\\B...', Array, 0, 'AppLibrariesBlo...')
#6 C:\xampp\htdocs\blog\app\Views\admin\pages\post_add.php(4): view_cell('App\\Libraries\\B...', Array)
#7 C:\xampp\htdocs\blog\vendor\codeigniter4\framework\system\View\View.php(246): include('C:\\xampp\\htdocs...')
#8 C:\xampp\htdocs\blog\vendor\codeigniter4\framework\system\Common.php(1119): CodeIgniter\View\View->render('admin/pages/pos...', Array, true)
#9 C:\xampp\htdocs\blog\app\Controllers\Admin\Posts.php(24): view('admin/pages/pos...', Array)
#10 C:\xampp\htdocs\blog\vendor\codeigniter4\framework\system\CodeIgniter.php(918): App\Controllers\Admin\Posts->add()
#11 C:\xampp\htdocs\blog\vendor\codeigniter4\framework\system\CodeIgniter.php(404): CodeIgniter\CodeIgniter->runController(Object(App\Controllers\Admin\Posts))
#12 C:\xampp\htdocs\blog\vendor\codeigniter4\framework\system\CodeIgniter.php(312): CodeIgniter\CodeIgniter->handleRequest(NULL, Object(Config\Cache), false)
#13 C:\xampp\htdocs\blog\public\index.php(45): CodeIgniter\CodeIgniter->run()
#14 {main}
CRITICAL - 2020-09-21 01:31:30 --> Undefined variable: category_id
#0 C:\xampp\htdocs\blog\app\Views\admin\components\post_form.php(27): CodeIgniter\Debug\Exceptions->errorHandler(8, 'Undefined varia...', 'C:\\xampp\\htdocs...', 27, Array)
#1 C:\xampp\htdocs\blog\vendor\codeigniter4\framework\system\View\View.php(246): include('C:\\xampp\\htdocs...')
#2 C:\xampp\htdocs\blog\vendor\codeigniter4\framework\system\Common.php(1119): CodeIgniter\View\View->render('admin/component...', Array, true)
#3 C:\xampp\htdocs\blog\app\Libraries\Blog.php(8): view('admin/component...', Array)
#4 C:\xampp\htdocs\blog\vendor\codeigniter4\framework\system\View\Cell.php(156): App\Libraries\Blog->post_form(Array)
#5 C:\xampp\htdocs\blog\vendor\codeigniter4\framework\system\Common.php(1140): CodeIgniter\View\Cell->render('App\\Libraries\\B...', Array, 0, 'AppLibrariesBlo...')
#6 C:\xampp\htdocs\blog\app\Views\admin\pages\post_add.php(4): view_cell('App\\Libraries\\B...', Array)
#7 C:\xampp\htdocs\blog\vendor\codeigniter4\framework\system\View\View.php(246): include('C:\\xampp\\htdocs...')
#8 C:\xampp\htdocs\blog\vendor\codeigniter4\framework\system\Common.php(1119): CodeIgniter\View\View->render('admin/pages/pos...', Array, true)
#9 C:\xampp\htdocs\blog\app\Controllers\Admin\Posts.php(24): view('admin/pages/pos...', Array)
#10 C:\xampp\htdocs\blog\vendor\codeigniter4\framework\system\CodeIgniter.php(918): App\Controllers\Admin\Posts->add()
#11 C:\xampp\htdocs\blog\vendor\codeigniter4\framework\system\CodeIgniter.php(404): CodeIgniter\CodeIgniter->runController(Object(App\Controllers\Admin\Posts))
#12 C:\xampp\htdocs\blog\vendor\codeigniter4\framework\system\CodeIgniter.php(312): CodeIgniter\CodeIgniter->handleRequest(NULL, Object(Config\Cache), false)
#13 C:\xampp\htdocs\blog\public\index.php(45): CodeIgniter\CodeIgniter->run()
#14 {main}
CRITICAL - 2020-09-21 01:32:58 --> Unknown column 'categories' in 'field list'
#0 C:\xampp\htdocs\blog\vendor\codeigniter4\framework\system\Database\MySQLi\Connection.php(331): mysqli->query('INSERT INTO `po...')
#1 C:\xampp\htdocs\blog\vendor\codeigniter4\framework\system\Database\BaseConnection.php(741): CodeIgniter\Database\MySQLi\Connection->execute('INSERT INTO `po...')
#2 C:\xampp\htdocs\blog\vendor\codeigniter4\framework\system\Database\BaseConnection.php(669): CodeIgniter\Database\BaseConnection->simpleQuery('INSERT INTO `po...')
#3 C:\xampp\htdocs\blog\vendor\codeigniter4\framework\system\Database\BaseBuilder.php(2249): CodeIgniter\Database\BaseConnection->query('INSERT INTO `po...', Array, false)
#4 C:\xampp\htdocs\blog\app\Models\PostModel.php(19): CodeIgniter\Database\BaseBuilder->insert(Array)
#5 C:\xampp\htdocs\blog\app\Controllers\Admin\Posts.php(65): App\Models\PostModel->add(Array)
#6 C:\xampp\htdocs\blog\vendor\codeigniter4\framework\system\CodeIgniter.php(918): App\Controllers\Admin\Posts->add()
#7 C:\xampp\htdocs\blog\vendor\codeigniter4\framework\system\CodeIgniter.php(404): CodeIgniter\CodeIgniter->runController(Object(App\Controllers\Admin\Posts))
#8 C:\xampp\htdocs\blog\vendor\codeigniter4\framework\system\CodeIgniter.php(312): CodeIgniter\CodeIgniter->handleRequest(NULL, Object(Config\Cache), false)
#9 C:\xampp\htdocs\blog\public\index.php(45): CodeIgniter\CodeIgniter->run()
#10 {main}
CRITICAL - 2020-09-21 01:38:42 --> Unknown column 'subTtile' in 'field list'
#0 C:\xampp\htdocs\blog\vendor\codeigniter4\framework\system\Database\MySQLi\Connection.php(331): mysqli->query('INSERT INTO `po...')
#1 C:\xampp\htdocs\blog\vendor\codeigniter4\framework\system\Database\BaseConnection.php(741): CodeIgniter\Database\MySQLi\Connection->execute('INSERT INTO `po...')
#2 C:\xampp\htdocs\blog\vendor\codeigniter4\framework\system\Database\BaseConnection.php(669): CodeIgniter\Database\BaseConnection->simpleQuery('INSERT INTO `po...')
#3 C:\xampp\htdocs\blog\vendor\codeigniter4\framework\system\Database\BaseBuilder.php(2249): CodeIgniter\Database\BaseConnection->query('INSERT INTO `po...', Array, false)
#4 C:\xampp\htdocs\blog\app\Models\PostModel.php(19): CodeIgniter\Database\BaseBuilder->insert(Array)
#5 C:\xampp\htdocs\blog\app\Controllers\Admin\Posts.php(64): App\Models\PostModel->add(Array)
#6 C:\xampp\htdocs\blog\vendor\codeigniter4\framework\system\CodeIgniter.php(918): App\Controllers\Admin\Posts->add()
#7 C:\xampp\htdocs\blog\vendor\codeigniter4\framework\system\CodeIgniter.php(404): CodeIgniter\CodeIgniter->runController(Object(App\Controllers\Admin\Posts))
#8 C:\xampp\htdocs\blog\vendor\codeigniter4\framework\system\CodeIgniter.php(312): CodeIgniter\CodeIgniter->handleRequest(NULL, Object(Config\Cache), false)
#9 C:\xampp\htdocs\blog\public\index.php(45): CodeIgniter\CodeIgniter->run()
#10 {main}
CRITICAL - 2020-09-21 02:48:07 --> syntax error, unexpected 'echo' (T_ECHO)
#0 C:\xampp\htdocs\blog\vendor\codeigniter4\framework\system\Autoloader\Autoloader.php(296): CodeIgniter\Autoloader\Autoloader->requireFile('C:\\xampp\\htdocs...')
#1 C:\xampp\htdocs\blog\vendor\codeigniter4\framework\system\Autoloader\Autoloader.php(258): CodeIgniter\Autoloader\Autoloader->loadInNamespace('App\\Controllers...')
#2 [internal function]: CodeIgniter\Autoloader\Autoloader->loadClass('App\\Controllers...')
#3 [internal function]: spl_autoload_call('App\\Controllers...')
#4 C:\xampp\htdocs\blog\vendor\codeigniter4\framework\system\CodeIgniter.php(869): class_exists('\\App\\Controller...', true)
#5 C:\xampp\htdocs\blog\vendor\codeigniter4\framework\system\CodeIgniter.php(394): CodeIgniter\CodeIgniter->startController()
#6 C:\xampp\htdocs\blog\vendor\codeigniter4\framework\system\CodeIgniter.php(312): CodeIgniter\CodeIgniter->handleRequest(NULL, Object(Config\Cache), false)
#7 C:\xampp\htdocs\blog\public\index.php(45): CodeIgniter\CodeIgniter->run()
#8 {main}
CRITICAL - 2020-09-21 02:48:18 --> syntax error, unexpected 'echo' (T_ECHO)
#0 C:\xampp\htdocs\blog\vendor\codeigniter4\framework\system\Autoloader\Autoloader.php(296): CodeIgniter\Autoloader\Autoloader->requireFile('C:\\xampp\\htdocs...')
#1 C:\xampp\htdocs\blog\vendor\codeigniter4\framework\system\Autoloader\Autoloader.php(258): CodeIgniter\Autoloader\Autoloader->loadInNamespace('App\\Controllers...')
#2 [internal function]: CodeIgniter\Autoloader\Autoloader->loadClass('App\\Controllers...')
#3 [internal function]: spl_autoload_call('App\\Controllers...')
#4 C:\xampp\htdocs\blog\vendor\codeigniter4\framework\system\CodeIgniter.php(869): class_exists('\\App\\Controller...', true)
#5 C:\xampp\htdocs\blog\vendor\codeigniter4\framework\system\CodeIgniter.php(394): CodeIgniter\CodeIgniter->startController()
#6 C:\xampp\htdocs\blog\vendor\codeigniter4\framework\system\CodeIgniter.php(312): CodeIgniter\CodeIgniter->handleRequest(NULL, Object(Config\Cache), false)
#7 C:\xampp\htdocs\blog\public\index.php(45): CodeIgniter\CodeIgniter->run()
#8 {main}
CRITICAL - 2020-09-21 02:48:22 --> syntax error, unexpected 'echo' (T_ECHO)
#0 C:\xampp\htdocs\blog\vendor\codeigniter4\framework\system\Autoloader\Autoloader.php(296): CodeIgniter\Autoloader\Autoloader->requireFile('C:\\xampp\\htdocs...')
#1 C:\xampp\htdocs\blog\vendor\codeigniter4\framework\system\Autoloader\Autoloader.php(258): CodeIgniter\Autoloader\Autoloader->loadInNamespace('App\\Controllers...')
#2 [internal function]: CodeIgniter\Autoloader\Autoloader->loadClass('App\\Controllers...')
#3 [internal function]: spl_autoload_call('App\\Controllers...')
#4 C:\xampp\htdocs\blog\vendor\codeigniter4\framework\system\CodeIgniter.php(869): class_exists('\\App\\Controller...', true)
#5 C:\xampp\htdocs\blog\vendor\codeigniter4\framework\system\CodeIgniter.php(394): CodeIgniter\CodeIgniter->startController()
#6 C:\xampp\htdocs\blog\vendor\codeigniter4\framework\system\CodeIgniter.php(312): CodeIgniter\CodeIgniter->handleRequest(NULL, Object(Config\Cache), false)
#7 C:\xampp\htdocs\blog\public\index.php(45): CodeIgniter\CodeIgniter->run()
#8 {main}
CRITICAL - 2020-09-21 02:55:26 --> Undefined property: stdClass::$is_active
#0 C:\xampp\htdocs\blog\app\Views\admin\components\post.php(9): CodeIgniter\Debug\Exceptions->errorHandler(8, 'Undefined prope...', 'C:\\xampp\\htdocs...', 9, Array)
#1 C:\xampp\htdocs\blog\vendor\codeigniter4\framework\system\View\View.php(246): include('C:\\xampp\\htdocs...')
#2 C:\xampp\htdocs\blog\vendor\codeigniter4\framework\system\Common.php(1119): CodeIgniter\View\View->render('admin/component...', Array, true)
#3 C:\xampp\htdocs\blog\app\Libraries\Blog.php(5): view('admin/component...', Array)
#4 C:\xampp\htdocs\blog\vendor\codeigniter4\framework\system\View\Cell.php(156): App\Libraries\Blog->post_item(Array)
#5 C:\xampp\htdocs\blog\vendor\codeigniter4\framework\system\Common.php(1140): CodeIgniter\View\Cell->render('App\\Libraries\\B...', Array, 0, 'AppLibrariesBlo...')
#6 C:\xampp\htdocs\blog\app\Views\admin\pages\post_list.php(17): view_cell('App\\Libraries\\B...', Array)
#7 C:\xampp\htdocs\blog\vendor\codeigniter4\framework\system\View\View.php(246): include('C:\\xampp\\htdocs...')
#8 C:\xampp\htdocs\blog\vendor\codeigniter4\framework\system\Common.php(1119): CodeIgniter\View\View->render('admin/pages/pos...', Array, true)
#9 C:\xampp\htdocs\blog\app\Controllers\Admin\Posts.php(16): view('admin/pages/pos...', Array)
#10 C:\xampp\htdocs\blog\vendor\codeigniter4\framework\system\CodeIgniter.php(918): App\Controllers\Admin\Posts->index()
#11 C:\xampp\htdocs\blog\vendor\codeigniter4\framework\system\CodeIgniter.php(404): CodeIgniter\CodeIgniter->runController(Object(App\Controllers\Admin\Posts))
#12 C:\xampp\htdocs\blog\vendor\codeigniter4\framework\system\CodeIgniter.php(312): CodeIgniter\CodeIgniter->handleRequest(NULL, Object(Config\Cache), false)
#13 C:\xampp\htdocs\blog\public\index.php(45): CodeIgniter\CodeIgniter->run()
#14 {main}
CRITICAL - 2020-09-21 02:56:14 --> Trying to get property 'is_active' of non-object
#0 C:\xampp\htdocs\blog\app\Controllers\Admin\Posts.php(16): CodeIgniter\Debug\Exceptions->errorHandler(8, 'Trying to get p...', 'C:\\xampp\\htdocs...', 16, Array)
#1 C:\xampp\htdocs\blog\vendor\codeigniter4\framework\system\CodeIgniter.php(918): App\Controllers\Admin\Posts->index()
#2 C:\xampp\htdocs\blog\vendor\codeigniter4\framework\system\CodeIgniter.php(404): CodeIgniter\CodeIgniter->runController(Object(App\Controllers\Admin\Posts))
#3 C:\xampp\htdocs\blog\vendor\codeigniter4\framework\system\CodeIgniter.php(312): CodeIgniter\CodeIgniter->handleRequest(NULL, Object(Config\Cache), false)
#4 C:\xampp\htdocs\blog\public\index.php(45): CodeIgniter\CodeIgniter->run()
#5 {main}
CRITICAL - 2020-09-21 02:57:05 --> Trying to get property 'isActive' of non-object
#0 C:\xampp\htdocs\blog\app\Controllers\Admin\Posts.php(16): CodeIgniter\Debug\Exceptions->errorHandler(8, 'Trying to get p...', 'C:\\xampp\\htdocs...', 16, Array)
#1 C:\xampp\htdocs\blog\vendor\codeigniter4\framework\system\CodeIgniter.php(918): App\Controllers\Admin\Posts->index()
#2 C:\xampp\htdocs\blog\vendor\codeigniter4\framework\system\CodeIgniter.php(404): CodeIgniter\CodeIgniter->runController(Object(App\Controllers\Admin\Posts))
#3 C:\xampp\htdocs\blog\vendor\codeigniter4\framework\system\CodeIgniter.php(312): CodeIgniter\CodeIgniter->handleRequest(NULL, Object(Config\Cache), false)
#4 C:\xampp\htdocs\blog\public\index.php(45): CodeIgniter\CodeIgniter->run()
#5 {main}
CRITICAL - 2020-09-21 02:58:05 --> Undefined index: isActive
#0 C:\xampp\htdocs\blog\app\Controllers\Admin\Posts.php(16): CodeIgniter\Debug\Exceptions->errorHandler(8, 'Undefined index...', 'C:\\xampp\\htdocs...', 16, Array)
#1 C:\xampp\htdocs\blog\vendor\codeigniter4\framework\system\CodeIgniter.php(918): App\Controllers\Admin\Posts->index()
#2 C:\xampp\htdocs\blog\vendor\codeigniter4\framework\system\CodeIgniter.php(404): CodeIgniter\CodeIgniter->runController(Object(App\Controllers\Admin\Posts))
#3 C:\xampp\htdocs\blog\vendor\codeigniter4\framework\system\CodeIgniter.php(312): CodeIgniter\CodeIgniter->handleRequest(NULL, Object(Config\Cache), false)
#4 C:\xampp\htdocs\blog\public\index.php(45): CodeIgniter\CodeIgniter->run()
#5 {main}
CRITICAL - 2020-09-21 02:58:32 --> Trying to get property 'isActive' of non-object
#0 C:\xampp\htdocs\blog\app\Controllers\Admin\Posts.php(16): CodeIgniter\Debug\Exceptions->errorHandler(8, 'Trying to get p...', 'C:\\xampp\\htdocs...', 16, Array)
#1 C:\xampp\htdocs\blog\vendor\codeigniter4\framework\system\CodeIgniter.php(918): App\Controllers\Admin\Posts->index()
#2 C:\xampp\htdocs\blog\vendor\codeigniter4\framework\system\CodeIgniter.php(404): CodeIgniter\CodeIgniter->runController(Object(App\Controllers\Admin\Posts))
#3 C:\xampp\htdocs\blog\vendor\codeigniter4\framework\system\CodeIgniter.php(312): CodeIgniter\CodeIgniter->handleRequest(NULL, Object(Config\Cache), false)
#4 C:\xampp\htdocs\blog\public\index.php(45): CodeIgniter\CodeIgniter->run()
#5 {main}
CRITICAL - 2020-09-21 05:18:37 --> Array to string conversion
#0 C:\xampp\htdocs\blog\app\Controllers\Admin\Posts.php(161): CodeIgniter\Debug\Exceptions->errorHandler(8, 'Array to string...', 'C:\\xampp\\htdocs...', 161, Array)
#1 C:\xampp\htdocs\blog\vendor\codeigniter4\framework\system\CodeIgniter.php(918): App\Controllers\Admin\Posts->is_active('133')
#2 C:\xampp\htdocs\blog\vendor\codeigniter4\framework\system\CodeIgniter.php(404): CodeIgniter\CodeIgniter->runController(Object(App\Controllers\Admin\Posts))
#3 C:\xampp\htdocs\blog\vendor\codeigniter4\framework\system\CodeIgniter.php(312): CodeIgniter\CodeIgniter->handleRequest(NULL, Object(Config\Cache), false)
#4 C:\xampp\htdocs\blog\public\index.php(45): CodeIgniter\CodeIgniter->run()
#5 {main}
CRITICAL - 2020-09-21 05:18:59 --> Array to string conversion
#0 C:\xampp\htdocs\blog\app\Controllers\Admin\Posts.php(161): CodeIgniter\Debug\Exceptions->errorHandler(8, 'Array to string...', 'C:\\xampp\\htdocs...', 161, Array)
#1 C:\xampp\htdocs\blog\vendor\codeigniter4\framework\system\CodeIgniter.php(918): App\Controllers\Admin\Posts->is_active('134')
#2 C:\xampp\htdocs\blog\vendor\codeigniter4\framework\system\CodeIgniter.php(404): CodeIgniter\CodeIgniter->runController(Object(App\Controllers\Admin\Posts))
#3 C:\xampp\htdocs\blog\vendor\codeigniter4\framework\system\CodeIgniter.php(312): CodeIgniter\CodeIgniter->handleRequest(NULL, Object(Config\Cache), false)
#4 C:\xampp\htdocs\blog\public\index.php(45): CodeIgniter\CodeIgniter->run()
#5 {main}
CRITICAL - 2020-09-21 05:19:04 --> Array to string conversion
#0 C:\xampp\htdocs\blog\app\Controllers\Admin\Posts.php(161): CodeIgniter\Debug\Exceptions->errorHandler(8, 'Array to string...', 'C:\\xampp\\htdocs...', 161, Array)
#1 C:\xampp\htdocs\blog\vendor\codeigniter4\framework\system\CodeIgniter.php(918): App\Controllers\Admin\Posts->is_active('135')
#2 C:\xampp\htdocs\blog\vendor\codeigniter4\framework\system\CodeIgniter.php(404): CodeIgniter\CodeIgniter->runController(Object(App\Controllers\Admin\Posts))
#3 C:\xampp\htdocs\blog\vendor\codeigniter4\framework\system\CodeIgniter.php(312): CodeIgniter\CodeIgniter->handleRequest(NULL, Object(Config\Cache), false)
#4 C:\xampp\htdocs\blog\public\index.php(45): CodeIgniter\CodeIgniter->run()
#5 {main}
CRITICAL - 2020-09-21 05:19:05 --> Array to string conversion
#0 C:\xampp\htdocs\blog\app\Controllers\Admin\Posts.php(161): CodeIgniter\Debug\Exceptions->errorHandler(8, 'Array to string...', 'C:\\xampp\\htdocs...', 161, Array)
#1 C:\xampp\htdocs\blog\vendor\codeigniter4\framework\system\CodeIgniter.php(918): App\Controllers\Admin\Posts->is_active('135')
#2 C:\xampp\htdocs\blog\vendor\codeigniter4\framework\system\CodeIgniter.php(404): CodeIgniter\CodeIgniter->runController(Object(App\Controllers\Admin\Posts))
#3 C:\xampp\htdocs\blog\vendor\codeigniter4\framework\system\CodeIgniter.php(312): CodeIgniter\CodeIgniter->handleRequest(NULL, Object(Config\Cache), false)
#4 C:\xampp\htdocs\blog\public\index.php(45): CodeIgniter\CodeIgniter->run()
#5 {main}
CRITICAL - 2020-09-21 05:19:05 --> Array to string conversion
#0 C:\xampp\htdocs\blog\app\Controllers\Admin\Posts.php(161): CodeIgniter\Debug\Exceptions->errorHandler(8, 'Array to string...', 'C:\\xampp\\htdocs...', 161, Array)
#1 C:\xampp\htdocs\blog\vendor\codeigniter4\framework\system\CodeIgniter.php(918): App\Controllers\Admin\Posts->is_active('135')
#2 C:\xampp\htdocs\blog\vendor\codeigniter4\framework\system\CodeIgniter.php(404): CodeIgniter\CodeIgniter->runController(Object(App\Controllers\Admin\Posts))
#3 C:\xampp\htdocs\blog\vendor\codeigniter4\framework\system\CodeIgniter.php(312): CodeIgniter\CodeIgniter->handleRequest(NULL, Object(Config\Cache), false)
#4 C:\xampp\htdocs\blog\public\index.php(45): CodeIgniter\CodeIgniter->run()
#5 {main}
CRITICAL - 2020-09-21 05:19:43 --> Array to string conversion
#0 C:\xampp\htdocs\blog\app\Controllers\Admin\Posts.php(161): CodeIgniter\Debug\Exceptions->errorHandler(8, 'Array to string...', 'C:\\xampp\\htdocs...', 161, Array)
#1 C:\xampp\htdocs\blog\vendor\codeigniter4\framework\system\CodeIgniter.php(918): App\Controllers\Admin\Posts->is_active('133')
#2 C:\xampp\htdocs\blog\vendor\codeigniter4\framework\system\CodeIgniter.php(404): CodeIgniter\CodeIgniter->runController(Object(App\Controllers\Admin\Posts))
#3 C:\xampp\htdocs\blog\vendor\codeigniter4\framework\system\CodeIgniter.php(312): CodeIgniter\CodeIgniter->handleRequest(NULL, Object(Config\Cache), false)
#4 C:\xampp\htdocs\blog\public\index.php(45): CodeIgniter\CodeIgniter->run()
#5 {main}
CRITICAL - 2020-09-21 05:20:21 --> Array to string conversion
#0 C:\xampp\htdocs\blog\app\Controllers\Admin\Posts.php(161): CodeIgniter\Debug\Exceptions->errorHandler(8, 'Array to string...', 'C:\\xampp\\htdocs...', 161, Array)
#1 C:\xampp\htdocs\blog\vendor\codeigniter4\framework\system\CodeIgniter.php(918): App\Controllers\Admin\Posts->is_active('133')
#2 C:\xampp\htdocs\blog\vendor\codeigniter4\framework\system\CodeIgniter.php(404): CodeIgniter\CodeIgniter->runController(Object(App\Controllers\Admin\Posts))
#3 C:\xampp\htdocs\blog\vendor\codeigniter4\framework\system\CodeIgniter.php(312): CodeIgniter\CodeIgniter->handleRequest(NULL, Object(Config\Cache), false)
#4 C:\xampp\htdocs\blog\public\index.php(45): CodeIgniter\CodeIgniter->run()
#5 {main}
CRITICAL - 2020-09-21 05:20:24 --> Array to string conversion
#0 C:\xampp\htdocs\blog\app\Controllers\Admin\Posts.php(161): CodeIgniter\Debug\Exceptions->errorHandler(8, 'Array to string...', 'C:\\xampp\\htdocs...', 161, Array)
#1 C:\xampp\htdocs\blog\vendor\codeigniter4\framework\system\CodeIgniter.php(918): App\Controllers\Admin\Posts->is_active('133')
#2 C:\xampp\htdocs\blog\vendor\codeigniter4\framework\system\CodeIgniter.php(404): CodeIgniter\CodeIgniter->runController(Object(App\Controllers\Admin\Posts))
#3 C:\xampp\htdocs\blog\vendor\codeigniter4\framework\system\CodeIgniter.php(312): CodeIgniter\CodeIgniter->handleRequest(NULL, Object(Config\Cache), false)
#4 C:\xampp\htdocs\blog\public\index.php(45): CodeIgniter\CodeIgniter->run()
#5 {main}
CRITICAL - 2020-09-21 05:20:28 --> Array to string conversion
#0 C:\xampp\htdocs\blog\app\Controllers\Admin\Posts.php(161): CodeIgniter\Debug\Exceptions->errorHandler(8, 'Array to string...', 'C:\\xampp\\htdocs...', 161, Array)
#1 C:\xampp\htdocs\blog\vendor\codeigniter4\framework\system\CodeIgniter.php(918): App\Controllers\Admin\Posts->is_active('133')
#2 C:\xampp\htdocs\blog\vendor\codeigniter4\framework\system\CodeIgniter.php(404): CodeIgniter\CodeIgniter->runController(Object(App\Controllers\Admin\Posts))
#3 C:\xampp\htdocs\blog\vendor\codeigniter4\framework\system\CodeIgniter.php(312): CodeIgniter\CodeIgniter->handleRequest(NULL, Object(Config\Cache), false)
#4 C:\xampp\htdocs\blog\public\index.php(45): CodeIgniter\CodeIgniter->run()
#5 {main}
CRITICAL - 2020-09-21 05:20:34 --> Array to string conversion
#0 C:\xampp\htdocs\blog\app\Controllers\Admin\Posts.php(161): CodeIgniter\Debug\Exceptions->errorHandler(8, 'Array to string...', 'C:\\xampp\\htdocs...', 161, Array)
#1 C:\xampp\htdocs\blog\vendor\codeigniter4\framework\system\CodeIgniter.php(918): App\Controllers\Admin\Posts->is_active('133')
#2 C:\xampp\htdocs\blog\vendor\codeigniter4\framework\system\CodeIgniter.php(404): CodeIgniter\CodeIgniter->runController(Object(App\Controllers\Admin\Posts))
#3 C:\xampp\htdocs\blog\vendor\codeigniter4\framework\system\CodeIgniter.php(312): CodeIgniter\CodeIgniter->handleRequest(NULL, Object(Config\Cache), false)
#4 C:\xampp\htdocs\blog\public\index.php(45): CodeIgniter\CodeIgniter->run()
#5 {main}
CRITICAL - 2020-09-21 05:24:15 --> Cannot use object of type stdClass as array
#0 C:\xampp\htdocs\blog\vendor\codeigniter4\framework\system\CodeIgniter.php(918): App\Controllers\Admin\Posts->is_active('133')
#1 C:\xampp\htdocs\blog\vendor\codeigniter4\framework\system\CodeIgniter.php(404): CodeIgniter\CodeIgniter->runController(Object(App\Controllers\Admin\Posts))
#2 C:\xampp\htdocs\blog\vendor\codeigniter4\framework\system\CodeIgniter.php(312): CodeIgniter\CodeIgniter->handleRequest(NULL, Object(Config\Cache), false)
#3 C:\xampp\htdocs\blog\public\index.php(45): CodeIgniter\CodeIgniter->run()
#4 {main}
CRITICAL - 2020-09-21 05:24:34 --> Cannot use object of type stdClass as array
#0 C:\xampp\htdocs\blog\vendor\codeigniter4\framework\system\CodeIgniter.php(918): App\Controllers\Admin\Posts->is_active('133')
#1 C:\xampp\htdocs\blog\vendor\codeigniter4\framework\system\CodeIgniter.php(404): CodeIgniter\CodeIgniter->runController(Object(App\Controllers\Admin\Posts))
#2 C:\xampp\htdocs\blog\vendor\codeigniter4\framework\system\CodeIgniter.php(312): CodeIgniter\CodeIgniter->handleRequest(NULL, Object(Config\Cache), false)
#3 C:\xampp\htdocs\blog\public\index.php(45): CodeIgniter\CodeIgniter->run()
#4 {main}
CRITICAL - 2020-09-21 05:25:22 --> Cannot use object of type stdClass as array
#0 C:\xampp\htdocs\blog\vendor\codeigniter4\framework\system\CodeIgniter.php(918): App\Controllers\Admin\Posts->is_active('133')
#1 C:\xampp\htdocs\blog\vendor\codeigniter4\framework\system\CodeIgniter.php(404): CodeIgniter\CodeIgniter->runController(Object(App\Controllers\Admin\Posts))
#2 C:\xampp\htdocs\blog\vendor\codeigniter4\framework\system\CodeIgniter.php(312): CodeIgniter\CodeIgniter->handleRequest(NULL, Object(Config\Cache), false)
#3 C:\xampp\htdocs\blog\public\index.php(45): CodeIgniter\CodeIgniter->run()
#4 {main}
CRITICAL - 2020-09-21 05:25:42 --> Cannot use object of type stdClass as array
#0 C:\xampp\htdocs\blog\vendor\codeigniter4\framework\system\CodeIgniter.php(918): App\Controllers\Admin\Posts->is_active('133')
#1 C:\xampp\htdocs\blog\vendor\codeigniter4\framework\system\CodeIgniter.php(404): CodeIgniter\CodeIgniter->runController(Object(App\Controllers\Admin\Posts))
#2 C:\xampp\htdocs\blog\vendor\codeigniter4\framework\system\CodeIgniter.php(312): CodeIgniter\CodeIgniter->handleRequest(NULL, Object(Config\Cache), false)
#3 C:\xampp\htdocs\blog\public\index.php(45): CodeIgniter\CodeIgniter->run()
#4 {main}
CRITICAL - 2020-09-21 05:26:07 --> Cannot use object of type stdClass as array
#0 C:\xampp\htdocs\blog\vendor\codeigniter4\framework\system\CodeIgniter.php(918): App\Controllers\Admin\Posts->is_active('133')
#1 C:\xampp\htdocs\blog\vendor\codeigniter4\framework\system\CodeIgniter.php(404): CodeIgniter\CodeIgniter->runController(Object(App\Controllers\Admin\Posts))
#2 C:\xampp\htdocs\blog\vendor\codeigniter4\framework\system\CodeIgniter.php(312): CodeIgniter\CodeIgniter->handleRequest(NULL, Object(Config\Cache), false)
#3 C:\xampp\htdocs\blog\public\index.php(45): CodeIgniter\CodeIgniter->run()
#4 {main}
CRITICAL - 2020-09-21 05:26:29 --> Cannot use object of type stdClass as array
#0 C:\xampp\htdocs\blog\vendor\codeigniter4\framework\system\CodeIgniter.php(918): App\Controllers\Admin\Posts->is_active('133')
#1 C:\xampp\htdocs\blog\vendor\codeigniter4\framework\system\CodeIgniter.php(404): CodeIgniter\CodeIgniter->runController(Object(App\Controllers\Admin\Posts))
#2 C:\xampp\htdocs\blog\vendor\codeigniter4\framework\system\CodeIgniter.php(312): CodeIgniter\CodeIgniter->handleRequest(NULL, Object(Config\Cache), false)
#3 C:\xampp\htdocs\blog\public\index.php(45): CodeIgniter\CodeIgniter->run()
#4 {main}
CRITICAL - 2020-09-21 05:26:31 --> Cannot use object of type stdClass as array
#0 C:\xampp\htdocs\blog\vendor\codeigniter4\framework\system\CodeIgniter.php(918): App\Controllers\Admin\Posts->is_active('133')
#1 C:\xampp\htdocs\blog\vendor\codeigniter4\framework\system\CodeIgniter.php(404): CodeIgniter\CodeIgniter->runController(Object(App\Controllers\Admin\Posts))
#2 C:\xampp\htdocs\blog\vendor\codeigniter4\framework\system\CodeIgniter.php(312): CodeIgniter\CodeIgniter->handleRequest(NULL, Object(Config\Cache), false)
#3 C:\xampp\htdocs\blog\public\index.php(45): CodeIgniter\CodeIgniter->run()
#4 {main}
CRITICAL - 2020-09-21 05:26:32 --> Cannot use object of type stdClass as array
#0 C:\xampp\htdocs\blog\vendor\codeigniter4\framework\system\CodeIgniter.php(918): App\Controllers\Admin\Posts->is_active('133')
#1 C:\xampp\htdocs\blog\vendor\codeigniter4\framework\system\CodeIgniter.php(404): CodeIgniter\CodeIgniter->runController(Object(App\Controllers\Admin\Posts))
#2 C:\xampp\htdocs\blog\vendor\codeigniter4\framework\system\CodeIgniter.php(312): CodeIgniter\CodeIgniter->handleRequest(NULL, Object(Config\Cache), false)
#3 C:\xampp\htdocs\blog\public\index.php(45): CodeIgniter\CodeIgniter->run()
#4 {main}
CRITICAL - 2020-09-21 05:27:12 --> Cannot use object of type stdClass as array
#0 C:\xampp\htdocs\blog\vendor\codeigniter4\framework\system\CodeIgniter.php(918): App\Controllers\Admin\Posts->is_active('133')
#1 C:\xampp\htdocs\blog\vendor\codeigniter4\framework\system\CodeIgniter.php(404): CodeIgniter\CodeIgniter->runController(Object(App\Controllers\Admin\Posts))
#2 C:\xampp\htdocs\blog\vendor\codeigniter4\framework\system\CodeIgniter.php(312): CodeIgniter\CodeIgniter->handleRequest(NULL, Object(Config\Cache), false)
#3 C:\xampp\htdocs\blog\public\index.php(45): CodeIgniter\CodeIgniter->run()
#4 {main}
CRITICAL - 2020-09-21 05:27:13 --> Cannot use object of type stdClass as array
#0 C:\xampp\htdocs\blog\vendor\codeigniter4\framework\system\CodeIgniter.php(918): App\Controllers\Admin\Posts->is_active('133')
#1 C:\xampp\htdocs\blog\vendor\codeigniter4\framework\system\CodeIgniter.php(404): CodeIgniter\CodeIgniter->runController(Object(App\Controllers\Admin\Posts))
#2 C:\xampp\htdocs\blog\vendor\codeigniter4\framework\system\CodeIgniter.php(312): CodeIgniter\CodeIgniter->handleRequest(NULL, Object(Config\Cache), false)
#3 C:\xampp\htdocs\blog\public\index.php(45): CodeIgniter\CodeIgniter->run()
#4 {main}
CRITICAL - 2020-09-21 05:27:23 --> Cannot use object of type stdClass as array
#0 C:\xampp\htdocs\blog\vendor\codeigniter4\framework\system\CodeIgniter.php(918): App\Controllers\Admin\Posts->is_active('133')
#1 C:\xampp\htdocs\blog\vendor\codeigniter4\framework\system\CodeIgniter.php(404): CodeIgniter\CodeIgniter->runController(Object(App\Controllers\Admin\Posts))
#2 C:\xampp\htdocs\blog\vendor\codeigniter4\framework\system\CodeIgniter.php(312): CodeIgniter\CodeIgniter->handleRequest(NULL, Object(Config\Cache), false)
#3 C:\xampp\htdocs\blog\public\index.php(45): CodeIgniter\CodeIgniter->run()
#4 {main}
CRITICAL - 2020-09-21 05:28:08 --> Cannot use object of type stdClass as array
#0 C:\xampp\htdocs\blog\vendor\codeigniter4\framework\system\CodeIgniter.php(918): App\Controllers\Admin\Posts->is_active('134')
#1 C:\xampp\htdocs\blog\vendor\codeigniter4\framework\system\CodeIgniter.php(404): CodeIgniter\CodeIgniter->runController(Object(App\Controllers\Admin\Posts))
#2 C:\xampp\htdocs\blog\vendor\codeigniter4\framework\system\CodeIgniter.php(312): CodeIgniter\CodeIgniter->handleRequest(NULL, Object(Config\Cache), false)
#3 C:\xampp\htdocs\blog\public\index.php(45): CodeIgniter\CodeIgniter->run()
#4 {main}
CRITICAL - 2020-09-21 05:28:10 --> Cannot use object of type stdClass as array
#0 C:\xampp\htdocs\blog\vendor\codeigniter4\framework\system\CodeIgniter.php(918): App\Controllers\Admin\Posts->is_active('133')
#1 C:\xampp\htdocs\blog\vendor\codeigniter4\framework\system\CodeIgniter.php(404): CodeIgniter\CodeIgniter->runController(Object(App\Controllers\Admin\Posts))
#2 C:\xampp\htdocs\blog\vendor\codeigniter4\framework\system\CodeIgniter.php(312): CodeIgniter\CodeIgniter->handleRequest(NULL, Object(Config\Cache), false)
#3 C:\xampp\htdocs\blog\public\index.php(45): CodeIgniter\CodeIgniter->run()
#4 {main}
CRITICAL - 2020-09-21 06:21:21 --> Argument 1 passed to CodeIgniter\View\View::setVar() must be of the type string, object given, called in C:\xampp\htdocs\blog\app\Controllers\Admin\Posts.php on line 164
#0 C:\xampp\htdocs\blog\app\Controllers\Admin\Posts.php(164): CodeIgniter\View\View->setVar(Object(CodeIgniter\Database\MySQLi\Result))
#1 C:\xampp\htdocs\blog\vendor\codeigniter4\framework\system\CodeIgniter.php(918): App\Controllers\Admin\Posts->delete()
#2 C:\xampp\htdocs\blog\vendor\codeigniter4\framework\system\CodeIgniter.php(404): CodeIgniter\CodeIgniter->runController(Object(App\Controllers\Admin\Posts))
#3 C:\xampp\htdocs\blog\vendor\codeigniter4\framework\system\CodeIgniter.php(312): CodeIgniter\CodeIgniter->handleRequest(NULL, Object(Config\Cache), false)
#4 C:\xampp\htdocs\blog\public\index.php(45): CodeIgniter\CodeIgniter->run()
#5 {main}
CRITICAL - 2020-09-21 06:21:29 --> Argument 1 passed to CodeIgniter\View\View::setVar() must be of the type string, object given, called in C:\xampp\htdocs\blog\app\Controllers\Admin\Posts.php on line 164
#0 C:\xampp\htdocs\blog\app\Controllers\Admin\Posts.php(164): CodeIgniter\View\View->setVar(Object(CodeIgniter\Database\MySQLi\Result))
#1 C:\xampp\htdocs\blog\vendor\codeigniter4\framework\system\CodeIgniter.php(918): App\Controllers\Admin\Posts->delete()
#2 C:\xampp\htdocs\blog\vendor\codeigniter4\framework\system\CodeIgniter.php(404): CodeIgniter\CodeIgniter->runController(Object(App\Controllers\Admin\Posts))
#3 C:\xampp\htdocs\blog\vendor\codeigniter4\framework\system\CodeIgniter.php(312): CodeIgniter\CodeIgniter->handleRequest(NULL, Object(Config\Cache), false)
#4 C:\xampp\htdocs\blog\public\index.php(45): CodeIgniter\CodeIgniter->run()
#5 {main}
CRITICAL - 2020-09-21 06:21:40 --> Argument 1 passed to CodeIgniter\View\View::setVar() must be of the type string, object given, called in C:\xampp\htdocs\blog\app\Controllers\Admin\Posts.php on line 164
#0 C:\xampp\htdocs\blog\app\Controllers\Admin\Posts.php(164): CodeIgniter\View\View->setVar(Object(CodeIgniter\Database\MySQLi\Result))
#1 C:\xampp\htdocs\blog\vendor\codeigniter4\framework\system\CodeIgniter.php(918): App\Controllers\Admin\Posts->delete()
#2 C:\xampp\htdocs\blog\vendor\codeigniter4\framework\system\CodeIgniter.php(404): CodeIgniter\CodeIgniter->runController(Object(App\Controllers\Admin\Posts))
#3 C:\xampp\htdocs\blog\vendor\codeigniter4\framework\system\CodeIgniter.php(312): CodeIgniter\CodeIgniter->handleRequest(NULL, Object(Config\Cache), false)
#4 C:\xampp\htdocs\blog\public\index.php(45): CodeIgniter\CodeIgniter->run()
#5 {main}
CRITICAL - 2020-09-21 06:21:45 --> Argument 1 passed to CodeIgniter\View\View::setVar() must be of the type string, object given, called in C:\xampp\htdocs\blog\app\Controllers\Admin\Posts.php on line 164
#0 C:\xampp\htdocs\blog\app\Controllers\Admin\Posts.php(164): CodeIgniter\View\View->setVar(Object(CodeIgniter\Database\MySQLi\Result))
#1 C:\xampp\htdocs\blog\vendor\codeigniter4\framework\system\CodeIgniter.php(918): App\Controllers\Admin\Posts->delete()
#2 C:\xampp\htdocs\blog\vendor\codeigniter4\framework\system\CodeIgniter.php(404): CodeIgniter\CodeIgniter->runController(Object(App\Controllers\Admin\Posts))
#3 C:\xampp\htdocs\blog\vendor\codeigniter4\framework\system\CodeIgniter.php(312): CodeIgniter\CodeIgniter->handleRequest(NULL, Object(Config\Cache), false)
#4 C:\xampp\htdocs\blog\public\index.php(45): CodeIgniter\CodeIgniter->run()
#5 {main}
CRITICAL - 2020-09-21 06:28:06 --> Argument 1 passed to CodeIgniter\View\View::setData() must be of the type array, object given, called in C:\xampp\htdocs\blog\app\Controllers\Admin\Posts.php on line 164
#0 C:\xampp\htdocs\blog\app\Controllers\Admin\Posts.php(164): CodeIgniter\View\View->setData(Object(CodeIgniter\Database\MySQLi\Result))
#1 C:\xampp\htdocs\blog\vendor\codeigniter4\framework\system\CodeIgniter.php(918): App\Controllers\Admin\Posts->delete()
#2 C:\xampp\htdocs\blog\vendor\codeigniter4\framework\system\CodeIgniter.php(404): CodeIgniter\CodeIgniter->runController(Object(App\Controllers\Admin\Posts))
#3 C:\xampp\htdocs\blog\vendor\codeigniter4\framework\system\CodeIgniter.php(312): CodeIgniter\CodeIgniter->handleRequest(NULL, Object(Config\Cache), false)
#4 C:\xampp\htdocs\blog\public\index.php(45): CodeIgniter\CodeIgniter->run()
#5 {main}
CRITICAL - 2020-09-21 06:30:51 --> Argument 1 passed to CodeIgniter\View\Parser::setData() must be of the type array, object given, called in C:\xampp\htdocs\blog\app\Controllers\Admin\Posts.php on line 164
#0 C:\xampp\htdocs\blog\app\Controllers\Admin\Posts.php(164): CodeIgniter\View\Parser->setData(Object(CodeIgniter\Database\MySQLi\Result))
#1 C:\xampp\htdocs\blog\vendor\codeigniter4\framework\system\CodeIgniter.php(918): App\Controllers\Admin\Posts->delete()
#2 C:\xampp\htdocs\blog\vendor\codeigniter4\framework\system\CodeIgniter.php(404): CodeIgniter\CodeIgniter->runController(Object(App\Controllers\Admin\Posts))
#3 C:\xampp\htdocs\blog\vendor\codeigniter4\framework\system\CodeIgniter.php(312): CodeIgniter\CodeIgniter->handleRequest(NULL, Object(Config\Cache), false)
#4 C:\xampp\htdocs\blog\public\index.php(45): CodeIgniter\CodeIgniter->run()
#5 {main}
CRITICAL - 2020-09-21 06:31:48 --> Argument 1 passed to CodeIgniter\View\Parser::setData() must be of the type array, object given, called in C:\xampp\htdocs\blog\app\Controllers\Admin\Posts.php on line 164
#0 C:\xampp\htdocs\blog\app\Controllers\Admin\Posts.php(164): CodeIgniter\View\Parser->setData(Object(CodeIgniter\Database\MySQLi\Result))
#1 C:\xampp\htdocs\blog\vendor\codeigniter4\framework\system\CodeIgniter.php(918): App\Controllers\Admin\Posts->delete()
#2 C:\xampp\htdocs\blog\vendor\codeigniter4\framework\system\CodeIgniter.php(404): CodeIgniter\CodeIgniter->runController(Object(App\Controllers\Admin\Posts))
#3 C:\xampp\htdocs\blog\vendor\codeigniter4\framework\system\CodeIgniter.php(312): CodeIgniter\CodeIgniter->handleRequest(NULL, Object(Config\Cache), false)
#4 C:\xampp\htdocs\blog\public\index.php(45): CodeIgniter\CodeIgniter->run()
#5 {main}
CRITICAL - 2020-09-21 06:32:38 --> Argument 1 passed to CodeIgniter\View\Parser::setData() must be of the type array, object given, called in C:\xampp\htdocs\blog\app\Controllers\Admin\Posts.php on line 164
#0 C:\xampp\htdocs\blog\app\Controllers\Admin\Posts.php(164): CodeIgniter\View\Parser->setData(Object(CodeIgniter\Database\MySQLi\Result))
#1 C:\xampp\htdocs\blog\vendor\codeigniter4\framework\system\CodeIgniter.php(918): App\Controllers\Admin\Posts->delete()
#2 C:\xampp\htdocs\blog\vendor\codeigniter4\framework\system\CodeIgniter.php(404): CodeIgniter\CodeIgniter->runController(Object(App\Controllers\Admin\Posts))
#3 C:\xampp\htdocs\blog\vendor\codeigniter4\framework\system\CodeIgniter.php(312): CodeIgniter\CodeIgniter->handleRequest(NULL, Object(Config\Cache), false)
#4 C:\xampp\htdocs\blog\public\index.php(45): CodeIgniter\CodeIgniter->run()
#5 {main}
CRITICAL - 2020-09-21 06:33:48 --> Argument 1 passed to CodeIgniter\View\Parser::setData() must be of the type array, object given, called in C:\xampp\htdocs\blog\app\Controllers\Admin\Posts.php on line 164
#0 C:\xampp\htdocs\blog\app\Controllers\Admin\Posts.php(164): CodeIgniter\View\Parser->setData(Object(stdClass))
#1 C:\xampp\htdocs\blog\vendor\codeigniter4\framework\system\CodeIgniter.php(918): App\Controllers\Admin\Posts->delete()
#2 C:\xampp\htdocs\blog\vendor\codeigniter4\framework\system\CodeIgniter.php(404): CodeIgniter\CodeIgniter->runController(Object(App\Controllers\Admin\Posts))
#3 C:\xampp\htdocs\blog\vendor\codeigniter4\framework\system\CodeIgniter.php(312): CodeIgniter\CodeIgniter->handleRequest(NULL, Object(Config\Cache), false)
#4 C:\xampp\htdocs\blog\public\index.php(45): CodeIgniter\CodeIgniter->run()
#5 {main}
CRITICAL - 2020-09-21 06:34:27 --> Argument 1 passed to CodeIgniter\View\Parser::setData() must be of the type array, object given, called in C:\xampp\htdocs\blog\app\Controllers\Admin\Posts.php on line 164
#0 C:\xampp\htdocs\blog\app\Controllers\Admin\Posts.php(164): CodeIgniter\View\Parser->setData(Object(stdClass))
#1 C:\xampp\htdocs\blog\vendor\codeigniter4\framework\system\CodeIgniter.php(918): App\Controllers\Admin\Posts->delete()
#2 C:\xampp\htdocs\blog\vendor\codeigniter4\framework\system\CodeIgniter.php(404): CodeIgniter\CodeIgniter->runController(Object(App\Controllers\Admin\Posts))
#3 C:\xampp\htdocs\blog\vendor\codeigniter4\framework\system\CodeIgniter.php(312): CodeIgniter\CodeIgniter->handleRequest(NULL, Object(Config\Cache), false)
#4 C:\xampp\htdocs\blog\public\index.php(45): CodeIgniter\CodeIgniter->run()
#5 {main}
