CRITICAL - 2020-09-20 05:22:27 --> File not found: ./uploads/images/1600597346_1426409e8795b057b427.png
#0 C:\xampp\htdocs\blog\vendor\codeigniter4\framework\system\Files\File.php(74): CodeIgniter\Files\Exceptions\FileNotFoundException::forFileNotFound('./uploads/image...')
#1 C:\xampp\htdocs\blog\vendor\codeigniter4\framework\system\Images\Handlers\BaseHandler.php(171): CodeIgniter\Files\File->__construct('./uploads/image...', true)
#2 C:\xampp\htdocs\blog\app\Controllers\Admin\Posts.php(55): CodeIgniter\Images\Handlers\BaseHandler->withFile('./uploads/image...')
#3 C:\xampp\htdocs\blog\vendor\codeigniter4\framework\system\CodeIgniter.php(918): App\Controllers\Admin\Posts->add()
#4 C:\xampp\htdocs\blog\vendor\codeigniter4\framework\system\CodeIgniter.php(404): CodeIgniter\CodeIgniter->runController(Object(App\Controllers\Admin\Posts))
#5 C:\xampp\htdocs\blog\vendor\codeigniter4\framework\system\CodeIgniter.php(312): CodeIgniter\CodeIgniter->handleRequest(NULL, Object(Config\Cache), false)
#6 C:\xampp\htdocs\blog\public\index.php(45): CodeIgniter\CodeIgniter->run()
#7 {main}
CRITICAL - 2020-09-20 05:23:09 --> File not found: ./uploads/images/C:\xampp\tmp\phpB056.tmp
#0 C:\xampp\htdocs\blog\vendor\codeigniter4\framework\system\Files\File.php(74): CodeIgniter\Files\Exceptions\FileNotFoundException::forFileNotFound('./uploads/image...')
#1 C:\xampp\htdocs\blog\vendor\codeigniter4\framework\system\Images\Handlers\BaseHandler.php(171): CodeIgniter\Files\File->__construct('./uploads/image...', true)
#2 C:\xampp\htdocs\blog\app\Controllers\Admin\Posts.php(55): CodeIgniter\Images\Handlers\BaseHandler->withFile('./uploads/image...')
#3 C:\xampp\htdocs\blog\vendor\codeigniter4\framework\system\CodeIgniter.php(918): App\Controllers\Admin\Posts->add()
#4 C:\xampp\htdocs\blog\vendor\codeigniter4\framework\system\CodeIgniter.php(404): CodeIgniter\CodeIgniter->runController(Object(App\Controllers\Admin\Posts))
#5 C:\xampp\htdocs\blog\vendor\codeigniter4\framework\system\CodeIgniter.php(312): CodeIgniter\CodeIgniter->handleRequest(NULL, Object(Config\Cache), false)
#6 C:\xampp\htdocs\blog\public\index.php(45): CodeIgniter\CodeIgniter->run()
#7 {main}
CRITICAL - 2020-09-20 05:23:31 --> File not found: ./uploads/images/C:\xampp\tmp\php60A.tmp
#0 C:\xampp\htdocs\blog\vendor\codeigniter4\framework\system\Files\File.php(74): CodeIgniter\Files\Exceptions\FileNotFoundException::forFileNotFound('./uploads/image...')
#1 C:\xampp\htdocs\blog\vendor\codeigniter4\framework\system\Images\Handlers\BaseHandler.php(171): CodeIgniter\Files\File->__construct('./uploads/image...', true)
#2 C:\xampp\htdocs\blog\app\Controllers\Admin\Posts.php(55): CodeIgniter\Images\Handlers\BaseHandler->withFile('./uploads/image...')
#3 C:\xampp\htdocs\blog\vendor\codeigniter4\framework\system\CodeIgniter.php(918): App\Controllers\Admin\Posts->add()
#4 C:\xampp\htdocs\blog\vendor\codeigniter4\framework\system\CodeIgniter.php(404): CodeIgniter\CodeIgniter->runController(Object(App\Controllers\Admin\Posts))
#5 C:\xampp\htdocs\blog\vendor\codeigniter4\framework\system\CodeIgniter.php(312): CodeIgniter\CodeIgniter->handleRequest(NULL, Object(Config\Cache), false)
#6 C:\xampp\htdocs\blog\public\index.php(45): CodeIgniter\CodeIgniter->run()
#7 {main}
CRITICAL - 2020-09-20 05:24:03 --> Unknown column 'csrf_test_name' in 'field list'
#0 C:\xampp\htdocs\blog\vendor\codeigniter4\framework\system\Database\MySQLi\Connection.php(331): mysqli->query('INSERT INTO `po...')
#1 C:\xampp\htdocs\blog\vendor\codeigniter4\framework\system\Database\BaseConnection.php(741): CodeIgniter\Database\MySQLi\Connection->execute('INSERT INTO `po...')
#2 C:\xampp\htdocs\blog\vendor\codeigniter4\framework\system\Database\BaseConnection.php(669): CodeIgniter\Database\BaseConnection->simpleQuery('INSERT INTO `po...')
#3 C:\xampp\htdocs\blog\vendor\codeigniter4\framework\system\Database\BaseBuilder.php(2249): CodeIgniter\Database\BaseConnection->query('INSERT INTO `po...', Array, false)
#4 C:\xampp\htdocs\blog\app\Models\PostModel.php(19): CodeIgniter\Database\BaseBuilder->insert(Array)
#5 C:\xampp\htdocs\blog\app\Controllers\Admin\Posts.php(59): App\Models\PostModel->add(Array)
#6 C:\xampp\htdocs\blog\vendor\codeigniter4\framework\system\CodeIgniter.php(918): App\Controllers\Admin\Posts->add()
#7 C:\xampp\htdocs\blog\vendor\codeigniter4\framework\system\CodeIgniter.php(404): CodeIgniter\CodeIgniter->runController(Object(App\Controllers\Admin\Posts))
#8 C:\xampp\htdocs\blog\vendor\codeigniter4\framework\system\CodeIgniter.php(312): CodeIgniter\CodeIgniter->handleRequest(NULL, Object(Config\Cache), false)
#9 C:\xampp\htdocs\blog\public\index.php(45): CodeIgniter\CodeIgniter->run()
#10 {main}
CRITICAL - 2020-09-20 05:24:40 --> Unknown column 'csrf_test_name' in 'field list'
#0 C:\xampp\htdocs\blog\vendor\codeigniter4\framework\system\Database\MySQLi\Connection.php(331): mysqli->query('INSERT INTO `po...')
#1 C:\xampp\htdocs\blog\vendor\codeigniter4\framework\system\Database\BaseConnection.php(741): CodeIgniter\Database\MySQLi\Connection->execute('INSERT INTO `po...')
#2 C:\xampp\htdocs\blog\vendor\codeigniter4\framework\system\Database\BaseConnection.php(669): CodeIgniter\Database\BaseConnection->simpleQuery('INSERT INTO `po...')
#3 C:\xampp\htdocs\blog\vendor\codeigniter4\framework\system\Database\BaseBuilder.php(2249): CodeIgniter\Database\BaseConnection->query('INSERT INTO `po...', Array, false)
#4 C:\xampp\htdocs\blog\app\Models\PostModel.php(19): CodeIgniter\Database\BaseBuilder->insert(Array)
#5 C:\xampp\htdocs\blog\app\Controllers\Admin\Posts.php(59): App\Models\PostModel->add(Array)
#6 C:\xampp\htdocs\blog\vendor\codeigniter4\framework\system\CodeIgniter.php(918): App\Controllers\Admin\Posts->add()
#7 C:\xampp\htdocs\blog\vendor\codeigniter4\framework\system\CodeIgniter.php(404): CodeIgniter\CodeIgniter->runController(Object(App\Controllers\Admin\Posts))
#8 C:\xampp\htdocs\blog\vendor\codeigniter4\framework\system\CodeIgniter.php(312): CodeIgniter\CodeIgniter->handleRequest(NULL, Object(Config\Cache), false)
#9 C:\xampp\htdocs\blog\public\index.php(45): CodeIgniter\CodeIgniter->run()
#10 {main}
CRITICAL - 2020-09-20 05:34:01 --> Unable to save the image. Please make sure the image and file directory are writable.
#0 C:\xampp\htdocs\blog\vendor\codeigniter4\framework\system\Images\Handlers\GDHandler.php(333): CodeIgniter\Images\Exceptions\ImageException::forSaveFailed()
#1 C:\xampp\htdocs\blog\app\Controllers\Admin\Posts.php(81): CodeIgniter\Images\Handlers\GDHandler->save('./uploads/image...')
#2 C:\xampp\htdocs\blog\app\Controllers\Admin\Posts.php(52): App\Controllers\Admin\Posts->imageManipulation('./uploads/image...', Object(CodeIgniter\Images\Handlers\GDHandler), Object(CodeIgniter\HTTP\Files\UploadedFile), '1600598041_04ab...', 'full')
#3 C:\xampp\htdocs\blog\vendor\codeigniter4\framework\system\CodeIgniter.php(918): App\Controllers\Admin\Posts->add()
#4 C:\xampp\htdocs\blog\vendor\codeigniter4\framework\system\CodeIgniter.php(404): CodeIgniter\CodeIgniter->runController(Object(App\Controllers\Admin\Posts))
#5 C:\xampp\htdocs\blog\vendor\codeigniter4\framework\system\CodeIgniter.php(312): CodeIgniter\CodeIgniter->handleRequest(NULL, Object(Config\Cache), false)
#6 C:\xampp\htdocs\blog\public\index.php(45): CodeIgniter\CodeIgniter->run()
#7 {main}
CRITICAL - 2020-09-20 05:36:34 --> Unable to save the image. Please make sure the image and file directory are writable.
#0 C:\xampp\htdocs\blog\vendor\codeigniter4\framework\system\Images\Handlers\GDHandler.php(333): CodeIgniter\Images\Exceptions\ImageException::forSaveFailed()
#1 C:\xampp\htdocs\blog\app\Controllers\Admin\Posts.php(81): CodeIgniter\Images\Handlers\GDHandler->save('./uploads/image...')
#2 C:\xampp\htdocs\blog\app\Controllers\Admin\Posts.php(52): App\Controllers\Admin\Posts->imageManipulation('./uploads/image...', Object(CodeIgniter\Images\Handlers\GDHandler), Object(CodeIgniter\HTTP\Files\UploadedFile), '1600598194_6912...', 'full')
#3 C:\xampp\htdocs\blog\vendor\codeigniter4\framework\system\CodeIgniter.php(918): App\Controllers\Admin\Posts->add()
#4 C:\xampp\htdocs\blog\vendor\codeigniter4\framework\system\CodeIgniter.php(404): CodeIgniter\CodeIgniter->runController(Object(App\Controllers\Admin\Posts))
#5 C:\xampp\htdocs\blog\vendor\codeigniter4\framework\system\CodeIgniter.php(312): CodeIgniter\CodeIgniter->handleRequest(NULL, Object(Config\Cache), false)
#6 C:\xampp\htdocs\blog\public\index.php(45): CodeIgniter\CodeIgniter->run()
#7 {main}
CRITICAL - 2020-09-20 05:45:54 --> Call to undefined function src()
#0 C:\xampp\htdocs\blog\vendor\codeigniter4\framework\system\View\View.php(246): include()
#1 C:\xampp\htdocs\blog\vendor\codeigniter4\framework\system\Common.php(1119): CodeIgniter\View\View->render('admin/component...', Array, true)
#2 C:\xampp\htdocs\blog\app\Libraries\Post.php(5): view('admin/component...', Array)
#3 C:\xampp\htdocs\blog\vendor\codeigniter4\framework\system\View\Cell.php(156): App\Libraries\Post->post_item(Array)
#4 C:\xampp\htdocs\blog\vendor\codeigniter4\framework\system\Common.php(1140): CodeIgniter\View\Cell->render('App\\Libraries\\P...', Array, 0, 'AppLibrariesPos...')
#5 C:\xampp\htdocs\blog\app\Views\admin\pages\post_list.php(14): view_cell('App\\Libraries\\P...', Array)
#6 C:\xampp\htdocs\blog\vendor\codeigniter4\framework\system\View\View.php(246): include('C:\\xampp\\htdocs...')
#7 C:\xampp\htdocs\blog\vendor\codeigniter4\framework\system\Common.php(1119): CodeIgniter\View\View->render('admin/pages/pos...', Array, true)
#8 C:\xampp\htdocs\blog\app\Controllers\Admin\Posts.php(15): view('admin/pages/pos...', Array)
#9 C:\xampp\htdocs\blog\vendor\codeigniter4\framework\system\CodeIgniter.php(918): App\Controllers\Admin\Posts->index()
#10 C:\xampp\htdocs\blog\vendor\codeigniter4\framework\system\CodeIgniter.php(404): CodeIgniter\CodeIgniter->runController(Object(App\Controllers\Admin\Posts))
#11 C:\xampp\htdocs\blog\vendor\codeigniter4\framework\system\CodeIgniter.php(312): CodeIgniter\CodeIgniter->handleRequest(NULL, Object(Config\Cache), false)
#12 C:\xampp\htdocs\blog\public\index.php(45): CodeIgniter\CodeIgniter->run()
#13 {main}
CRITICAL - 2020-09-20 05:46:37 --> Call to undefined function src()
#0 C:\xampp\htdocs\blog\vendor\codeigniter4\framework\system\View\View.php(246): include()
#1 C:\xampp\htdocs\blog\vendor\codeigniter4\framework\system\Common.php(1119): CodeIgniter\View\View->render('admin/component...', Array, true)
#2 C:\xampp\htdocs\blog\app\Libraries\Post.php(5): view('admin/component...', Array)
#3 C:\xampp\htdocs\blog\vendor\codeigniter4\framework\system\View\Cell.php(156): App\Libraries\Post->post_item(Array)
#4 C:\xampp\htdocs\blog\vendor\codeigniter4\framework\system\Common.php(1140): CodeIgniter\View\Cell->render('App\\Libraries\\P...', Array, 0, 'AppLibrariesPos...')
#5 C:\xampp\htdocs\blog\app\Views\admin\pages\post_list.php(14): view_cell('App\\Libraries\\P...', Array)
#6 C:\xampp\htdocs\blog\vendor\codeigniter4\framework\system\View\View.php(246): include('C:\\xampp\\htdocs...')
#7 C:\xampp\htdocs\blog\vendor\codeigniter4\framework\system\Common.php(1119): CodeIgniter\View\View->render('admin/pages/pos...', Array, true)
#8 C:\xampp\htdocs\blog\app\Controllers\Admin\Posts.php(15): view('admin/pages/pos...', Array)
#9 C:\xampp\htdocs\blog\vendor\codeigniter4\framework\system\CodeIgniter.php(918): App\Controllers\Admin\Posts->index()
#10 C:\xampp\htdocs\blog\vendor\codeigniter4\framework\system\CodeIgniter.php(404): CodeIgniter\CodeIgniter->runController(Object(App\Controllers\Admin\Posts))
#11 C:\xampp\htdocs\blog\vendor\codeigniter4\framework\system\CodeIgniter.php(312): CodeIgniter\CodeIgniter->handleRequest(NULL, Object(Config\Cache), false)
#12 C:\xampp\htdocs\blog\public\index.php(45): CodeIgniter\CodeIgniter->run()
#13 {main}
CRITICAL - 2020-09-20 05:47:56 --> Call to undefined function src()
#0 C:\xampp\htdocs\blog\vendor\codeigniter4\framework\system\View\View.php(246): include()
#1 C:\xampp\htdocs\blog\vendor\codeigniter4\framework\system\Common.php(1119): CodeIgniter\View\View->render('admin/component...', Array, true)
#2 C:\xampp\htdocs\blog\app\Libraries\Post.php(5): view('admin/component...', Array)
#3 C:\xampp\htdocs\blog\vendor\codeigniter4\framework\system\View\Cell.php(156): App\Libraries\Post->post_item(Array)
#4 C:\xampp\htdocs\blog\vendor\codeigniter4\framework\system\Common.php(1140): CodeIgniter\View\Cell->render('App\\Libraries\\P...', Array, 0, 'AppLibrariesPos...')
#5 C:\xampp\htdocs\blog\app\Views\admin\pages\post_list.php(14): view_cell('App\\Libraries\\P...', Array)
#6 C:\xampp\htdocs\blog\vendor\codeigniter4\framework\system\View\View.php(246): include('C:\\xampp\\htdocs...')
#7 C:\xampp\htdocs\blog\vendor\codeigniter4\framework\system\Common.php(1119): CodeIgniter\View\View->render('admin/pages/pos...', Array, true)
#8 C:\xampp\htdocs\blog\app\Controllers\Admin\Posts.php(15): view('admin/pages/pos...', Array)
#9 C:\xampp\htdocs\blog\vendor\codeigniter4\framework\system\CodeIgniter.php(918): App\Controllers\Admin\Posts->index()
#10 C:\xampp\htdocs\blog\vendor\codeigniter4\framework\system\CodeIgniter.php(404): CodeIgniter\CodeIgniter->runController(Object(App\Controllers\Admin\Posts))
#11 C:\xampp\htdocs\blog\vendor\codeigniter4\framework\system\CodeIgniter.php(312): CodeIgniter\CodeIgniter->handleRequest(NULL, Object(Config\Cache), false)
#12 C:\xampp\htdocs\blog\public\index.php(45): CodeIgniter\CodeIgniter->run()
#13 {main}
CRITICAL - 2020-09-20 05:48:51 --> Call to undefined function src()
#0 C:\xampp\htdocs\blog\vendor\codeigniter4\framework\system\View\View.php(246): include()
#1 C:\xampp\htdocs\blog\vendor\codeigniter4\framework\system\Common.php(1119): CodeIgniter\View\View->render('admin/component...', Array, true)
#2 C:\xampp\htdocs\blog\app\Libraries\Post.php(5): view('admin/component...', Array)
#3 C:\xampp\htdocs\blog\vendor\codeigniter4\framework\system\View\Cell.php(156): App\Libraries\Post->post_item(Array)
#4 C:\xampp\htdocs\blog\vendor\codeigniter4\framework\system\Common.php(1140): CodeIgniter\View\Cell->render('App\\Libraries\\P...', Array, 0, 'AppLibrariesPos...')
#5 C:\xampp\htdocs\blog\app\Views\admin\pages\post_list.php(14): view_cell('App\\Libraries\\P...', Array)
#6 C:\xampp\htdocs\blog\vendor\codeigniter4\framework\system\View\View.php(246): include('C:\\xampp\\htdocs...')
#7 C:\xampp\htdocs\blog\vendor\codeigniter4\framework\system\Common.php(1119): CodeIgniter\View\View->render('admin/pages/pos...', Array, true)
#8 C:\xampp\htdocs\blog\app\Controllers\Admin\Posts.php(15): view('admin/pages/pos...', Array)
#9 C:\xampp\htdocs\blog\vendor\codeigniter4\framework\system\CodeIgniter.php(918): App\Controllers\Admin\Posts->index()
#10 C:\xampp\htdocs\blog\vendor\codeigniter4\framework\system\CodeIgniter.php(404): CodeIgniter\CodeIgniter->runController(Object(App\Controllers\Admin\Posts))
#11 C:\xampp\htdocs\blog\vendor\codeigniter4\framework\system\CodeIgniter.php(312): CodeIgniter\CodeIgniter->handleRequest(NULL, Object(Config\Cache), false)
#12 C:\xampp\htdocs\blog\public\index.php(45): CodeIgniter\CodeIgniter->run()
#13 {main}
CRITICAL - 2020-09-20 05:50:43 --> Call to undefined function src()
#0 C:\xampp\htdocs\blog\vendor\codeigniter4\framework\system\View\View.php(246): include()
#1 C:\xampp\htdocs\blog\vendor\codeigniter4\framework\system\Common.php(1119): CodeIgniter\View\View->render('admin/component...', Array, true)
#2 C:\xampp\htdocs\blog\app\Libraries\Post.php(5): view('admin/component...', Array)
#3 C:\xampp\htdocs\blog\vendor\codeigniter4\framework\system\View\Cell.php(156): App\Libraries\Post->post_item(Array)
#4 C:\xampp\htdocs\blog\vendor\codeigniter4\framework\system\Common.php(1140): CodeIgniter\View\Cell->render('App\\Libraries\\P...', Array, 0, 'AppLibrariesPos...')
#5 C:\xampp\htdocs\blog\app\Views\admin\pages\post_list.php(14): view_cell('App\\Libraries\\P...', Array)
#6 C:\xampp\htdocs\blog\vendor\codeigniter4\framework\system\View\View.php(246): include('C:\\xampp\\htdocs...')
#7 C:\xampp\htdocs\blog\vendor\codeigniter4\framework\system\Common.php(1119): CodeIgniter\View\View->render('admin/pages/pos...', Array, true)
#8 C:\xampp\htdocs\blog\app\Controllers\Admin\Posts.php(15): view('admin/pages/pos...', Array)
#9 C:\xampp\htdocs\blog\vendor\codeigniter4\framework\system\CodeIgniter.php(918): App\Controllers\Admin\Posts->index()
#10 C:\xampp\htdocs\blog\vendor\codeigniter4\framework\system\CodeIgniter.php(404): CodeIgniter\CodeIgniter->runController(Object(App\Controllers\Admin\Posts))
#11 C:\xampp\htdocs\blog\vendor\codeigniter4\framework\system\CodeIgniter.php(312): CodeIgniter\CodeIgniter->handleRequest(NULL, Object(Config\Cache), false)
#12 C:\xampp\htdocs\blog\public\index.php(45): CodeIgniter\CodeIgniter->run()
#13 {main}
CRITICAL - 2020-09-20 05:51:51 --> Call to undefined function get_image()
#0 C:\xampp\htdocs\blog\vendor\codeigniter4\framework\system\View\View.php(246): include()
#1 C:\xampp\htdocs\blog\vendor\codeigniter4\framework\system\Common.php(1119): CodeIgniter\View\View->render('admin/component...', Array, true)
#2 C:\xampp\htdocs\blog\app\Libraries\Post.php(5): view('admin/component...', Array)
#3 C:\xampp\htdocs\blog\vendor\codeigniter4\framework\system\View\Cell.php(156): App\Libraries\Post->post_item(Array)
#4 C:\xampp\htdocs\blog\vendor\codeigniter4\framework\system\Common.php(1140): CodeIgniter\View\Cell->render('App\\Libraries\\P...', Array, 0, 'AppLibrariesPos...')
#5 C:\xampp\htdocs\blog\app\Views\admin\pages\post_list.php(14): view_cell('App\\Libraries\\P...', Array)
#6 C:\xampp\htdocs\blog\vendor\codeigniter4\framework\system\View\View.php(246): include('C:\\xampp\\htdocs...')
#7 C:\xampp\htdocs\blog\vendor\codeigniter4\framework\system\Common.php(1119): CodeIgniter\View\View->render('admin/pages/pos...', Array, true)
#8 C:\xampp\htdocs\blog\app\Controllers\Admin\Posts.php(15): view('admin/pages/pos...', Array)
#9 C:\xampp\htdocs\blog\vendor\codeigniter4\framework\system\CodeIgniter.php(918): App\Controllers\Admin\Posts->index()
#10 C:\xampp\htdocs\blog\vendor\codeigniter4\framework\system\CodeIgniter.php(404): CodeIgniter\CodeIgniter->runController(Object(App\Controllers\Admin\Posts))
#11 C:\xampp\htdocs\blog\vendor\codeigniter4\framework\system\CodeIgniter.php(312): CodeIgniter\CodeIgniter->handleRequest(NULL, Object(Config\Cache), false)
#12 C:\xampp\htdocs\blog\public\index.php(45): CodeIgniter\CodeIgniter->run()
#13 {main}
CRITICAL - 2020-09-20 05:54:38 --> Call to undefined function get_image()
#0 C:\xampp\htdocs\blog\vendor\codeigniter4\framework\system\View\View.php(246): include()
#1 C:\xampp\htdocs\blog\vendor\codeigniter4\framework\system\Common.php(1119): CodeIgniter\View\View->render('admin/component...', Array, true)
#2 C:\xampp\htdocs\blog\app\Libraries\Post.php(5): view('admin/component...', Array)
#3 C:\xampp\htdocs\blog\vendor\codeigniter4\framework\system\View\Cell.php(156): App\Libraries\Post->post_item(Array)
#4 C:\xampp\htdocs\blog\vendor\codeigniter4\framework\system\Common.php(1140): CodeIgniter\View\Cell->render('App\\Libraries\\P...', Array, 0, 'AppLibrariesPos...')
#5 C:\xampp\htdocs\blog\app\Views\admin\pages\post_list.php(14): view_cell('App\\Libraries\\P...', Array)
#6 C:\xampp\htdocs\blog\vendor\codeigniter4\framework\system\View\View.php(246): include('C:\\xampp\\htdocs...')
#7 C:\xampp\htdocs\blog\vendor\codeigniter4\framework\system\Common.php(1119): CodeIgniter\View\View->render('admin/pages/pos...', Array, true)
#8 C:\xampp\htdocs\blog\app\Controllers\Admin\Posts.php(15): view('admin/pages/pos...', Array)
#9 C:\xampp\htdocs\blog\vendor\codeigniter4\framework\system\CodeIgniter.php(918): App\Controllers\Admin\Posts->index()
#10 C:\xampp\htdocs\blog\vendor\codeigniter4\framework\system\CodeIgniter.php(404): CodeIgniter\CodeIgniter->runController(Object(App\Controllers\Admin\Posts))
#11 C:\xampp\htdocs\blog\vendor\codeigniter4\framework\system\CodeIgniter.php(312): CodeIgniter\CodeIgniter->handleRequest(NULL, Object(Config\Cache), false)
#12 C:\xampp\htdocs\blog\public\index.php(45): CodeIgniter\CodeIgniter->run()
#13 {main}
CRITICAL - 2020-09-20 07:44:59 --> Unable to locate view cell class: App\Libraries\Blog.
#0 C:\xampp\htdocs\blog\vendor\codeigniter4\framework\system\View\Cell.php(268): CodeIgniter\View\Exceptions\ViewException::forInvalidCellClass('App\\Libraries\\B...')
#1 C:\xampp\htdocs\blog\vendor\codeigniter4\framework\system\View\Cell.php(110): CodeIgniter\View\Cell->determineClass('App\\Libraries\\B...')
#2 C:\xampp\htdocs\blog\vendor\codeigniter4\framework\system\Common.php(1140): CodeIgniter\View\Cell->render('App\\Libraries\\B...', Array, 0, NULL)
#3 C:\xampp\htdocs\blog\app\Views\admin\pages\post_edit.php(4): view_cell('App\\Libraries\\B...', Array)
#4 C:\xampp\htdocs\blog\vendor\codeigniter4\framework\system\View\View.php(246): include('C:\\xampp\\htdocs...')
#5 C:\xampp\htdocs\blog\vendor\codeigniter4\framework\system\Common.php(1119): CodeIgniter\View\View->render('admin/pages/pos...', Array, true)
#6 C:\xampp\htdocs\blog\app\Controllers\Admin\Posts.php(69): view('admin/pages/pos...', Array)
#7 C:\xampp\htdocs\blog\vendor\codeigniter4\framework\system\CodeIgniter.php(918): App\Controllers\Admin\Posts->update()
#8 C:\xampp\htdocs\blog\vendor\codeigniter4\framework\system\CodeIgniter.php(404): CodeIgniter\CodeIgniter->runController(Object(App\Controllers\Admin\Posts))
#9 C:\xampp\htdocs\blog\vendor\codeigniter4\framework\system\CodeIgniter.php(312): CodeIgniter\CodeIgniter->handleRequest(NULL, Object(Config\Cache), false)
#10 C:\xampp\htdocs\blog\public\index.php(45): CodeIgniter\CodeIgniter->run()
#11 {main}
CRITICAL - 2020-09-20 07:45:05 --> Unable to locate view cell class: App\Libraries\Blog.
#0 C:\xampp\htdocs\blog\vendor\codeigniter4\framework\system\View\Cell.php(268): CodeIgniter\View\Exceptions\ViewException::forInvalidCellClass('App\\Libraries\\B...')
#1 C:\xampp\htdocs\blog\vendor\codeigniter4\framework\system\View\Cell.php(110): CodeIgniter\View\Cell->determineClass('App\\Libraries\\B...')
#2 C:\xampp\htdocs\blog\vendor\codeigniter4\framework\system\Common.php(1140): CodeIgniter\View\Cell->render('App\\Libraries\\B...', Array, 0, NULL)
#3 C:\xampp\htdocs\blog\app\Views\admin\pages\post_edit.php(4): view_cell('App\\Libraries\\B...', Array)
#4 C:\xampp\htdocs\blog\vendor\codeigniter4\framework\system\View\View.php(246): include('C:\\xampp\\htdocs...')
#5 C:\xampp\htdocs\blog\vendor\codeigniter4\framework\system\Common.php(1119): CodeIgniter\View\View->render('admin/pages/pos...', Array, true)
#6 C:\xampp\htdocs\blog\app\Controllers\Admin\Posts.php(69): view('admin/pages/pos...', Array)
#7 C:\xampp\htdocs\blog\vendor\codeigniter4\framework\system\CodeIgniter.php(918): App\Controllers\Admin\Posts->update()
#8 C:\xampp\htdocs\blog\vendor\codeigniter4\framework\system\CodeIgniter.php(404): CodeIgniter\CodeIgniter->runController(Object(App\Controllers\Admin\Posts))
#9 C:\xampp\htdocs\blog\vendor\codeigniter4\framework\system\CodeIgniter.php(312): CodeIgniter\CodeIgniter->handleRequest(NULL, Object(Config\Cache), false)
#10 C:\xampp\htdocs\blog\public\index.php(45): CodeIgniter\CodeIgniter->run()
#11 {main}
CRITICAL - 2020-09-20 07:48:15 --> Too few arguments to function App\Controllers\Admin\Posts::update(), 0 passed in C:\xampp\htdocs\blog\vendor\codeigniter4\framework\system\CodeIgniter.php on line 918 and exactly 1 expected
#0 C:\xampp\htdocs\blog\vendor\codeigniter4\framework\system\CodeIgniter.php(918): App\Controllers\Admin\Posts->update()
#1 C:\xampp\htdocs\blog\vendor\codeigniter4\framework\system\CodeIgniter.php(404): CodeIgniter\CodeIgniter->runController(Object(App\Controllers\Admin\Posts))
#2 C:\xampp\htdocs\blog\vendor\codeigniter4\framework\system\CodeIgniter.php(312): CodeIgniter\CodeIgniter->handleRequest(NULL, Object(Config\Cache), false)
#3 C:\xampp\htdocs\blog\public\index.php(45): CodeIgniter\CodeIgniter->run()
#4 {main}
CRITICAL - 2020-09-20 07:52:52 --> Undefined variable: post
#0 C:\xampp\htdocs\blog\app\Views\admin\components\post_form.php(9): CodeIgniter\Debug\Exceptions->errorHandler(8, 'Undefined varia...', 'C:\\xampp\\htdocs...', 9, Array)
#1 C:\xampp\htdocs\blog\vendor\codeigniter4\framework\system\View\View.php(246): include('C:\\xampp\\htdocs...')
#2 C:\xampp\htdocs\blog\vendor\codeigniter4\framework\system\Common.php(1119): CodeIgniter\View\View->render('admin/component...', Array, true)
#3 C:\xampp\htdocs\blog\app\Libraries\Post.php(8): view('admin/component...', Array)
#4 C:\xampp\htdocs\blog\vendor\codeigniter4\framework\system\View\Cell.php(156): App\Libraries\Post->post_form(Array)
#5 C:\xampp\htdocs\blog\vendor\codeigniter4\framework\system\Common.php(1140): CodeIgniter\View\Cell->render('App\\Libraries\\P...', Array, 0, 'AppLibrariesPos...')
#6 C:\xampp\htdocs\blog\app\Views\admin\pages\post_edit.php(4): view_cell('App\\Libraries\\P...', Array)
#7 C:\xampp\htdocs\blog\vendor\codeigniter4\framework\system\View\View.php(246): include('C:\\xampp\\htdocs...')
#8 C:\xampp\htdocs\blog\vendor\codeigniter4\framework\system\Common.php(1119): CodeIgniter\View\View->render('admin/pages/pos...', Array, true)
#9 C:\xampp\htdocs\blog\app\Controllers\Admin\Posts.php(72): view('admin/pages/pos...', Array)
#10 C:\xampp\htdocs\blog\vendor\codeigniter4\framework\system\CodeIgniter.php(918): App\Controllers\Admin\Posts->update('1')
#11 C:\xampp\htdocs\blog\vendor\codeigniter4\framework\system\CodeIgniter.php(404): CodeIgniter\CodeIgniter->runController(Object(App\Controllers\Admin\Posts))
#12 C:\xampp\htdocs\blog\vendor\codeigniter4\framework\system\CodeIgniter.php(312): CodeIgniter\CodeIgniter->handleRequest(NULL, Object(Config\Cache), false)
#13 C:\xampp\htdocs\blog\public\index.php(45): CodeIgniter\CodeIgniter->run()
#14 {main}
CRITICAL - 2020-09-20 07:53:32 --> Undefined variable: post
#0 C:\xampp\htdocs\blog\app\Views\admin\pages\post_edit.php(4): CodeIgniter\Debug\Exceptions->errorHandler(8, 'Undefined varia...', 'C:\\xampp\\htdocs...', 4, Array)
#1 C:\xampp\htdocs\blog\vendor\codeigniter4\framework\system\View\View.php(246): include('C:\\xampp\\htdocs...')
#2 C:\xampp\htdocs\blog\vendor\codeigniter4\framework\system\Common.php(1119): CodeIgniter\View\View->render('admin/pages/pos...', Array, true)
#3 C:\xampp\htdocs\blog\app\Controllers\Admin\Posts.php(72): view('admin/pages/pos...', Array)
#4 C:\xampp\htdocs\blog\vendor\codeigniter4\framework\system\CodeIgniter.php(918): App\Controllers\Admin\Posts->update('1')
#5 C:\xampp\htdocs\blog\vendor\codeigniter4\framework\system\CodeIgniter.php(404): CodeIgniter\CodeIgniter->runController(Object(App\Controllers\Admin\Posts))
#6 C:\xampp\htdocs\blog\vendor\codeigniter4\framework\system\CodeIgniter.php(312): CodeIgniter\CodeIgniter->handleRequest(NULL, Object(Config\Cache), false)
#7 C:\xampp\htdocs\blog\public\index.php(45): CodeIgniter\CodeIgniter->run()
#8 {main}
CRITICAL - 2020-09-20 07:54:06 --> Undefined variable: post
#0 C:\xampp\htdocs\blog\app\Views\admin\pages\post_edit.php(4): CodeIgniter\Debug\Exceptions->errorHandler(8, 'Undefined varia...', 'C:\\xampp\\htdocs...', 4, Array)
#1 C:\xampp\htdocs\blog\vendor\codeigniter4\framework\system\View\View.php(246): include('C:\\xampp\\htdocs...')
#2 C:\xampp\htdocs\blog\vendor\codeigniter4\framework\system\Common.php(1119): CodeIgniter\View\View->render('admin/pages/pos...', Array, true)
#3 C:\xampp\htdocs\blog\app\Controllers\Admin\Posts.php(72): view('admin/pages/pos...', Array)
#4 C:\xampp\htdocs\blog\vendor\codeigniter4\framework\system\CodeIgniter.php(918): App\Controllers\Admin\Posts->update('1')
#5 C:\xampp\htdocs\blog\vendor\codeigniter4\framework\system\CodeIgniter.php(404): CodeIgniter\CodeIgniter->runController(Object(App\Controllers\Admin\Posts))
#6 C:\xampp\htdocs\blog\vendor\codeigniter4\framework\system\CodeIgniter.php(312): CodeIgniter\CodeIgniter->handleRequest(NULL, Object(Config\Cache), false)
#7 C:\xampp\htdocs\blog\public\index.php(45): CodeIgniter\CodeIgniter->run()
#8 {main}
CRITICAL - 2020-09-20 07:56:14 --> Undefined variable: post
#0 C:\xampp\htdocs\blog\app\Views\admin\components\post_form.php(9): CodeIgniter\Debug\Exceptions->errorHandler(8, 'Undefined varia...', 'C:\\xampp\\htdocs...', 9, Array)
#1 C:\xampp\htdocs\blog\vendor\codeigniter4\framework\system\View\View.php(246): include('C:\\xampp\\htdocs...')
#2 C:\xampp\htdocs\blog\vendor\codeigniter4\framework\system\Common.php(1119): CodeIgniter\View\View->render('admin/component...', Array, true)
#3 C:\xampp\htdocs\blog\app\Libraries\Post.php(8): view('admin/component...', Array)
#4 C:\xampp\htdocs\blog\vendor\codeigniter4\framework\system\View\Cell.php(156): App\Libraries\Post->post_form(Array)
#5 C:\xampp\htdocs\blog\vendor\codeigniter4\framework\system\Common.php(1140): CodeIgniter\View\Cell->render('App\\Libraries\\P...', Array, 0, 'AppLibrariesPos...')
#6 C:\xampp\htdocs\blog\app\Views\admin\pages\post_add.php(4): view_cell('App\\Libraries\\P...', Array)
#7 C:\xampp\htdocs\blog\vendor\codeigniter4\framework\system\View\View.php(246): include('C:\\xampp\\htdocs...')
#8 C:\xampp\htdocs\blog\vendor\codeigniter4\framework\system\Common.php(1119): CodeIgniter\View\View->render('admin/pages/pos...', Array, true)
#9 C:\xampp\htdocs\blog\app\Controllers\Admin\Posts.php(20): view('admin/pages/pos...', Array)
#10 C:\xampp\htdocs\blog\vendor\codeigniter4\framework\system\CodeIgniter.php(918): App\Controllers\Admin\Posts->add()
#11 C:\xampp\htdocs\blog\vendor\codeigniter4\framework\system\CodeIgniter.php(404): CodeIgniter\CodeIgniter->runController(Object(App\Controllers\Admin\Posts))
#12 C:\xampp\htdocs\blog\vendor\codeigniter4\framework\system\CodeIgniter.php(312): CodeIgniter\CodeIgniter->handleRequest(NULL, Object(Config\Cache), false)
#13 C:\xampp\htdocs\blog\public\index.php(45): CodeIgniter\CodeIgniter->run()
#14 {main}
CRITICAL - 2020-09-20 07:56:38 --> Undefined variable: post
#0 C:\xampp\htdocs\blog\app\Views\admin\components\post_form.php(9): CodeIgniter\Debug\Exceptions->errorHandler(8, 'Undefined varia...', 'C:\\xampp\\htdocs...', 9, Array)
#1 C:\xampp\htdocs\blog\vendor\codeigniter4\framework\system\View\View.php(246): include('C:\\xampp\\htdocs...')
#2 C:\xampp\htdocs\blog\vendor\codeigniter4\framework\system\Common.php(1119): CodeIgniter\View\View->render('admin/component...', Array, true)
#3 C:\xampp\htdocs\blog\app\Libraries\Post.php(8): view('admin/component...', Array)
#4 C:\xampp\htdocs\blog\vendor\codeigniter4\framework\system\View\Cell.php(156): App\Libraries\Post->post_form(Array)
#5 C:\xampp\htdocs\blog\vendor\codeigniter4\framework\system\Common.php(1140): CodeIgniter\View\Cell->render('App\\Libraries\\P...', Array, 0, 'AppLibrariesPos...')
#6 C:\xampp\htdocs\blog\app\Views\admin\pages\post_add.php(5): view_cell('App\\Libraries\\P...', Array)
#7 C:\xampp\htdocs\blog\vendor\codeigniter4\framework\system\View\View.php(246): include('C:\\xampp\\htdocs...')
#8 C:\xampp\htdocs\blog\vendor\codeigniter4\framework\system\Common.php(1119): CodeIgniter\View\View->render('admin/pages/pos...', Array, true)
#9 C:\xampp\htdocs\blog\app\Controllers\Admin\Posts.php(20): view('admin/pages/pos...', Array)
#10 C:\xampp\htdocs\blog\vendor\codeigniter4\framework\system\CodeIgniter.php(918): App\Controllers\Admin\Posts->add()
#11 C:\xampp\htdocs\blog\vendor\codeigniter4\framework\system\CodeIgniter.php(404): CodeIgniter\CodeIgniter->runController(Object(App\Controllers\Admin\Posts))
#12 C:\xampp\htdocs\blog\vendor\codeigniter4\framework\system\CodeIgniter.php(312): CodeIgniter\CodeIgniter->handleRequest(NULL, Object(Config\Cache), false)
#13 C:\xampp\htdocs\blog\public\index.php(45): CodeIgniter\CodeIgniter->run()
#14 {main}
CRITICAL - 2020-09-20 07:57:13 --> Undefined variable: post
#0 C:\xampp\htdocs\blog\app\Views\admin\components\post_form.php(9): CodeIgniter\Debug\Exceptions->errorHandler(8, 'Undefined varia...', 'C:\\xampp\\htdocs...', 9, Array)
#1 C:\xampp\htdocs\blog\vendor\codeigniter4\framework\system\View\View.php(246): include('C:\\xampp\\htdocs...')
#2 C:\xampp\htdocs\blog\vendor\codeigniter4\framework\system\Common.php(1119): CodeIgniter\View\View->render('admin/component...', Array, true)
#3 C:\xampp\htdocs\blog\app\Libraries\Post.php(8): view('admin/component...', Array)
#4 C:\xampp\htdocs\blog\vendor\codeigniter4\framework\system\View\Cell.php(156): App\Libraries\Post->post_form(Array)
#5 C:\xampp\htdocs\blog\vendor\codeigniter4\framework\system\Common.php(1140): CodeIgniter\View\Cell->render('App\\Libraries\\P...', Array, 0, 'AppLibrariesPos...')
#6 C:\xampp\htdocs\blog\app\Views\admin\pages\post_add.php(5): view_cell('App\\Libraries\\P...', Array)
#7 C:\xampp\htdocs\blog\vendor\codeigniter4\framework\system\View\View.php(246): include('C:\\xampp\\htdocs...')
#8 C:\xampp\htdocs\blog\vendor\codeigniter4\framework\system\Common.php(1119): CodeIgniter\View\View->render('admin/pages/pos...', Array, true)
#9 C:\xampp\htdocs\blog\app\Controllers\Admin\Posts.php(20): view('admin/pages/pos...', Array)
#10 C:\xampp\htdocs\blog\vendor\codeigniter4\framework\system\CodeIgniter.php(918): App\Controllers\Admin\Posts->add()
#11 C:\xampp\htdocs\blog\vendor\codeigniter4\framework\system\CodeIgniter.php(404): CodeIgniter\CodeIgniter->runController(Object(App\Controllers\Admin\Posts))
#12 C:\xampp\htdocs\blog\vendor\codeigniter4\framework\system\CodeIgniter.php(312): CodeIgniter\CodeIgniter->handleRequest(NULL, Object(Config\Cache), false)
#13 C:\xampp\htdocs\blog\public\index.php(45): CodeIgniter\CodeIgniter->run()
#14 {main}
CRITICAL - 2020-09-20 07:57:28 --> Undefined variable: post
#0 C:\xampp\htdocs\blog\app\Views\admin\components\post_form.php(9): CodeIgniter\Debug\Exceptions->errorHandler(8, 'Undefined varia...', 'C:\\xampp\\htdocs...', 9, Array)
#1 C:\xampp\htdocs\blog\vendor\codeigniter4\framework\system\View\View.php(246): include('C:\\xampp\\htdocs...')
#2 C:\xampp\htdocs\blog\vendor\codeigniter4\framework\system\Common.php(1119): CodeIgniter\View\View->render('admin/component...', Array, true)
#3 C:\xampp\htdocs\blog\app\Libraries\Post.php(8): view('admin/component...', Array)
#4 C:\xampp\htdocs\blog\vendor\codeigniter4\framework\system\View\Cell.php(156): App\Libraries\Post->post_form(Array)
#5 C:\xampp\htdocs\blog\vendor\codeigniter4\framework\system\Common.php(1140): CodeIgniter\View\Cell->render('App\\Libraries\\P...', Array, 0, 'AppLibrariesPos...')
#6 C:\xampp\htdocs\blog\app\Views\admin\pages\post_add.php(5): view_cell('App\\Libraries\\P...', Array)
#7 C:\xampp\htdocs\blog\vendor\codeigniter4\framework\system\View\View.php(246): include('C:\\xampp\\htdocs...')
#8 C:\xampp\htdocs\blog\vendor\codeigniter4\framework\system\Common.php(1119): CodeIgniter\View\View->render('admin/pages/pos...', Array, true)
#9 C:\xampp\htdocs\blog\app\Controllers\Admin\Posts.php(20): view('admin/pages/pos...', Array)
#10 C:\xampp\htdocs\blog\vendor\codeigniter4\framework\system\CodeIgniter.php(918): App\Controllers\Admin\Posts->add()
#11 C:\xampp\htdocs\blog\vendor\codeigniter4\framework\system\CodeIgniter.php(404): CodeIgniter\CodeIgniter->runController(Object(App\Controllers\Admin\Posts))
#12 C:\xampp\htdocs\blog\vendor\codeigniter4\framework\system\CodeIgniter.php(312): CodeIgniter\CodeIgniter->handleRequest(NULL, Object(Config\Cache), false)
#13 C:\xampp\htdocs\blog\public\index.php(45): CodeIgniter\CodeIgniter->run()
#14 {main}
CRITICAL - 2020-09-20 07:57:43 --> Trying to get property 'title' of non-object
#0 C:\xampp\htdocs\blog\app\Views\admin\components\post_form.php(9): CodeIgniter\Debug\Exceptions->errorHandler(8, 'Trying to get p...', 'C:\\xampp\\htdocs...', 9, Array)
#1 C:\xampp\htdocs\blog\vendor\codeigniter4\framework\system\View\View.php(246): include('C:\\xampp\\htdocs...')
#2 C:\xampp\htdocs\blog\vendor\codeigniter4\framework\system\Common.php(1119): CodeIgniter\View\View->render('admin/component...', Array, true)
#3 C:\xampp\htdocs\blog\app\Libraries\Post.php(8): view('admin/component...', Array)
#4 C:\xampp\htdocs\blog\vendor\codeigniter4\framework\system\View\Cell.php(156): App\Libraries\Post->post_form(Array)
#5 C:\xampp\htdocs\blog\vendor\codeigniter4\framework\system\Common.php(1140): CodeIgniter\View\Cell->render('App\\Libraries\\P...', Array, 0, 'AppLibrariesPos...')
#6 C:\xampp\htdocs\blog\app\Views\admin\pages\post_add.php(5): view_cell('App\\Libraries\\P...', Array)
#7 C:\xampp\htdocs\blog\vendor\codeigniter4\framework\system\View\View.php(246): include('C:\\xampp\\htdocs...')
#8 C:\xampp\htdocs\blog\vendor\codeigniter4\framework\system\Common.php(1119): CodeIgniter\View\View->render('admin/pages/pos...', Array, true)
#9 C:\xampp\htdocs\blog\app\Controllers\Admin\Posts.php(20): view('admin/pages/pos...', Array)
#10 C:\xampp\htdocs\blog\vendor\codeigniter4\framework\system\CodeIgniter.php(918): App\Controllers\Admin\Posts->add()
#11 C:\xampp\htdocs\blog\vendor\codeigniter4\framework\system\CodeIgniter.php(404): CodeIgniter\CodeIgniter->runController(Object(App\Controllers\Admin\Posts))
#12 C:\xampp\htdocs\blog\vendor\codeigniter4\framework\system\CodeIgniter.php(312): CodeIgniter\CodeIgniter->handleRequest(NULL, Object(Config\Cache), false)
#13 C:\xampp\htdocs\blog\public\index.php(45): CodeIgniter\CodeIgniter->run()
#14 {main}
CRITICAL - 2020-09-20 07:57:56 --> Trying to get property 'title' of non-object
#0 C:\xampp\htdocs\blog\app\Views\admin\components\post_form.php(9): CodeIgniter\Debug\Exceptions->errorHandler(8, 'Trying to get p...', 'C:\\xampp\\htdocs...', 9, Array)
#1 C:\xampp\htdocs\blog\vendor\codeigniter4\framework\system\View\View.php(246): include('C:\\xampp\\htdocs...')
#2 C:\xampp\htdocs\blog\vendor\codeigniter4\framework\system\Common.php(1119): CodeIgniter\View\View->render('admin/component...', Array, true)
#3 C:\xampp\htdocs\blog\app\Libraries\Post.php(8): view('admin/component...', Array)
#4 C:\xampp\htdocs\blog\vendor\codeigniter4\framework\system\View\Cell.php(156): App\Libraries\Post->post_form(Array)
#5 C:\xampp\htdocs\blog\vendor\codeigniter4\framework\system\Common.php(1140): CodeIgniter\View\Cell->render('App\\Libraries\\P...', Array, 0, 'AppLibrariesPos...')
#6 C:\xampp\htdocs\blog\app\Views\admin\pages\post_add.php(5): view_cell('App\\Libraries\\P...', Array)
#7 C:\xampp\htdocs\blog\vendor\codeigniter4\framework\system\View\View.php(246): include('C:\\xampp\\htdocs...')
#8 C:\xampp\htdocs\blog\vendor\codeigniter4\framework\system\Common.php(1119): CodeIgniter\View\View->render('admin/pages/pos...', Array, true)
#9 C:\xampp\htdocs\blog\app\Controllers\Admin\Posts.php(20): view('admin/pages/pos...', Array)
#10 C:\xampp\htdocs\blog\vendor\codeigniter4\framework\system\CodeIgniter.php(918): App\Controllers\Admin\Posts->add()
#11 C:\xampp\htdocs\blog\vendor\codeigniter4\framework\system\CodeIgniter.php(404): CodeIgniter\CodeIgniter->runController(Object(App\Controllers\Admin\Posts))
#12 C:\xampp\htdocs\blog\vendor\codeigniter4\framework\system\CodeIgniter.php(312): CodeIgniter\CodeIgniter->handleRequest(NULL, Object(Config\Cache), false)
#13 C:\xampp\htdocs\blog\public\index.php(45): CodeIgniter\CodeIgniter->run()
#14 {main}
CRITICAL - 2020-09-20 07:58:01 --> Trying to get property 'title' of non-object
#0 C:\xampp\htdocs\blog\app\Views\admin\components\post_form.php(9): CodeIgniter\Debug\Exceptions->errorHandler(8, 'Trying to get p...', 'C:\\xampp\\htdocs...', 9, Array)
#1 C:\xampp\htdocs\blog\vendor\codeigniter4\framework\system\View\View.php(246): include('C:\\xampp\\htdocs...')
#2 C:\xampp\htdocs\blog\vendor\codeigniter4\framework\system\Common.php(1119): CodeIgniter\View\View->render('admin/component...', Array, true)
#3 C:\xampp\htdocs\blog\app\Libraries\Post.php(8): view('admin/component...', Array)
#4 C:\xampp\htdocs\blog\vendor\codeigniter4\framework\system\View\Cell.php(156): App\Libraries\Post->post_form(Array)
#5 C:\xampp\htdocs\blog\vendor\codeigniter4\framework\system\Common.php(1140): CodeIgniter\View\Cell->render('App\\Libraries\\P...', Array, 0, 'AppLibrariesPos...')
#6 C:\xampp\htdocs\blog\app\Views\admin\pages\post_add.php(5): view_cell('App\\Libraries\\P...', Array)
#7 C:\xampp\htdocs\blog\vendor\codeigniter4\framework\system\View\View.php(246): include('C:\\xampp\\htdocs...')
#8 C:\xampp\htdocs\blog\vendor\codeigniter4\framework\system\Common.php(1119): CodeIgniter\View\View->render('admin/pages/pos...', Array, true)
#9 C:\xampp\htdocs\blog\app\Controllers\Admin\Posts.php(20): view('admin/pages/pos...', Array)
#10 C:\xampp\htdocs\blog\vendor\codeigniter4\framework\system\CodeIgniter.php(918): App\Controllers\Admin\Posts->add()
#11 C:\xampp\htdocs\blog\vendor\codeigniter4\framework\system\CodeIgniter.php(404): CodeIgniter\CodeIgniter->runController(Object(App\Controllers\Admin\Posts))
#12 C:\xampp\htdocs\blog\vendor\codeigniter4\framework\system\CodeIgniter.php(312): CodeIgniter\CodeIgniter->handleRequest(NULL, Object(Config\Cache), false)
#13 C:\xampp\htdocs\blog\public\index.php(45): CodeIgniter\CodeIgniter->run()
#14 {main}
CRITICAL - 2020-09-20 07:58:15 --> syntax error, unexpected ';'
#0 C:\xampp\htdocs\blog\vendor\codeigniter4\framework\system\Common.php(1119): CodeIgniter\View\View->render('admin/pages/pos...', Array, true)
#1 C:\xampp\htdocs\blog\app\Controllers\Admin\Posts.php(20): view('admin/pages/pos...', Array)
#2 C:\xampp\htdocs\blog\vendor\codeigniter4\framework\system\CodeIgniter.php(918): App\Controllers\Admin\Posts->add()
#3 C:\xampp\htdocs\blog\vendor\codeigniter4\framework\system\CodeIgniter.php(404): CodeIgniter\CodeIgniter->runController(Object(App\Controllers\Admin\Posts))
#4 C:\xampp\htdocs\blog\vendor\codeigniter4\framework\system\CodeIgniter.php(312): CodeIgniter\CodeIgniter->handleRequest(NULL, Object(Config\Cache), false)
#5 C:\xampp\htdocs\blog\public\index.php(45): CodeIgniter\CodeIgniter->run()
#6 {main}
CRITICAL - 2020-09-20 07:58:21 --> Trying to get property 'title' of non-object
#0 C:\xampp\htdocs\blog\app\Views\admin\components\post_form.php(9): CodeIgniter\Debug\Exceptions->errorHandler(8, 'Trying to get p...', 'C:\\xampp\\htdocs...', 9, Array)
#1 C:\xampp\htdocs\blog\vendor\codeigniter4\framework\system\View\View.php(246): include('C:\\xampp\\htdocs...')
#2 C:\xampp\htdocs\blog\vendor\codeigniter4\framework\system\Common.php(1119): CodeIgniter\View\View->render('admin/component...', Array, true)
#3 C:\xampp\htdocs\blog\app\Libraries\Post.php(8): view('admin/component...', Array)
#4 C:\xampp\htdocs\blog\vendor\codeigniter4\framework\system\View\Cell.php(156): App\Libraries\Post->post_form(Array)
#5 C:\xampp\htdocs\blog\vendor\codeigniter4\framework\system\Common.php(1140): CodeIgniter\View\Cell->render('App\\Libraries\\P...', Array, 0, 'AppLibrariesPos...')
#6 C:\xampp\htdocs\blog\app\Views\admin\pages\post_add.php(4): view_cell('App\\Libraries\\P...', Array)
#7 C:\xampp\htdocs\blog\vendor\codeigniter4\framework\system\View\View.php(246): include('C:\\xampp\\htdocs...')
#8 C:\xampp\htdocs\blog\vendor\codeigniter4\framework\system\Common.php(1119): CodeIgniter\View\View->render('admin/pages/pos...', Array, true)
#9 C:\xampp\htdocs\blog\app\Controllers\Admin\Posts.php(20): view('admin/pages/pos...', Array)
#10 C:\xampp\htdocs\blog\vendor\codeigniter4\framework\system\CodeIgniter.php(918): App\Controllers\Admin\Posts->add()
#11 C:\xampp\htdocs\blog\vendor\codeigniter4\framework\system\CodeIgniter.php(404): CodeIgniter\CodeIgniter->runController(Object(App\Controllers\Admin\Posts))
#12 C:\xampp\htdocs\blog\vendor\codeigniter4\framework\system\CodeIgniter.php(312): CodeIgniter\CodeIgniter->handleRequest(NULL, Object(Config\Cache), false)
#13 C:\xampp\htdocs\blog\public\index.php(45): CodeIgniter\CodeIgniter->run()
#14 {main}
CRITICAL - 2020-09-20 08:07:58 --> Too few arguments to function CodeIgniter\CodeIgniter::Config\{closure}(), 0 passed in C:\xampp\htdocs\blog\vendor\codeigniter4\framework\system\CodeIgniter.php on line 859 and exactly 1 expected
#0 C:\xampp\htdocs\blog\vendor\codeigniter4\framework\system\CodeIgniter.php(859): CodeIgniter\CodeIgniter->Config\{closure}()
#1 C:\xampp\htdocs\blog\vendor\codeigniter4\framework\system\CodeIgniter.php(394): CodeIgniter\CodeIgniter->startController()
#2 C:\xampp\htdocs\blog\vendor\codeigniter4\framework\system\CodeIgniter.php(312): CodeIgniter\CodeIgniter->handleRequest(NULL, Object(Config\Cache), false)
#3 C:\xampp\htdocs\blog\public\index.php(45): CodeIgniter\CodeIgniter->run()
#4 {main}
CRITICAL - 2020-09-20 08:08:29 -->  route cannot be found while reverse-routing.
#0 C:\xampp\htdocs\blog\vendor\codeigniter4\framework\system\HTTP\RedirectResponse.php(92): CodeIgniter\HTTP\Exceptions\HTTPException::forInvalidRedirectRoute('')
#1 C:\xampp\htdocs\blog\vendor\codeigniter4\framework\system\Common.php(845): CodeIgniter\HTTP\RedirectResponse->route(false)
#2 C:\xampp\htdocs\blog\app\Config\Routes.php(43): redirect('/admin/post/lis...')
#3 C:\xampp\htdocs\blog\vendor\codeigniter4\framework\system\CodeIgniter.php(859): CodeIgniter\CodeIgniter->Config\{closure}()
#4 C:\xampp\htdocs\blog\vendor\codeigniter4\framework\system\CodeIgniter.php(394): CodeIgniter\CodeIgniter->startController()
#5 C:\xampp\htdocs\blog\vendor\codeigniter4\framework\system\CodeIgniter.php(312): CodeIgniter\CodeIgniter->handleRequest(NULL, Object(Config\Cache), false)
#6 C:\xampp\htdocs\blog\public\index.php(45): CodeIgniter\CodeIgniter->run()
#7 {main}
CRITICAL - 2020-09-20 09:33:56 --> Array to string conversion
#0 C:\xampp\htdocs\blog\app\Controllers\Admin\Posts.php(48): CodeIgniter\Debug\Exceptions->errorHandler(8, 'Array to string...', 'C:\\xampp\\htdocs...', 48, Array)
#1 C:\xampp\htdocs\blog\vendor\codeigniter4\framework\system\CodeIgniter.php(918): App\Controllers\Admin\Posts->add()
#2 C:\xampp\htdocs\blog\vendor\codeigniter4\framework\system\CodeIgniter.php(404): CodeIgniter\CodeIgniter->runController(Object(App\Controllers\Admin\Posts))
#3 C:\xampp\htdocs\blog\vendor\codeigniter4\framework\system\CodeIgniter.php(312): CodeIgniter\CodeIgniter->handleRequest(NULL, Object(Config\Cache), false)
#4 C:\xampp\htdocs\blog\public\index.php(45): CodeIgniter\CodeIgniter->run()
#5 {main}
CRITICAL - 2020-09-20 13:04:37 --> Undefined variable: result
#0 C:\xampp\htdocs\blog\app\Views\admin\pages\categories.php(13): CodeIgniter\Debug\Exceptions->errorHandler(8, 'Undefined varia...', 'C:\\xampp\\htdocs...', 13, Array)
#1 C:\xampp\htdocs\blog\vendor\codeigniter4\framework\system\View\View.php(246): include('C:\\xampp\\htdocs...')
#2 C:\xampp\htdocs\blog\vendor\codeigniter4\framework\system\Common.php(1119): CodeIgniter\View\View->render('admin/pages/cat...', Array, true)
#3 C:\xampp\htdocs\blog\app\Controllers\Admin\Categories.php(8): view('admin/pages/cat...', Array)
#4 C:\xampp\htdocs\blog\vendor\codeigniter4\framework\system\CodeIgniter.php(918): App\Controllers\Admin\Categories->index()
#5 C:\xampp\htdocs\blog\vendor\codeigniter4\framework\system\CodeIgniter.php(404): CodeIgniter\CodeIgniter->runController(Object(App\Controllers\Admin\Categories))
#6 C:\xampp\htdocs\blog\vendor\codeigniter4\framework\system\CodeIgniter.php(312): CodeIgniter\CodeIgniter->handleRequest(NULL, Object(Config\Cache), false)
#7 C:\xampp\htdocs\blog\public\index.php(45): CodeIgniter\CodeIgniter->run()
#8 {main}
CRITICAL - 2020-09-20 13:09:10 --> Table 'blog.categories' doesn't exist
#0 C:\xampp\htdocs\blog\vendor\codeigniter4\framework\system\Database\MySQLi\Connection.php(331): mysqli->query('SELECT *\nFROM `...')
#1 C:\xampp\htdocs\blog\vendor\codeigniter4\framework\system\Database\BaseConnection.php(741): CodeIgniter\Database\MySQLi\Connection->execute('SELECT *\nFROM `...')
#2 C:\xampp\htdocs\blog\vendor\codeigniter4\framework\system\Database\BaseConnection.php(669): CodeIgniter\Database\BaseConnection->simpleQuery('SELECT *\nFROM `...')
#3 C:\xampp\htdocs\blog\vendor\codeigniter4\framework\system\Database\BaseBuilder.php(1860): CodeIgniter\Database\BaseConnection->query('SELECT *\nFROM `...', Array, false)
#4 C:\xampp\htdocs\blog\app\Models\CategoryModel.php(16): CodeIgniter\Database\BaseBuilder->get()
#5 C:\xampp\htdocs\blog\app\Controllers\Admin\Categories.php(14): App\Models\CategoryModel->get_all()
#6 C:\xampp\htdocs\blog\vendor\codeigniter4\framework\system\CodeIgniter.php(918): App\Controllers\Admin\Categories->index()
#7 C:\xampp\htdocs\blog\vendor\codeigniter4\framework\system\CodeIgniter.php(404): CodeIgniter\CodeIgniter->runController(Object(App\Controllers\Admin\Categories))
#8 C:\xampp\htdocs\blog\vendor\codeigniter4\framework\system\CodeIgniter.php(312): CodeIgniter\CodeIgniter->handleRequest(NULL, Object(Config\Cache), false)
#9 C:\xampp\htdocs\blog\public\index.php(45): CodeIgniter\CodeIgniter->run()
#10 {main}
CRITICAL - 2020-09-20 13:10:40 --> Undefined variable: post
#0 C:\xampp\htdocs\blog\app\Views\admin\components\post.php(2): CodeIgniter\Debug\Exceptions->errorHandler(8, 'Undefined varia...', 'C:\\xampp\\htdocs...', 2, Array)
#1 C:\xampp\htdocs\blog\vendor\codeigniter4\framework\system\View\View.php(246): include('C:\\xampp\\htdocs...')
#2 C:\xampp\htdocs\blog\vendor\codeigniter4\framework\system\Common.php(1119): CodeIgniter\View\View->render('admin/component...', Array, true)
#3 C:\xampp\htdocs\blog\app\Libraries\Post.php(5): view('admin/component...', Array)
#4 C:\xampp\htdocs\blog\vendor\codeigniter4\framework\system\View\Cell.php(156): App\Libraries\Post->post_item(Array)
#5 C:\xampp\htdocs\blog\vendor\codeigniter4\framework\system\Common.php(1140): CodeIgniter\View\Cell->render('App\\Libraries\\P...', Array, 0, 'AppLibrariesPos...')
#6 C:\xampp\htdocs\blog\app\Views\admin\pages\categories.php(14): view_cell('App\\Libraries\\P...', Array)
#7 C:\xampp\htdocs\blog\vendor\codeigniter4\framework\system\View\View.php(246): include('C:\\xampp\\htdocs...')
#8 C:\xampp\htdocs\blog\vendor\codeigniter4\framework\system\Common.php(1119): CodeIgniter\View\View->render('admin/pages/cat...', Array, true)
#9 C:\xampp\htdocs\blog\app\Controllers\Admin\Categories.php(15): view('admin/pages/cat...', Array)
#10 C:\xampp\htdocs\blog\vendor\codeigniter4\framework\system\CodeIgniter.php(918): App\Controllers\Admin\Categories->index()
#11 C:\xampp\htdocs\blog\vendor\codeigniter4\framework\system\CodeIgniter.php(404): CodeIgniter\CodeIgniter->runController(Object(App\Controllers\Admin\Categories))
#12 C:\xampp\htdocs\blog\vendor\codeigniter4\framework\system\CodeIgniter.php(312): CodeIgniter\CodeIgniter->handleRequest(NULL, Object(Config\Cache), false)
#13 C:\xampp\htdocs\blog\public\index.php(45): CodeIgniter\CodeIgniter->run()
#14 {main}
CRITICAL - 2020-09-20 15:32:47 --> Undefined variable: categories
#0 C:\xampp\htdocs\blog\app\Views\admin\components\post_form.php(25): CodeIgniter\Debug\Exceptions->errorHandler(8, 'Undefined varia...', 'C:\\xampp\\htdocs...', 25, Array)
#1 C:\xampp\htdocs\blog\vendor\codeigniter4\framework\system\View\View.php(246): include('C:\\xampp\\htdocs...')
#2 C:\xampp\htdocs\blog\vendor\codeigniter4\framework\system\Common.php(1119): CodeIgniter\View\View->render('admin/component...', Array, true)
#3 C:\xampp\htdocs\blog\app\Libraries\Blog.php(8): view('admin/component...', Array)
#4 C:\xampp\htdocs\blog\vendor\codeigniter4\framework\system\View\Cell.php(156): App\Libraries\Blog->post_form(Array)
#5 C:\xampp\htdocs\blog\vendor\codeigniter4\framework\system\Common.php(1140): CodeIgniter\View\Cell->render('App\\Libraries\\B...', Array, 0, 'AppLibrariesBlo...')
#6 C:\xampp\htdocs\blog\app\Views\admin\pages\post_add.php(4): view_cell('App\\Libraries\\B...', Array)
#7 C:\xampp\htdocs\blog\vendor\codeigniter4\framework\system\View\View.php(246): include('C:\\xampp\\htdocs...')
#8 C:\xampp\htdocs\blog\vendor\codeigniter4\framework\system\Common.php(1119): CodeIgniter\View\View->render('admin/pages/pos...', Array, true)
#9 C:\xampp\htdocs\blog\app\Controllers\Admin\Posts.php(22): view('admin/pages/pos...', Array)
#10 C:\xampp\htdocs\blog\vendor\codeigniter4\framework\system\CodeIgniter.php(918): App\Controllers\Admin\Posts->add()
#11 C:\xampp\htdocs\blog\vendor\codeigniter4\framework\system\CodeIgniter.php(404): CodeIgniter\CodeIgniter->runController(Object(App\Controllers\Admin\Posts))
#12 C:\xampp\htdocs\blog\vendor\codeigniter4\framework\system\CodeIgniter.php(312): CodeIgniter\CodeIgniter->handleRequest(NULL, Object(Config\Cache), false)
#13 C:\xampp\htdocs\blog\public\index.php(45): CodeIgniter\CodeIgniter->run()
#14 {main}
CRITICAL - 2020-09-20 15:39:22 --> Undefined variable: categories
#0 C:\xampp\htdocs\blog\app\Views\admin\components\post_form.php(25): CodeIgniter\Debug\Exceptions->errorHandler(8, 'Undefined varia...', 'C:\\xampp\\htdocs...', 25, Array)
#1 C:\xampp\htdocs\blog\vendor\codeigniter4\framework\system\View\View.php(246): include('C:\\xampp\\htdocs...')
#2 C:\xampp\htdocs\blog\vendor\codeigniter4\framework\system\Common.php(1119): CodeIgniter\View\View->render('admin/component...', Array, true)
#3 C:\xampp\htdocs\blog\app\Libraries\Blog.php(8): view('admin/component...', Array)
#4 C:\xampp\htdocs\blog\vendor\codeigniter4\framework\system\View\Cell.php(156): App\Libraries\Blog->post_form(Array)
#5 C:\xampp\htdocs\blog\vendor\codeigniter4\framework\system\Common.php(1140): CodeIgniter\View\Cell->render('App\\Libraries\\B...', Array, 0, 'AppLibrariesBlo...')
#6 C:\xampp\htdocs\blog\app\Views\admin\pages\post_edit.php(4): view_cell('App\\Libraries\\B...', Array)
#7 C:\xampp\htdocs\blog\vendor\codeigniter4\framework\system\View\View.php(246): include('C:\\xampp\\htdocs...')
#8 C:\xampp\htdocs\blog\vendor\codeigniter4\framework\system\Common.php(1119): CodeIgniter\View\View->render('admin/pages/pos...', Array, true)
#9 C:\xampp\htdocs\blog\app\Controllers\Admin\Posts.php(72): view('admin/pages/pos...', Array)
#10 C:\xampp\htdocs\blog\vendor\codeigniter4\framework\system\CodeIgniter.php(918): App\Controllers\Admin\Posts->update('1')
#11 C:\xampp\htdocs\blog\vendor\codeigniter4\framework\system\CodeIgniter.php(404): CodeIgniter\CodeIgniter->runController(Object(App\Controllers\Admin\Posts))
#12 C:\xampp\htdocs\blog\vendor\codeigniter4\framework\system\CodeIgniter.php(312): CodeIgniter\CodeIgniter->handleRequest(NULL, Object(Config\Cache), false)
#13 C:\xampp\htdocs\blog\public\index.php(45): CodeIgniter\CodeIgniter->run()
#14 {main}
CRITICAL - 2020-09-20 15:47:37 --> syntax error, unexpected '=>' (T_DOUBLE_ARROW), expecting ')'
#0 C:\xampp\htdocs\blog\vendor\codeigniter4\framework\system\Autoloader\Autoloader.php(296): CodeIgniter\Autoloader\Autoloader->requireFile('C:\\xampp\\htdocs...')
#1 C:\xampp\htdocs\blog\vendor\codeigniter4\framework\system\Autoloader\Autoloader.php(258): CodeIgniter\Autoloader\Autoloader->loadInNamespace('App\\Controllers...')
#2 [internal function]: CodeIgniter\Autoloader\Autoloader->loadClass('App\\Controllers...')
#3 [internal function]: spl_autoload_call('App\\Controllers...')
#4 C:\xampp\htdocs\blog\vendor\codeigniter4\framework\system\CodeIgniter.php(869): class_exists('\\App\\Controller...', true)
#5 C:\xampp\htdocs\blog\vendor\codeigniter4\framework\system\CodeIgniter.php(394): CodeIgniter\CodeIgniter->startController()
#6 C:\xampp\htdocs\blog\vendor\codeigniter4\framework\system\CodeIgniter.php(312): CodeIgniter\CodeIgniter->handleRequest(NULL, Object(Config\Cache), false)
#7 C:\xampp\htdocs\blog\public\index.php(45): CodeIgniter\CodeIgniter->run()
#8 {main}
