CRITICAL - 2020-09-30 09:35:08 --> Undefined index: pos
#0 C:\xampp\htdocs\blog\app\Models\Site\PostModel.php(21): CodeIgniter\Debug\Exceptions->errorHandler(8, 'Undefined index...', 'C:\\xampp\\htdocs...', 21, Array)
#1 C:\xampp\htdocs\blog\app\Controllers\Site\Home.php(81): App\Models\Site\PostModel->searchInPosts('categories', 'categories.id= ...', 'posts.id id,pos...', Array, 'g\xC3\xBCrkan', Array)
#2 C:\xampp\htdocs\blog\vendor\codeigniter4\framework\system\CodeIgniter.php(918): App\Controllers\Site\Home->search()
#3 C:\xampp\htdocs\blog\vendor\codeigniter4\framework\system\CodeIgniter.php(404): CodeIgniter\CodeIgniter->runController(Object(App\Controllers\Site\Home))
#4 C:\xampp\htdocs\blog\vendor\codeigniter4\framework\system\CodeIgniter.php(312): CodeIgniter\CodeIgniter->handleRequest(NULL, Object(Config\Cache), false)
#5 C:\xampp\htdocs\blog\public\index.php(45): CodeIgniter\CodeIgniter->run()
#6 {main}
CRITICAL - 2020-09-30 09:37:17 --> Invalid argument supplied for foreach()
#0 C:\xampp\htdocs\blog\app\Views\site\pages\home.php(11): CodeIgniter\Debug\Exceptions->errorHandler(2, 'Invalid argumen...', 'C:\\xampp\\htdocs...', 11, Array)
#1 C:\xampp\htdocs\blog\vendor\codeigniter4\framework\system\View\View.php(246): include('C:\\xampp\\htdocs...')
#2 C:\xampp\htdocs\blog\vendor\codeigniter4\framework\system\Common.php(1119): CodeIgniter\View\View->render('site/pages/home', Array, true)
#3 C:\xampp\htdocs\blog\app\Controllers\Site\Home.php(85): view('site/pages/home', Array)
#4 C:\xampp\htdocs\blog\vendor\codeigniter4\framework\system\CodeIgniter.php(918): App\Controllers\Site\Home->search()
#5 C:\xampp\htdocs\blog\vendor\codeigniter4\framework\system\CodeIgniter.php(404): CodeIgniter\CodeIgniter->runController(Object(App\Controllers\Site\Home))
#6 C:\xampp\htdocs\blog\vendor\codeigniter4\framework\system\CodeIgniter.php(312): CodeIgniter\CodeIgniter->handleRequest(NULL, Object(Config\Cache), false)
#7 C:\xampp\htdocs\blog\public\index.php(45): CodeIgniter\CodeIgniter->run()
#8 {main}
CRITICAL - 2020-09-30 09:37:42 --> Invalid argument supplied for foreach()
#0 C:\xampp\htdocs\blog\app\Views\site\pages\home.php(11): CodeIgniter\Debug\Exceptions->errorHandler(2, 'Invalid argumen...', 'C:\\xampp\\htdocs...', 11, Array)
#1 C:\xampp\htdocs\blog\vendor\codeigniter4\framework\system\View\View.php(246): include('C:\\xampp\\htdocs...')
#2 C:\xampp\htdocs\blog\vendor\codeigniter4\framework\system\Common.php(1119): CodeIgniter\View\View->render('site/pages/home', Array, true)
#3 C:\xampp\htdocs\blog\app\Controllers\Site\Home.php(85): view('site/pages/home', Array)
#4 C:\xampp\htdocs\blog\vendor\codeigniter4\framework\system\CodeIgniter.php(918): App\Controllers\Site\Home->search()
#5 C:\xampp\htdocs\blog\vendor\codeigniter4\framework\system\CodeIgniter.php(404): CodeIgniter\CodeIgniter->runController(Object(App\Controllers\Site\Home))
#6 C:\xampp\htdocs\blog\vendor\codeigniter4\framework\system\CodeIgniter.php(312): CodeIgniter\CodeIgniter->handleRequest(NULL, Object(Config\Cache), false)
#7 C:\xampp\htdocs\blog\public\index.php(45): CodeIgniter\CodeIgniter->run()
#8 {main}
CRITICAL - 2020-09-30 09:38:43 --> Invalid argument supplied for foreach()
#0 C:\xampp\htdocs\blog\app\Views\site\pages\home.php(11): CodeIgniter\Debug\Exceptions->errorHandler(2, 'Invalid argumen...', 'C:\\xampp\\htdocs...', 11, Array)
#1 C:\xampp\htdocs\blog\vendor\codeigniter4\framework\system\View\View.php(246): include('C:\\xampp\\htdocs...')
#2 C:\xampp\htdocs\blog\vendor\codeigniter4\framework\system\Common.php(1119): CodeIgniter\View\View->render('site/pages/home', Array, true)
#3 C:\xampp\htdocs\blog\app\Controllers\Site\Home.php(85): view('site/pages/home', Array)
#4 C:\xampp\htdocs\blog\vendor\codeigniter4\framework\system\CodeIgniter.php(918): App\Controllers\Site\Home->search()
#5 C:\xampp\htdocs\blog\vendor\codeigniter4\framework\system\CodeIgniter.php(404): CodeIgniter\CodeIgniter->runController(Object(App\Controllers\Site\Home))
#6 C:\xampp\htdocs\blog\vendor\codeigniter4\framework\system\CodeIgniter.php(312): CodeIgniter\CodeIgniter->handleRequest(NULL, Object(Config\Cache), false)
#7 C:\xampp\htdocs\blog\public\index.php(45): CodeIgniter\CodeIgniter->run()
#8 {main}
CRITICAL - 2020-09-30 09:39:32 --> Invalid argument supplied for foreach()
#0 C:\xampp\htdocs\blog\app\Views\site\pages\home.php(11): CodeIgniter\Debug\Exceptions->errorHandler(2, 'Invalid argumen...', 'C:\\xampp\\htdocs...', 11, Array)
#1 C:\xampp\htdocs\blog\vendor\codeigniter4\framework\system\View\View.php(246): include('C:\\xampp\\htdocs...')
#2 C:\xampp\htdocs\blog\vendor\codeigniter4\framework\system\Common.php(1119): CodeIgniter\View\View->render('site/pages/home', Array, true)
#3 C:\xampp\htdocs\blog\app\Controllers\Site\Home.php(79): view('site/pages/home', Array)
#4 C:\xampp\htdocs\blog\vendor\codeigniter4\framework\system\CodeIgniter.php(918): App\Controllers\Site\Home->search()
#5 C:\xampp\htdocs\blog\vendor\codeigniter4\framework\system\CodeIgniter.php(404): CodeIgniter\CodeIgniter->runController(Object(App\Controllers\Site\Home))
#6 C:\xampp\htdocs\blog\vendor\codeigniter4\framework\system\CodeIgniter.php(312): CodeIgniter\CodeIgniter->handleRequest(NULL, Object(Config\Cache), false)
#7 C:\xampp\htdocs\blog\public\index.php(45): CodeIgniter\CodeIgniter->run()
#8 {main}
CRITICAL - 2020-09-30 09:39:36 --> Invalid argument supplied for foreach()
#0 C:\xampp\htdocs\blog\app\Views\site\pages\home.php(11): CodeIgniter\Debug\Exceptions->errorHandler(2, 'Invalid argumen...', 'C:\\xampp\\htdocs...', 11, Array)
#1 C:\xampp\htdocs\blog\vendor\codeigniter4\framework\system\View\View.php(246): include('C:\\xampp\\htdocs...')
#2 C:\xampp\htdocs\blog\vendor\codeigniter4\framework\system\Common.php(1119): CodeIgniter\View\View->render('site/pages/home', Array, true)
#3 C:\xampp\htdocs\blog\app\Controllers\Site\Home.php(79): view('site/pages/home', Array)
#4 C:\xampp\htdocs\blog\vendor\codeigniter4\framework\system\CodeIgniter.php(918): App\Controllers\Site\Home->search()
#5 C:\xampp\htdocs\blog\vendor\codeigniter4\framework\system\CodeIgniter.php(404): CodeIgniter\CodeIgniter->runController(Object(App\Controllers\Site\Home))
#6 C:\xampp\htdocs\blog\vendor\codeigniter4\framework\system\CodeIgniter.php(312): CodeIgniter\CodeIgniter->handleRequest(NULL, Object(Config\Cache), false)
#7 C:\xampp\htdocs\blog\public\index.php(45): CodeIgniter\CodeIgniter->run()
#8 {main}
CRITICAL - 2020-09-30 09:48:32 --> Invalid argument supplied for foreach()
#0 C:\xampp\htdocs\blog\app\Views\site\pages\home.php(11): CodeIgniter\Debug\Exceptions->errorHandler(2, 'Invalid argumen...', 'C:\\xampp\\htdocs...', 11, Array)
#1 C:\xampp\htdocs\blog\vendor\codeigniter4\framework\system\View\View.php(246): include('C:\\xampp\\htdocs...')
#2 C:\xampp\htdocs\blog\vendor\codeigniter4\framework\system\Common.php(1119): CodeIgniter\View\View->render('site/pages/home', Array, true)
#3 C:\xampp\htdocs\blog\app\Controllers\Site\Home.php(78): view('site/pages/home', Array)
#4 C:\xampp\htdocs\blog\vendor\codeigniter4\framework\system\CodeIgniter.php(918): App\Controllers\Site\Home->search()
#5 C:\xampp\htdocs\blog\vendor\codeigniter4\framework\system\CodeIgniter.php(404): CodeIgniter\CodeIgniter->runController(Object(App\Controllers\Site\Home))
#6 C:\xampp\htdocs\blog\vendor\codeigniter4\framework\system\CodeIgniter.php(312): CodeIgniter\CodeIgniter->handleRequest(NULL, Object(Config\Cache), false)
#7 C:\xampp\htdocs\blog\public\index.php(45): CodeIgniter\CodeIgniter->run()
#8 {main}
CRITICAL - 2020-09-30 09:48:54 --> Invalid argument supplied for foreach()
#0 C:\xampp\htdocs\blog\app\Views\site\pages\home.php(11): CodeIgniter\Debug\Exceptions->errorHandler(2, 'Invalid argumen...', 'C:\\xampp\\htdocs...', 11, Array)
#1 C:\xampp\htdocs\blog\vendor\codeigniter4\framework\system\View\View.php(246): include('C:\\xampp\\htdocs...')
#2 C:\xampp\htdocs\blog\vendor\codeigniter4\framework\system\Common.php(1119): CodeIgniter\View\View->render('site/pages/home', Array, true)
#3 C:\xampp\htdocs\blog\app\Controllers\Site\Home.php(77): view('site/pages/home', Array)
#4 C:\xampp\htdocs\blog\vendor\codeigniter4\framework\system\CodeIgniter.php(918): App\Controllers\Site\Home->search()
#5 C:\xampp\htdocs\blog\vendor\codeigniter4\framework\system\CodeIgniter.php(404): CodeIgniter\CodeIgniter->runController(Object(App\Controllers\Site\Home))
#6 C:\xampp\htdocs\blog\vendor\codeigniter4\framework\system\CodeIgniter.php(312): CodeIgniter\CodeIgniter->handleRequest(NULL, Object(Config\Cache), false)
#7 C:\xampp\htdocs\blog\public\index.php(45): CodeIgniter\CodeIgniter->run()
#8 {main}
CRITICAL - 2020-09-30 09:48:56 --> Invalid argument supplied for foreach()
#0 C:\xampp\htdocs\blog\app\Views\site\pages\home.php(11): CodeIgniter\Debug\Exceptions->errorHandler(2, 'Invalid argumen...', 'C:\\xampp\\htdocs...', 11, Array)
#1 C:\xampp\htdocs\blog\vendor\codeigniter4\framework\system\View\View.php(246): include('C:\\xampp\\htdocs...')
#2 C:\xampp\htdocs\blog\vendor\codeigniter4\framework\system\Common.php(1119): CodeIgniter\View\View->render('site/pages/home', Array, true)
#3 C:\xampp\htdocs\blog\app\Controllers\Site\Home.php(77): view('site/pages/home', Array)
#4 C:\xampp\htdocs\blog\vendor\codeigniter4\framework\system\CodeIgniter.php(918): App\Controllers\Site\Home->search()
#5 C:\xampp\htdocs\blog\vendor\codeigniter4\framework\system\CodeIgniter.php(404): CodeIgniter\CodeIgniter->runController(Object(App\Controllers\Site\Home))
#6 C:\xampp\htdocs\blog\vendor\codeigniter4\framework\system\CodeIgniter.php(312): CodeIgniter\CodeIgniter->handleRequest(NULL, Object(Config\Cache), false)
#7 C:\xampp\htdocs\blog\public\index.php(45): CodeIgniter\CodeIgniter->run()
#8 {main}
CRITICAL - 2020-09-30 10:39:45 --> Argument 2 passed to CodeIgniter\Database\BaseBuilder::havingLike() must be of the type string, null given, called in C:\xampp\htdocs\blog\app\Models\Site\PostModel.php on line 21
#0 C:\xampp\htdocs\blog\app\Models\Site\PostModel.php(21): CodeIgniter\Database\BaseBuilder->havingLike('title', NULL)
#1 C:\xampp\htdocs\blog\app\Controllers\Site\Home.php(80): App\Models\Site\PostModel->searchInPosts('categories', 'categories.id= ...', 'posts.id id,pos...', Array, NULL, Array)
#2 C:\xampp\htdocs\blog\vendor\codeigniter4\framework\system\CodeIgniter.php(918): App\Controllers\Site\Home->search()
#3 C:\xampp\htdocs\blog\vendor\codeigniter4\framework\system\CodeIgniter.php(404): CodeIgniter\CodeIgniter->runController(Object(App\Controllers\Site\Home))
#4 C:\xampp\htdocs\blog\vendor\codeigniter4\framework\system\CodeIgniter.php(312): CodeIgniter\CodeIgniter->handleRequest(NULL, Object(Config\Cache), false)
#5 C:\xampp\htdocs\blog\public\index.php(45): CodeIgniter\CodeIgniter->run()
#6 {main}
CRITICAL - 2020-09-30 10:43:02 --> Argument 2 passed to CodeIgniter\Database\BaseBuilder::havingLike() must be of the type string, null given, called in C:\xampp\htdocs\blog\app\Models\Site\PostModel.php on line 21
#0 C:\xampp\htdocs\blog\app\Models\Site\PostModel.php(21): CodeIgniter\Database\BaseBuilder->havingLike('title', NULL)
#1 C:\xampp\htdocs\blog\app\Controllers\Site\Home.php(80): App\Models\Site\PostModel->searchInPosts('categories', 'categories.id= ...', 'posts.id id,pos...', Array, NULL, Array)
#2 C:\xampp\htdocs\blog\vendor\codeigniter4\framework\system\CodeIgniter.php(918): App\Controllers\Site\Home->search()
#3 C:\xampp\htdocs\blog\vendor\codeigniter4\framework\system\CodeIgniter.php(404): CodeIgniter\CodeIgniter->runController(Object(App\Controllers\Site\Home))
#4 C:\xampp\htdocs\blog\vendor\codeigniter4\framework\system\CodeIgniter.php(312): CodeIgniter\CodeIgniter->handleRequest(NULL, Object(Config\Cache), false)
#5 C:\xampp\htdocs\blog\public\index.php(45): CodeIgniter\CodeIgniter->run()
#6 {main}
CRITICAL - 2020-09-30 10:43:34 --> Argument 2 passed to CodeIgniter\Database\BaseBuilder::havingLike() must be of the type string, null given, called in C:\xampp\htdocs\blog\app\Models\Site\PostModel.php on line 21
#0 C:\xampp\htdocs\blog\app\Models\Site\PostModel.php(21): CodeIgniter\Database\BaseBuilder->havingLike('title', NULL)
#1 C:\xampp\htdocs\blog\app\Controllers\Site\Home.php(80): App\Models\Site\PostModel->searchInPosts('categories', 'categories.id= ...', 'posts.id id,pos...', Array, NULL, Array)
#2 C:\xampp\htdocs\blog\vendor\codeigniter4\framework\system\CodeIgniter.php(918): App\Controllers\Site\Home->search()
#3 C:\xampp\htdocs\blog\vendor\codeigniter4\framework\system\CodeIgniter.php(404): CodeIgniter\CodeIgniter->runController(Object(App\Controllers\Site\Home))
#4 C:\xampp\htdocs\blog\vendor\codeigniter4\framework\system\CodeIgniter.php(312): CodeIgniter\CodeIgniter->handleRequest(NULL, Object(Config\Cache), false)
#5 C:\xampp\htdocs\blog\public\index.php(45): CodeIgniter\CodeIgniter->run()
#6 {main}
CRITICAL - 2020-09-30 10:43:50 --> Argument 2 passed to CodeIgniter\Database\BaseBuilder::havingLike() must be of the type string, null given, called in C:\xampp\htdocs\blog\app\Models\Site\PostModel.php on line 21
#0 C:\xampp\htdocs\blog\app\Models\Site\PostModel.php(21): CodeIgniter\Database\BaseBuilder->havingLike('title', NULL)
#1 C:\xampp\htdocs\blog\app\Controllers\Site\Home.php(80): App\Models\Site\PostModel->searchInPosts('categories', 'categories.id= ...', 'posts.id id,pos...', Array, NULL, Array)
#2 C:\xampp\htdocs\blog\vendor\codeigniter4\framework\system\CodeIgniter.php(918): App\Controllers\Site\Home->search()
#3 C:\xampp\htdocs\blog\vendor\codeigniter4\framework\system\CodeIgniter.php(404): CodeIgniter\CodeIgniter->runController(Object(App\Controllers\Site\Home))
#4 C:\xampp\htdocs\blog\vendor\codeigniter4\framework\system\CodeIgniter.php(312): CodeIgniter\CodeIgniter->handleRequest(NULL, Object(Config\Cache), false)
#5 C:\xampp\htdocs\blog\public\index.php(45): CodeIgniter\CodeIgniter->run()
#6 {main}
CRITICAL - 2020-09-30 10:44:02 --> Argument 2 passed to CodeIgniter\Database\BaseBuilder::havingLike() must be of the type string, null given, called in C:\xampp\htdocs\blog\app\Models\Site\PostModel.php on line 21
#0 C:\xampp\htdocs\blog\app\Models\Site\PostModel.php(21): CodeIgniter\Database\BaseBuilder->havingLike('title', NULL)
#1 C:\xampp\htdocs\blog\app\Controllers\Site\Home.php(79): App\Models\Site\PostModel->searchInPosts('categories', 'categories.id= ...', 'posts.id id,pos...', Array, NULL, Array)
#2 C:\xampp\htdocs\blog\vendor\codeigniter4\framework\system\CodeIgniter.php(918): App\Controllers\Site\Home->search()
#3 C:\xampp\htdocs\blog\vendor\codeigniter4\framework\system\CodeIgniter.php(404): CodeIgniter\CodeIgniter->runController(Object(App\Controllers\Site\Home))
#4 C:\xampp\htdocs\blog\vendor\codeigniter4\framework\system\CodeIgniter.php(312): CodeIgniter\CodeIgniter->handleRequest(NULL, Object(Config\Cache), false)
#5 C:\xampp\htdocs\blog\public\index.php(45): CodeIgniter\CodeIgniter->run()
#6 {main}
CRITICAL - 2020-09-30 10:44:53 --> Argument 2 passed to CodeIgniter\Database\BaseBuilder::havingLike() must be of the type string, null given, called in C:\xampp\htdocs\blog\app\Models\Site\PostModel.php on line 21
#0 C:\xampp\htdocs\blog\app\Models\Site\PostModel.php(21): CodeIgniter\Database\BaseBuilder->havingLike('title', NULL)
#1 C:\xampp\htdocs\blog\app\Controllers\Site\Home.php(80): App\Models\Site\PostModel->searchInPosts('categories', 'categories.id= ...', 'posts.id id,pos...', Array, NULL, Array)
#2 C:\xampp\htdocs\blog\vendor\codeigniter4\framework\system\CodeIgniter.php(918): App\Controllers\Site\Home->search()
#3 C:\xampp\htdocs\blog\vendor\codeigniter4\framework\system\CodeIgniter.php(404): CodeIgniter\CodeIgniter->runController(Object(App\Controllers\Site\Home))
#4 C:\xampp\htdocs\blog\vendor\codeigniter4\framework\system\CodeIgniter.php(312): CodeIgniter\CodeIgniter->handleRequest(NULL, Object(Config\Cache), false)
#5 C:\xampp\htdocs\blog\public\index.php(45): CodeIgniter\CodeIgniter->run()
#6 {main}
CRITICAL - 2020-09-30 10:46:14 --> Cannot use isset() on the result of an expression (you can use "null !== expression" instead)
#0 [internal function]: CodeIgniter\Debug\Exceptions->shutdownHandler()
#1 {main}
CRITICAL - 2020-09-30 10:46:33 --> Argument 2 passed to CodeIgniter\Database\BaseBuilder::havingLike() must be of the type string, null given, called in C:\xampp\htdocs\blog\app\Models\Site\PostModel.php on line 21
#0 C:\xampp\htdocs\blog\app\Models\Site\PostModel.php(21): CodeIgniter\Database\BaseBuilder->havingLike('title', NULL)
#1 C:\xampp\htdocs\blog\app\Controllers\Site\Home.php(81): App\Models\Site\PostModel->searchInPosts('categories', 'categories.id= ...', 'posts.id id,pos...', Array, NULL, Array)
#2 C:\xampp\htdocs\blog\vendor\codeigniter4\framework\system\CodeIgniter.php(918): App\Controllers\Site\Home->search()
#3 C:\xampp\htdocs\blog\vendor\codeigniter4\framework\system\CodeIgniter.php(404): CodeIgniter\CodeIgniter->runController(Object(App\Controllers\Site\Home))
#4 C:\xampp\htdocs\blog\vendor\codeigniter4\framework\system\CodeIgniter.php(312): CodeIgniter\CodeIgniter->handleRequest(NULL, Object(Config\Cache), false)
#5 C:\xampp\htdocs\blog\public\index.php(45): CodeIgniter\CodeIgniter->run()
#6 {main}
CRITICAL - 2020-09-30 10:46:43 --> Argument 2 passed to CodeIgniter\Database\BaseBuilder::havingLike() must be of the type string, null given, called in C:\xampp\htdocs\blog\app\Models\Site\PostModel.php on line 21
#0 C:\xampp\htdocs\blog\app\Models\Site\PostModel.php(21): CodeIgniter\Database\BaseBuilder->havingLike('title', NULL)
#1 C:\xampp\htdocs\blog\app\Controllers\Site\Home.php(81): App\Models\Site\PostModel->searchInPosts('categories', 'categories.id= ...', 'posts.id id,pos...', Array, NULL, Array)
#2 C:\xampp\htdocs\blog\vendor\codeigniter4\framework\system\CodeIgniter.php(918): App\Controllers\Site\Home->search()
#3 C:\xampp\htdocs\blog\vendor\codeigniter4\framework\system\CodeIgniter.php(404): CodeIgniter\CodeIgniter->runController(Object(App\Controllers\Site\Home))
#4 C:\xampp\htdocs\blog\vendor\codeigniter4\framework\system\CodeIgniter.php(312): CodeIgniter\CodeIgniter->handleRequest(NULL, Object(Config\Cache), false)
#5 C:\xampp\htdocs\blog\public\index.php(45): CodeIgniter\CodeIgniter->run()
#6 {main}
CRITICAL - 2020-09-30 10:46:57 --> Argument 2 passed to CodeIgniter\Database\BaseBuilder::havingLike() must be of the type string, null given, called in C:\xampp\htdocs\blog\app\Models\Site\PostModel.php on line 21
#0 C:\xampp\htdocs\blog\app\Models\Site\PostModel.php(21): CodeIgniter\Database\BaseBuilder->havingLike('title', NULL)
#1 C:\xampp\htdocs\blog\app\Controllers\Site\Home.php(81): App\Models\Site\PostModel->searchInPosts('categories', 'categories.id= ...', 'posts.id id,pos...', Array, NULL, Array)
#2 C:\xampp\htdocs\blog\vendor\codeigniter4\framework\system\CodeIgniter.php(918): App\Controllers\Site\Home->search()
#3 C:\xampp\htdocs\blog\vendor\codeigniter4\framework\system\CodeIgniter.php(404): CodeIgniter\CodeIgniter->runController(Object(App\Controllers\Site\Home))
#4 C:\xampp\htdocs\blog\vendor\codeigniter4\framework\system\CodeIgniter.php(312): CodeIgniter\CodeIgniter->handleRequest(NULL, Object(Config\Cache), false)
#5 C:\xampp\htdocs\blog\public\index.php(45): CodeIgniter\CodeIgniter->run()
#6 {main}
CRITICAL - 2020-09-30 10:47:11 --> Argument 2 passed to CodeIgniter\Database\BaseBuilder::havingLike() must be of the type string, null given, called in C:\xampp\htdocs\blog\app\Models\Site\PostModel.php on line 21
#0 C:\xampp\htdocs\blog\app\Models\Site\PostModel.php(21): CodeIgniter\Database\BaseBuilder->havingLike('title', NULL)
#1 C:\xampp\htdocs\blog\app\Controllers\Site\Home.php(81): App\Models\Site\PostModel->searchInPosts('categories', 'categories.id= ...', 'posts.id id,pos...', Array, NULL, Array)
#2 C:\xampp\htdocs\blog\vendor\codeigniter4\framework\system\CodeIgniter.php(918): App\Controllers\Site\Home->search()
#3 C:\xampp\htdocs\blog\vendor\codeigniter4\framework\system\CodeIgniter.php(404): CodeIgniter\CodeIgniter->runController(Object(App\Controllers\Site\Home))
#4 C:\xampp\htdocs\blog\vendor\codeigniter4\framework\system\CodeIgniter.php(312): CodeIgniter\CodeIgniter->handleRequest(NULL, Object(Config\Cache), false)
#5 C:\xampp\htdocs\blog\public\index.php(45): CodeIgniter\CodeIgniter->run()
#6 {main}
CRITICAL - 2020-09-30 10:47:24 --> Argument 2 passed to CodeIgniter\Database\BaseBuilder::havingLike() must be of the type string, null given, called in C:\xampp\htdocs\blog\app\Models\Site\PostModel.php on line 21
#0 C:\xampp\htdocs\blog\app\Models\Site\PostModel.php(21): CodeIgniter\Database\BaseBuilder->havingLike('title', NULL)
#1 C:\xampp\htdocs\blog\app\Controllers\Site\Home.php(81): App\Models\Site\PostModel->searchInPosts('categories', 'categories.id= ...', 'posts.id id,pos...', Array, NULL, Array)
#2 C:\xampp\htdocs\blog\vendor\codeigniter4\framework\system\CodeIgniter.php(918): App\Controllers\Site\Home->search()
#3 C:\xampp\htdocs\blog\vendor\codeigniter4\framework\system\CodeIgniter.php(404): CodeIgniter\CodeIgniter->runController(Object(App\Controllers\Site\Home))
#4 C:\xampp\htdocs\blog\vendor\codeigniter4\framework\system\CodeIgniter.php(312): CodeIgniter\CodeIgniter->handleRequest(NULL, Object(Config\Cache), false)
#5 C:\xampp\htdocs\blog\public\index.php(45): CodeIgniter\CodeIgniter->run()
#6 {main}
CRITICAL - 2020-09-30 10:47:33 --> Argument 2 passed to CodeIgniter\Database\BaseBuilder::havingLike() must be of the type string, null given, called in C:\xampp\htdocs\blog\app\Models\Site\PostModel.php on line 21
#0 C:\xampp\htdocs\blog\app\Models\Site\PostModel.php(21): CodeIgniter\Database\BaseBuilder->havingLike('title', NULL)
#1 C:\xampp\htdocs\blog\app\Controllers\Site\Home.php(81): App\Models\Site\PostModel->searchInPosts('categories', 'categories.id= ...', 'posts.id id,pos...', Array, NULL, Array)
#2 C:\xampp\htdocs\blog\vendor\codeigniter4\framework\system\CodeIgniter.php(918): App\Controllers\Site\Home->search()
#3 C:\xampp\htdocs\blog\vendor\codeigniter4\framework\system\CodeIgniter.php(404): CodeIgniter\CodeIgniter->runController(Object(App\Controllers\Site\Home))
#4 C:\xampp\htdocs\blog\vendor\codeigniter4\framework\system\CodeIgniter.php(312): CodeIgniter\CodeIgniter->handleRequest(NULL, Object(Config\Cache), false)
#5 C:\xampp\htdocs\blog\public\index.php(45): CodeIgniter\CodeIgniter->run()
#6 {main}
CRITICAL - 2020-09-30 10:47:54 --> Argument 2 passed to CodeIgniter\Database\BaseBuilder::havingLike() must be of the type string, null given, called in C:\xampp\htdocs\blog\app\Models\Site\PostModel.php on line 21
#0 C:\xampp\htdocs\blog\app\Models\Site\PostModel.php(21): CodeIgniter\Database\BaseBuilder->havingLike('title', NULL)
#1 C:\xampp\htdocs\blog\app\Controllers\Site\Home.php(81): App\Models\Site\PostModel->searchInPosts('categories', 'categories.id= ...', 'posts.id id,pos...', Array, NULL, Array)
#2 C:\xampp\htdocs\blog\vendor\codeigniter4\framework\system\CodeIgniter.php(918): App\Controllers\Site\Home->search()
#3 C:\xampp\htdocs\blog\vendor\codeigniter4\framework\system\CodeIgniter.php(404): CodeIgniter\CodeIgniter->runController(Object(App\Controllers\Site\Home))
#4 C:\xampp\htdocs\blog\vendor\codeigniter4\framework\system\CodeIgniter.php(312): CodeIgniter\CodeIgniter->handleRequest(NULL, Object(Config\Cache), false)
#5 C:\xampp\htdocs\blog\public\index.php(45): CodeIgniter\CodeIgniter->run()
#6 {main}
CRITICAL - 2020-09-30 10:48:52 --> Argument 2 passed to CodeIgniter\Database\BaseBuilder::havingLike() must be of the type string, null given, called in C:\xampp\htdocs\blog\app\Models\Site\PostModel.php on line 21
#0 C:\xampp\htdocs\blog\app\Models\Site\PostModel.php(21): CodeIgniter\Database\BaseBuilder->havingLike('title', NULL)
#1 C:\xampp\htdocs\blog\app\Controllers\Site\Home.php(80): App\Models\Site\PostModel->searchInPosts('categories', 'categories.id= ...', 'posts.id id,pos...', Array, NULL, Array)
#2 C:\xampp\htdocs\blog\vendor\codeigniter4\framework\system\CodeIgniter.php(918): App\Controllers\Site\Home->search()
#3 C:\xampp\htdocs\blog\vendor\codeigniter4\framework\system\CodeIgniter.php(404): CodeIgniter\CodeIgniter->runController(Object(App\Controllers\Site\Home))
#4 C:\xampp\htdocs\blog\vendor\codeigniter4\framework\system\CodeIgniter.php(312): CodeIgniter\CodeIgniter->handleRequest(NULL, Object(Config\Cache), false)
#5 C:\xampp\htdocs\blog\public\index.php(45): CodeIgniter\CodeIgniter->run()
#6 {main}
CRITICAL - 2020-09-30 10:50:14 --> Argument 2 passed to CodeIgniter\Database\BaseBuilder::havingLike() must be of the type string, null given, called in C:\xampp\htdocs\blog\app\Models\Site\PostModel.php on line 21
#0 C:\xampp\htdocs\blog\app\Models\Site\PostModel.php(21): CodeIgniter\Database\BaseBuilder->havingLike('title', NULL)
#1 C:\xampp\htdocs\blog\app\Controllers\Site\Home.php(80): App\Models\Site\PostModel->searchInPosts('categories', 'categories.id= ...', 'posts.id id,pos...', Array, NULL, Array)
#2 C:\xampp\htdocs\blog\vendor\codeigniter4\framework\system\CodeIgniter.php(918): App\Controllers\Site\Home->search()
#3 C:\xampp\htdocs\blog\vendor\codeigniter4\framework\system\CodeIgniter.php(404): CodeIgniter\CodeIgniter->runController(Object(App\Controllers\Site\Home))
#4 C:\xampp\htdocs\blog\vendor\codeigniter4\framework\system\CodeIgniter.php(312): CodeIgniter\CodeIgniter->handleRequest(NULL, Object(Config\Cache), false)
#5 C:\xampp\htdocs\blog\public\index.php(45): CodeIgniter\CodeIgniter->run()
#6 {main}
CRITICAL - 2020-09-30 10:50:14 --> Argument 2 passed to CodeIgniter\Database\BaseBuilder::havingLike() must be of the type string, null given, called in C:\xampp\htdocs\blog\app\Models\Site\PostModel.php on line 21
#0 C:\xampp\htdocs\blog\app\Models\Site\PostModel.php(21): CodeIgniter\Database\BaseBuilder->havingLike('title', NULL)
#1 C:\xampp\htdocs\blog\app\Controllers\Site\Home.php(80): App\Models\Site\PostModel->searchInPosts('categories', 'categories.id= ...', 'posts.id id,pos...', Array, NULL, Array)
#2 C:\xampp\htdocs\blog\vendor\codeigniter4\framework\system\CodeIgniter.php(918): App\Controllers\Site\Home->search()
#3 C:\xampp\htdocs\blog\vendor\codeigniter4\framework\system\CodeIgniter.php(404): CodeIgniter\CodeIgniter->runController(Object(App\Controllers\Site\Home))
#4 C:\xampp\htdocs\blog\vendor\codeigniter4\framework\system\CodeIgniter.php(312): CodeIgniter\CodeIgniter->handleRequest(NULL, Object(Config\Cache), false)
#5 C:\xampp\htdocs\blog\public\index.php(45): CodeIgniter\CodeIgniter->run()
#6 {main}
CRITICAL - 2020-09-30 10:50:27 --> Argument 2 passed to CodeIgniter\Database\BaseBuilder::havingLike() must be of the type string, null given, called in C:\xampp\htdocs\blog\app\Models\Site\PostModel.php on line 21
#0 C:\xampp\htdocs\blog\app\Models\Site\PostModel.php(21): CodeIgniter\Database\BaseBuilder->havingLike('title', NULL)
#1 C:\xampp\htdocs\blog\app\Controllers\Site\Home.php(80): App\Models\Site\PostModel->searchInPosts('categories', 'categories.id= ...', 'posts.id id,pos...', Array, NULL, Array)
#2 C:\xampp\htdocs\blog\vendor\codeigniter4\framework\system\CodeIgniter.php(918): App\Controllers\Site\Home->search()
#3 C:\xampp\htdocs\blog\vendor\codeigniter4\framework\system\CodeIgniter.php(404): CodeIgniter\CodeIgniter->runController(Object(App\Controllers\Site\Home))
#4 C:\xampp\htdocs\blog\vendor\codeigniter4\framework\system\CodeIgniter.php(312): CodeIgniter\CodeIgniter->handleRequest(NULL, Object(Config\Cache), false)
#5 C:\xampp\htdocs\blog\public\index.php(45): CodeIgniter\CodeIgniter->run()
#6 {main}
CRITICAL - 2020-09-30 10:50:28 --> Argument 2 passed to CodeIgniter\Database\BaseBuilder::havingLike() must be of the type string, null given, called in C:\xampp\htdocs\blog\app\Models\Site\PostModel.php on line 21
#0 C:\xampp\htdocs\blog\app\Models\Site\PostModel.php(21): CodeIgniter\Database\BaseBuilder->havingLike('title', NULL)
#1 C:\xampp\htdocs\blog\app\Controllers\Site\Home.php(80): App\Models\Site\PostModel->searchInPosts('categories', 'categories.id= ...', 'posts.id id,pos...', Array, NULL, Array)
#2 C:\xampp\htdocs\blog\vendor\codeigniter4\framework\system\CodeIgniter.php(918): App\Controllers\Site\Home->search()
#3 C:\xampp\htdocs\blog\vendor\codeigniter4\framework\system\CodeIgniter.php(404): CodeIgniter\CodeIgniter->runController(Object(App\Controllers\Site\Home))
#4 C:\xampp\htdocs\blog\vendor\codeigniter4\framework\system\CodeIgniter.php(312): CodeIgniter\CodeIgniter->handleRequest(NULL, Object(Config\Cache), false)
#5 C:\xampp\htdocs\blog\public\index.php(45): CodeIgniter\CodeIgniter->run()
#6 {main}
CRITICAL - 2020-09-30 10:50:32 --> Argument 2 passed to CodeIgniter\Database\BaseBuilder::havingLike() must be of the type string, null given, called in C:\xampp\htdocs\blog\app\Models\Site\PostModel.php on line 21
#0 C:\xampp\htdocs\blog\app\Models\Site\PostModel.php(21): CodeIgniter\Database\BaseBuilder->havingLike('title', NULL)
#1 C:\xampp\htdocs\blog\app\Controllers\Site\Home.php(80): App\Models\Site\PostModel->searchInPosts('categories', 'categories.id= ...', 'posts.id id,pos...', Array, NULL, Array)
#2 C:\xampp\htdocs\blog\vendor\codeigniter4\framework\system\CodeIgniter.php(918): App\Controllers\Site\Home->search()
#3 C:\xampp\htdocs\blog\vendor\codeigniter4\framework\system\CodeIgniter.php(404): CodeIgniter\CodeIgniter->runController(Object(App\Controllers\Site\Home))
#4 C:\xampp\htdocs\blog\vendor\codeigniter4\framework\system\CodeIgniter.php(312): CodeIgniter\CodeIgniter->handleRequest(NULL, Object(Config\Cache), false)
#5 C:\xampp\htdocs\blog\public\index.php(45): CodeIgniter\CodeIgniter->run()
#6 {main}
CRITICAL - 2020-09-30 10:52:24 --> Argument 2 passed to CodeIgniter\Database\BaseBuilder::havingLike() must be of the type string, null given, called in C:\xampp\htdocs\blog\app\Models\Site\PostModel.php on line 21
#0 C:\xampp\htdocs\blog\app\Models\Site\PostModel.php(21): CodeIgniter\Database\BaseBuilder->havingLike('title', NULL)
#1 C:\xampp\htdocs\blog\app\Controllers\Site\Home.php(80): App\Models\Site\PostModel->searchInPosts('categories', 'categories.id= ...', 'posts.id id,pos...', Array, NULL, Array)
#2 C:\xampp\htdocs\blog\vendor\codeigniter4\framework\system\CodeIgniter.php(918): App\Controllers\Site\Home->search()
#3 C:\xampp\htdocs\blog\vendor\codeigniter4\framework\system\CodeIgniter.php(404): CodeIgniter\CodeIgniter->runController(Object(App\Controllers\Site\Home))
#4 C:\xampp\htdocs\blog\vendor\codeigniter4\framework\system\CodeIgniter.php(312): CodeIgniter\CodeIgniter->handleRequest(NULL, Object(Config\Cache), false)
#5 C:\xampp\htdocs\blog\public\index.php(45): CodeIgniter\CodeIgniter->run()
#6 {main}
CRITICAL - 2020-09-30 10:52:24 --> Argument 2 passed to CodeIgniter\Database\BaseBuilder::havingLike() must be of the type string, null given, called in C:\xampp\htdocs\blog\app\Models\Site\PostModel.php on line 21
#0 C:\xampp\htdocs\blog\app\Models\Site\PostModel.php(21): CodeIgniter\Database\BaseBuilder->havingLike('title', NULL)
#1 C:\xampp\htdocs\blog\app\Controllers\Site\Home.php(80): App\Models\Site\PostModel->searchInPosts('categories', 'categories.id= ...', 'posts.id id,pos...', Array, NULL, Array)
#2 C:\xampp\htdocs\blog\vendor\codeigniter4\framework\system\CodeIgniter.php(918): App\Controllers\Site\Home->search()
#3 C:\xampp\htdocs\blog\vendor\codeigniter4\framework\system\CodeIgniter.php(404): CodeIgniter\CodeIgniter->runController(Object(App\Controllers\Site\Home))
#4 C:\xampp\htdocs\blog\vendor\codeigniter4\framework\system\CodeIgniter.php(312): CodeIgniter\CodeIgniter->handleRequest(NULL, Object(Config\Cache), false)
#5 C:\xampp\htdocs\blog\public\index.php(45): CodeIgniter\CodeIgniter->run()
#6 {main}
CRITICAL - 2020-09-30 10:53:09 --> Argument 2 passed to CodeIgniter\Database\BaseBuilder::havingLike() must be of the type string, null given, called in C:\xampp\htdocs\blog\app\Models\Site\PostModel.php on line 21
#0 C:\xampp\htdocs\blog\app\Models\Site\PostModel.php(21): CodeIgniter\Database\BaseBuilder->havingLike('title', NULL)
#1 C:\xampp\htdocs\blog\app\Controllers\Site\Home.php(80): App\Models\Site\PostModel->searchInPosts('categories', 'categories.id= ...', 'posts.id id,pos...', Array, NULL, Array)
#2 C:\xampp\htdocs\blog\vendor\codeigniter4\framework\system\CodeIgniter.php(918): App\Controllers\Site\Home->search()
#3 C:\xampp\htdocs\blog\vendor\codeigniter4\framework\system\CodeIgniter.php(404): CodeIgniter\CodeIgniter->runController(Object(App\Controllers\Site\Home))
#4 C:\xampp\htdocs\blog\vendor\codeigniter4\framework\system\CodeIgniter.php(312): CodeIgniter\CodeIgniter->handleRequest(NULL, Object(Config\Cache), false)
#5 C:\xampp\htdocs\blog\public\index.php(45): CodeIgniter\CodeIgniter->run()
#6 {main}
CRITICAL - 2020-09-30 10:53:13 --> Argument 2 passed to CodeIgniter\Database\BaseBuilder::havingLike() must be of the type string, null given, called in C:\xampp\htdocs\blog\app\Models\Site\PostModel.php on line 21
#0 C:\xampp\htdocs\blog\app\Models\Site\PostModel.php(21): CodeIgniter\Database\BaseBuilder->havingLike('title', NULL)
#1 C:\xampp\htdocs\blog\app\Controllers\Site\Home.php(80): App\Models\Site\PostModel->searchInPosts('categories', 'categories.id= ...', 'posts.id id,pos...', Array, NULL, Array)
#2 C:\xampp\htdocs\blog\vendor\codeigniter4\framework\system\CodeIgniter.php(918): App\Controllers\Site\Home->search()
#3 C:\xampp\htdocs\blog\vendor\codeigniter4\framework\system\CodeIgniter.php(404): CodeIgniter\CodeIgniter->runController(Object(App\Controllers\Site\Home))
#4 C:\xampp\htdocs\blog\vendor\codeigniter4\framework\system\CodeIgniter.php(312): CodeIgniter\CodeIgniter->handleRequest(NULL, Object(Config\Cache), false)
#5 C:\xampp\htdocs\blog\public\index.php(45): CodeIgniter\CodeIgniter->run()
#6 {main}
CRITICAL - 2020-09-30 10:53:22 --> Argument 2 passed to CodeIgniter\Database\BaseBuilder::havingLike() must be of the type string, null given, called in C:\xampp\htdocs\blog\app\Models\Site\PostModel.php on line 21
#0 C:\xampp\htdocs\blog\app\Models\Site\PostModel.php(21): CodeIgniter\Database\BaseBuilder->havingLike('title', NULL)
#1 C:\xampp\htdocs\blog\app\Controllers\Site\Home.php(80): App\Models\Site\PostModel->searchInPosts('categories', 'categories.id= ...', 'posts.id id,pos...', Array, NULL, Array)
#2 C:\xampp\htdocs\blog\vendor\codeigniter4\framework\system\CodeIgniter.php(918): App\Controllers\Site\Home->search()
#3 C:\xampp\htdocs\blog\vendor\codeigniter4\framework\system\CodeIgniter.php(404): CodeIgniter\CodeIgniter->runController(Object(App\Controllers\Site\Home))
#4 C:\xampp\htdocs\blog\vendor\codeigniter4\framework\system\CodeIgniter.php(312): CodeIgniter\CodeIgniter->handleRequest(NULL, Object(Config\Cache), false)
#5 C:\xampp\htdocs\blog\public\index.php(45): CodeIgniter\CodeIgniter->run()
#6 {main}
CRITICAL - 2020-09-30 10:53:30 --> Argument 2 passed to CodeIgniter\Database\BaseBuilder::havingLike() must be of the type string, null given, called in C:\xampp\htdocs\blog\app\Models\Site\PostModel.php on line 21
#0 C:\xampp\htdocs\blog\app\Models\Site\PostModel.php(21): CodeIgniter\Database\BaseBuilder->havingLike('title', NULL)
#1 C:\xampp\htdocs\blog\app\Controllers\Site\Home.php(79): App\Models\Site\PostModel->searchInPosts('categories', 'categories.id= ...', 'posts.id id,pos...', Array, NULL, Array)
#2 C:\xampp\htdocs\blog\vendor\codeigniter4\framework\system\CodeIgniter.php(918): App\Controllers\Site\Home->search()
#3 C:\xampp\htdocs\blog\vendor\codeigniter4\framework\system\CodeIgniter.php(404): CodeIgniter\CodeIgniter->runController(Object(App\Controllers\Site\Home))
#4 C:\xampp\htdocs\blog\vendor\codeigniter4\framework\system\CodeIgniter.php(312): CodeIgniter\CodeIgniter->handleRequest(NULL, Object(Config\Cache), false)
#5 C:\xampp\htdocs\blog\public\index.php(45): CodeIgniter\CodeIgniter->run()
#6 {main}
CRITICAL - 2020-09-30 11:38:58 --> Argument 2 passed to CodeIgniter\Database\BaseBuilder::havingLike() must be of the type string, null given, called in C:\xampp\htdocs\blog\app\Models\Site\PostModel.php on line 21
#0 C:\xampp\htdocs\blog\app\Models\Site\PostModel.php(21): CodeIgniter\Database\BaseBuilder->havingLike('title', NULL)
#1 C:\xampp\htdocs\blog\app\Controllers\Site\Home.php(79): App\Models\Site\PostModel->searchInPosts('categories', 'categories.id= ...', 'posts.id id,pos...', Array, NULL, Array)
#2 C:\xampp\htdocs\blog\vendor\codeigniter4\framework\system\CodeIgniter.php(918): App\Controllers\Site\Home->search()
#3 C:\xampp\htdocs\blog\vendor\codeigniter4\framework\system\CodeIgniter.php(404): CodeIgniter\CodeIgniter->runController(Object(App\Controllers\Site\Home))
#4 C:\xampp\htdocs\blog\vendor\codeigniter4\framework\system\CodeIgniter.php(312): CodeIgniter\CodeIgniter->handleRequest(NULL, Object(Config\Cache), false)
#5 C:\xampp\htdocs\blog\public\index.php(45): CodeIgniter\CodeIgniter->run()
#6 {main}
CRITICAL - 2020-09-30 11:38:58 --> Argument 2 passed to CodeIgniter\Database\BaseBuilder::havingLike() must be of the type string, null given, called in C:\xampp\htdocs\blog\app\Models\Site\PostModel.php on line 21
#0 C:\xampp\htdocs\blog\app\Models\Site\PostModel.php(21): CodeIgniter\Database\BaseBuilder->havingLike('title', NULL)
#1 C:\xampp\htdocs\blog\app\Controllers\Site\Home.php(79): App\Models\Site\PostModel->searchInPosts('categories', 'categories.id= ...', 'posts.id id,pos...', Array, NULL, Array)
#2 C:\xampp\htdocs\blog\vendor\codeigniter4\framework\system\CodeIgniter.php(918): App\Controllers\Site\Home->search()
#3 C:\xampp\htdocs\blog\vendor\codeigniter4\framework\system\CodeIgniter.php(404): CodeIgniter\CodeIgniter->runController(Object(App\Controllers\Site\Home))
#4 C:\xampp\htdocs\blog\vendor\codeigniter4\framework\system\CodeIgniter.php(312): CodeIgniter\CodeIgniter->handleRequest(NULL, Object(Config\Cache), false)
#5 C:\xampp\htdocs\blog\public\index.php(45): CodeIgniter\CodeIgniter->run()
#6 {main}
CRITICAL - 2020-09-30 11:39:54 --> Argument 2 passed to CodeIgniter\Database\BaseBuilder::havingLike() must be of the type string, null given, called in C:\xampp\htdocs\blog\app\Models\Site\PostModel.php on line 21
#0 C:\xampp\htdocs\blog\app\Models\Site\PostModel.php(21): CodeIgniter\Database\BaseBuilder->havingLike('title', NULL)
#1 C:\xampp\htdocs\blog\app\Controllers\Site\Home.php(80): App\Models\Site\PostModel->searchInPosts('categories', 'categories.id= ...', 'posts.id id,pos...', Array, NULL, Array)
#2 C:\xampp\htdocs\blog\vendor\codeigniter4\framework\system\CodeIgniter.php(918): App\Controllers\Site\Home->search()
#3 C:\xampp\htdocs\blog\vendor\codeigniter4\framework\system\CodeIgniter.php(404): CodeIgniter\CodeIgniter->runController(Object(App\Controllers\Site\Home))
#4 C:\xampp\htdocs\blog\vendor\codeigniter4\framework\system\CodeIgniter.php(312): CodeIgniter\CodeIgniter->handleRequest(NULL, Object(Config\Cache), false)
#5 C:\xampp\htdocs\blog\public\index.php(45): CodeIgniter\CodeIgniter->run()
#6 {main}
